INFO: 2018-08-15 14:38:07,566:DartRunner.py:108: Logfile is /root/Dart/log/DartRunner-2018-08-15-143807.log
INFO: 2018-08-15 14:38:07,570:DartRunner.py:109: Current Process Id: 7090
INFO: 2018-08-15 14:38:07,575:DartRunner.py:170: clusterList = dart-main-sls12-03 
INFO: 2018-08-15 14:38:07,575:DartRunner.py:178: dart-main-sls12-03
INFO: 2018-08-15 14:38:07,582:DartRunner.py:108: Logfile is /root/Dart/log/DartRunner-2018-08-15-143807.log
INFO: 2018-08-15 14:38:07,582:DartRunner.py:109: Current Process Id: 7093
INFO: 2018-08-15 14:38:07,583:DartRunner.py:170: clusterList = dart-main-sls12-03 
INFO: 2018-08-15 14:38:07,583:DartRunner.py:178: dart-main-sls12-03
INFO: 2018-08-15 14:38:07,769:DartRunner.py:108: Logfile is /root/Dart/log/DartRunner-2018-08-15-143807.log
INFO: 2018-08-15 14:38:07,770:DartRunner.py:109: Current Process Id: 7100
INFO: 2018-08-15 14:38:07,770:DartRunner.py:170: clusterList = dart-main-sls12-03 
INFO: 2018-08-15 14:38:07,771:DartRunner.py:178: dart-main-sls12-03
INFO: 2018-08-15 14:38:07,823:DartRunner.py:108: Logfile is /root/Dart/log/DartRunner-2018-08-15-143807.log
INFO: 2018-08-15 14:38:07,825:DartRunner.py:109: Current Process Id: 7110
INFO: 2018-08-15 14:38:07,834:DartRunner.py:170: clusterList = dart-main-sls12-03 
INFO: 2018-08-15 14:38:07,834:DartRunner.py:178: dart-main-sls12-03
INFO: 2018-08-15 14:38:07,866:DartRunner.py:108: Logfile is /root/Dart/log/DartRunner-2018-08-15-143807.log
INFO: 2018-08-15 14:38:07,866:DartRunner.py:109: Current Process Id: 7118
INFO: 2018-08-15 14:38:07,867:DartRunner.py:170: clusterList = dart-main-sls12-03 
INFO: 2018-08-15 14:38:07,870:DartRunner.py:178: dart-main-sls12-03
INFO: 2018-08-15 14:38:07,897:DartRunner.py:108: Logfile is /root/Dart/log/DartRunner-2018-08-15-143807.log
INFO: 2018-08-15 14:38:07,898:DartRunner.py:109: Current Process Id: 7126
INFO: 2018-08-15 14:38:07,899:DartRunner.py:170: clusterList = dart-main-sls12-03 
INFO: 2018-08-15 14:38:07,901:DartRunner.py:178: dart-main-sls12-03
INFO: 2018-08-15 14:38:10,286:DartRunner.py:2008: NAME      READY     STATUS             RESTARTS   AGE
consul    1/1       Running            0          18h
queen     17/18     CrashLoopBackOff   159        18h
worker1   7/7       Running            0          18h
worker2   7/7       Running            0          18h

INFO: 2018-08-15 14:38:10,333:DartRunner.py:2008: NAME      READY     STATUS             RESTARTS   AGE
consul    1/1       Running            0          18h
queen     17/18     CrashLoopBackOff   159        18h
worker1   7/7       Running            0          18h
worker2   7/7       Running            0          18h

INFO: 2018-08-15 14:38:10,379:DartRunner.py:2008: NAME      READY     STATUS             RESTARTS   AGE
consul    1/1       Running            0          18h
queen     17/18     CrashLoopBackOff   159        18h
worker1   7/7       Running            0          18h
worker2   7/7       Running            0          18h

INFO: 2018-08-15 14:38:10,396:DartRunner.py:2008: NAME      READY     STATUS             RESTARTS   AGE
consul    1/1       Running            0          18h
queen     17/18     CrashLoopBackOff   159        18h
worker1   7/7       Running            0          18h
worker2   7/7       Running            0          18h

INFO: 2018-08-15 14:38:10,397:DartRunner.py:2008: NAME      READY     STATUS             RESTARTS   AGE
consul    1/1       Running            0          18h
queen     17/18     CrashLoopBackOff   159        18h
worker1   7/7       Running            0          18h
worker2   7/7       Running            0          18h

INFO: 2018-08-15 14:38:10,400:DartRunner.py:2037: consul
INFO: 2018-08-15 14:38:10,400:DartRunner.py:2037: queen
INFO: 2018-08-15 14:38:10,400:DartRunner.py:2043: kubectl get -o template po queen --namespace=cloud-aster --template={{.spec.nodeName}}
INFO: 2018-08-15 14:38:10,447:DartRunner.py:2037: consul
INFO: 2018-08-15 14:38:10,447:DartRunner.py:2037: queen
INFO: 2018-08-15 14:38:10,447:DartRunner.py:2043: kubectl get -o template po queen --namespace=cloud-aster --template={{.spec.nodeName}}
INFO: 2018-08-15 14:38:10,455:DartRunner.py:2008: NAME      READY     STATUS             RESTARTS   AGE
consul    1/1       Running            0          18h
queen     17/18     CrashLoopBackOff   159        18h
worker1   7/7       Running            0          18h
worker2   7/7       Running            0          18h

INFO: 2018-08-15 14:38:10,493:DartRunner.py:2037: consul
INFO: 2018-08-15 14:38:10,493:DartRunner.py:2037: queen
INFO: 2018-08-15 14:38:10,494:DartRunner.py:2043: kubectl get -o template po queen --namespace=cloud-aster --template={{.spec.nodeName}}
INFO: 2018-08-15 14:38:10,510:DartRunner.py:2037: consul
INFO: 2018-08-15 14:38:10,511:DartRunner.py:2037: queen
INFO: 2018-08-15 14:38:10,511:DartRunner.py:2043: kubectl get -o template po queen --namespace=cloud-aster --template={{.spec.nodeName}}
INFO: 2018-08-15 14:38:10,513:DartRunner.py:2037: consul
INFO: 2018-08-15 14:38:10,513:DartRunner.py:2037: queen
INFO: 2018-08-15 14:38:10,513:DartRunner.py:2043: kubectl get -o template po queen --namespace=cloud-aster --template={{.spec.nodeName}}
INFO: 2018-08-15 14:38:10,519:DartRunner.py:2037: consul
INFO: 2018-08-15 14:38:10,520:DartRunner.py:2037: queen
INFO: 2018-08-15 14:38:10,520:DartRunner.py:2043: kubectl get -o template po queen --namespace=cloud-aster --template={{.spec.nodeName}}
INFO: 2018-08-15 14:38:11,448:DartRunner.py:2008: 10.25.83.51
INFO: 2018-08-15 14:38:11,450:DartRunner.py:2008: 10.25.83.51
INFO: 2018-08-15 14:38:11,463:DartRunner.py:2008: 10.25.83.51
INFO: 2018-08-15 14:38:11,492:DartRunner.py:2008: 10.25.83.51
INFO: 2018-08-15 14:38:11,509:DartRunner.py:2008: 10.25.83.51
INFO: 2018-08-15 14:38:11,525:DartRunner.py:2008: 10.25.83.51
INFO: 2018-08-15 14:38:11,563:DartRunner.py:2045: 10.25.83.51
INFO: 2018-08-15 14:38:11,563:DartRunner.py:2048: 10.25.83.51
INFO: 2018-08-15 14:38:11,563:DartRunner.py:2037: worker1
INFO: 2018-08-15 14:38:11,563:DartRunner.py:2043: kubectl get -o template po worker1 --namespace=cloud-aster --template={{.spec.nodeName}}
INFO: 2018-08-15 14:38:11,564:DartRunner.py:2045: 10.25.83.51
INFO: 2018-08-15 14:38:11,565:DartRunner.py:2048: 10.25.83.51
INFO: 2018-08-15 14:38:11,565:DartRunner.py:2037: worker1
INFO: 2018-08-15 14:38:11,565:DartRunner.py:2043: kubectl get -o template po worker1 --namespace=cloud-aster --template={{.spec.nodeName}}
INFO: 2018-08-15 14:38:11,577:DartRunner.py:2045: 10.25.83.51
INFO: 2018-08-15 14:38:11,577:DartRunner.py:2048: 10.25.83.51
INFO: 2018-08-15 14:38:11,577:DartRunner.py:2037: worker1
INFO: 2018-08-15 14:38:11,577:DartRunner.py:2043: kubectl get -o template po worker1 --namespace=cloud-aster --template={{.spec.nodeName}}
INFO: 2018-08-15 14:38:11,606:DartRunner.py:2045: 10.25.83.51
INFO: 2018-08-15 14:38:11,606:DartRunner.py:2048: 10.25.83.51
INFO: 2018-08-15 14:38:11,607:DartRunner.py:2037: worker1
INFO: 2018-08-15 14:38:11,607:DartRunner.py:2043: kubectl get -o template po worker1 --namespace=cloud-aster --template={{.spec.nodeName}}
INFO: 2018-08-15 14:38:11,624:DartRunner.py:2045: 10.25.83.51
INFO: 2018-08-15 14:38:11,624:DartRunner.py:2048: 10.25.83.51
INFO: 2018-08-15 14:38:11,624:DartRunner.py:2037: worker1
INFO: 2018-08-15 14:38:11,624:DartRunner.py:2043: kubectl get -o template po worker1 --namespace=cloud-aster --template={{.spec.nodeName}}
INFO: 2018-08-15 14:38:11,639:DartRunner.py:2045: 10.25.83.51
INFO: 2018-08-15 14:38:11,639:DartRunner.py:2048: 10.25.83.51
INFO: 2018-08-15 14:38:11,639:DartRunner.py:2037: worker1
INFO: 2018-08-15 14:38:11,640:DartRunner.py:2043: kubectl get -o template po worker1 --namespace=cloud-aster --template={{.spec.nodeName}}
INFO: 2018-08-15 14:38:12,490:DartRunner.py:2008: 10.25.83.52
INFO: 2018-08-15 14:38:12,544:DartRunner.py:2008: 10.25.83.52
INFO: 2018-08-15 14:38:12,547:DartRunner.py:2008: 10.25.83.52
INFO: 2018-08-15 14:38:12,567:DartRunner.py:2008: 10.25.83.52
INFO: 2018-08-15 14:38:12,596:DartRunner.py:2008: 10.25.83.52
INFO: 2018-08-15 14:38:12,604:DartRunner.py:2045: 10.25.83.52
INFO: 2018-08-15 14:38:12,605:DartRunner.py:2048: 10.25.83.52
INFO: 2018-08-15 14:38:12,605:DartRunner.py:2037: worker2
INFO: 2018-08-15 14:38:12,605:DartRunner.py:2043: kubectl get -o template po worker2 --namespace=cloud-aster --template={{.spec.nodeName}}
INFO: 2018-08-15 14:38:12,640:DartRunner.py:2008: 10.25.83.52
INFO: 2018-08-15 14:38:12,658:DartRunner.py:2045: 10.25.83.52
INFO: 2018-08-15 14:38:12,658:DartRunner.py:2048: 10.25.83.52
INFO: 2018-08-15 14:38:12,658:DartRunner.py:2037: worker2
INFO: 2018-08-15 14:38:12,658:DartRunner.py:2043: kubectl get -o template po worker2 --namespace=cloud-aster --template={{.spec.nodeName}}
INFO: 2018-08-15 14:38:12,660:DartRunner.py:2045: 10.25.83.52
INFO: 2018-08-15 14:38:12,660:DartRunner.py:2048: 10.25.83.52
INFO: 2018-08-15 14:38:12,660:DartRunner.py:2037: worker2
INFO: 2018-08-15 14:38:12,660:DartRunner.py:2043: kubectl get -o template po worker2 --namespace=cloud-aster --template={{.spec.nodeName}}
INFO: 2018-08-15 14:38:12,661:DartRunner.py:2045: 10.25.83.52
INFO: 2018-08-15 14:38:12,661:DartRunner.py:2048: 10.25.83.52
INFO: 2018-08-15 14:38:12,661:DartRunner.py:2037: worker2
INFO: 2018-08-15 14:38:12,661:DartRunner.py:2043: kubectl get -o template po worker2 --namespace=cloud-aster --template={{.spec.nodeName}}
INFO: 2018-08-15 14:38:12,681:DartRunner.py:2045: 10.25.83.52
INFO: 2018-08-15 14:38:12,681:DartRunner.py:2048: 10.25.83.52
INFO: 2018-08-15 14:38:12,681:DartRunner.py:2037: worker2
INFO: 2018-08-15 14:38:12,681:DartRunner.py:2043: kubectl get -o template po worker2 --namespace=cloud-aster --template={{.spec.nodeName}}
INFO: 2018-08-15 14:38:12,754:DartRunner.py:2045: 10.25.83.52
INFO: 2018-08-15 14:38:12,754:DartRunner.py:2048: 10.25.83.52
INFO: 2018-08-15 14:38:12,755:DartRunner.py:2037: worker2
INFO: 2018-08-15 14:38:12,755:DartRunner.py:2043: kubectl get -o template po worker2 --namespace=cloud-aster --template={{.spec.nodeName}}
INFO: 2018-08-15 14:38:13,643:DartRunner.py:2008: 10.25.83.53
INFO: 2018-08-15 14:38:13,655:DartRunner.py:2008: 10.25.83.53
INFO: 2018-08-15 14:38:13,674:DartRunner.py:2008: 10.25.83.53
INFO: 2018-08-15 14:38:13,674:DartRunner.py:2008: 10.25.83.53
INFO: 2018-08-15 14:38:13,675:DartRunner.py:2008: 10.25.83.53
INFO: 2018-08-15 14:38:13,733:DartRunner.py:2008: 10.25.83.53
INFO: 2018-08-15 14:38:13,757:DartRunner.py:2045: 10.25.83.53
INFO: 2018-08-15 14:38:13,757:DartRunner.py:2048: 10.25.83.53
INFO: 2018-08-15 14:38:13,757:DartRunner.py:2077: ['10.25.83.51']
INFO: 2018-08-15 14:38:13,757:DartRunner.py:2078: ['10.25.83.52', '10.25.83.53']
INFO: 2018-08-15 14:38:13,758:DartRunner.py:247: /root/Dart/testset/OneTest.tst
INFO: 2018-08-15 14:38:13,758:DartRunner.py:258: Scanning File: /root/Dart/testset/OneTest.tst 
INFO: 2018-08-15 14:38:13,758:DartRunner.py:273: Reading tempRunFile : /tmp/OneTest.tst
INFO: 2018-08-15 14:38:13,759:DartRunner.py:2944: DockerHealth: ClusterHealthdevops_installer/docker/ClusterHealth                     
INFO: 2018-08-15 14:38:13,759:DartRunner.py:361: OrderedDict([(u'Install', [OrderedDict([(u'NAME', u'AsterInstallOnK8s'), (u'TIMEOUT', 7200), (u'LOCATION', u'devops_installer/docker/AsterInstallOnK8s'), (u'WORKERPOD_COUNT', 2), (u'PARTITIONS_PER_WORKERPOD', 2), (u'localRegistry', u'False'), (u'deleteDockerImages', u'True'), (u'dockerRepoPath', u'asterdata/beehive/drops/ci/08.00.00.01-806f9cc5'), (u'dockerRepoTag', u'08.00.00.01-806f9cc5'), (u'dockerRepoUser', u'da230151'), (u'dockerRepoPassword', u'APB4dyNjaZ5Dr6gRKDoy8vGDcQt'), (u'dockerRepoEmail', u'da230151@teradata.com'), (u'dockerRepoHost', u'sdartifact.td.teradata.com'), (u'OWNER', u'naveen.williams'), (u'CATEGORY', u'positive'), (u'PRIORITY', u'1'), (u'COMPONENT', u'devops_installer/docker')])])])
INFO: 2018-08-15 14:38:13,769:DartRunner.py:2045: 10.25.83.53
INFO: 2018-08-15 14:38:13,769:DartRunner.py:2048: 10.25.83.53
INFO: 2018-08-15 14:38:13,770:DartRunner.py:2077: ['10.25.83.51']
INFO: 2018-08-15 14:38:13,770:DartRunner.py:2078: ['10.25.83.52', '10.25.83.53']
INFO: 2018-08-15 14:38:13,770:DartRunner.py:247: /root/Dart/testset/OneTest.tst
INFO: 2018-08-15 14:38:13,770:DartRunner.py:258: Scanning File: /root/Dart/testset/OneTest.tst 
INFO: 2018-08-15 14:38:13,770:DartRunner.py:273: Reading tempRunFile : /tmp/OneTest.tst
INFO: 2018-08-15 14:38:13,771:DartRunner.py:2944: DockerHealth: ClusterHealthdevops_installer/docker/ClusterHealth                     
INFO: 2018-08-15 14:38:13,772:DartRunner.py:361: OrderedDict([(u'Install', [OrderedDict([(u'NAME', u'AsterInstallOnK8s'), (u'TIMEOUT', 7200), (u'LOCATION', u'devops_installer/docker/AsterInstallOnK8s'), (u'WORKERPOD_COUNT', 2), (u'PARTITIONS_PER_WORKERPOD', 2), (u'localRegistry', u'False'), (u'deleteDockerImages', u'True'), (u'dockerRepoPath', u'asterdata/beehive/drops/ci/08.00.00.01-806f9cc5'), (u'dockerRepoTag', u'08.00.00.01-806f9cc5'), (u'dockerRepoUser', u'da230151'), (u'dockerRepoPassword', u'APB4dyNjaZ5Dr6gRKDoy8vGDcQt'), (u'dockerRepoEmail', u'da230151@teradata.com'), (u'dockerRepoHost', u'sdartifact.td.teradata.com'), (u'OWNER', u'naveen.williams'), (u'CATEGORY', u'positive'), (u'PRIORITY', u'1'), (u'COMPONENT', u'devops_installer/docker')])])])
INFO: 2018-08-15 14:38:13,788:DartRunner.py:2045: 10.25.83.53
INFO: 2018-08-15 14:38:13,788:DartRunner.py:2045: 10.25.83.53
INFO: 2018-08-15 14:38:13,789:DartRunner.py:2045: 10.25.83.53
INFO: 2018-08-15 14:38:13,789:DartRunner.py:2048: 10.25.83.53
INFO: 2018-08-15 14:38:13,789:DartRunner.py:2048: 10.25.83.53
INFO: 2018-08-15 14:38:13,789:DartRunner.py:2048: 10.25.83.53
INFO: 2018-08-15 14:38:13,789:DartRunner.py:2077: ['10.25.83.51']
INFO: 2018-08-15 14:38:13,789:DartRunner.py:2077: ['10.25.83.51']
INFO: 2018-08-15 14:38:13,789:DartRunner.py:2077: ['10.25.83.51']
INFO: 2018-08-15 14:38:13,790:DartRunner.py:2078: ['10.25.83.52', '10.25.83.53']
INFO: 2018-08-15 14:38:13,790:DartRunner.py:2078: ['10.25.83.52', '10.25.83.53']
INFO: 2018-08-15 14:38:13,790:DartRunner.py:2078: ['10.25.83.52', '10.25.83.53']
INFO: 2018-08-15 14:38:13,790:DartRunner.py:247: /root/Dart/testset/OneTest.tst
INFO: 2018-08-15 14:38:13,790:DartRunner.py:247: /root/Dart/testset/OneTest.tst
INFO: 2018-08-15 14:38:13,790:DartRunner.py:247: /root/Dart/testset/OneTest.tst
INFO: 2018-08-15 14:38:13,791:DartRunner.py:258: Scanning File: /root/Dart/testset/OneTest.tst 
INFO: 2018-08-15 14:38:13,791:DartRunner.py:258: Scanning File: /root/Dart/testset/OneTest.tst 
INFO: 2018-08-15 14:38:13,791:DartRunner.py:258: Scanning File: /root/Dart/testset/OneTest.tst 
INFO: 2018-08-15 14:38:13,791:DartRunner.py:273: Reading tempRunFile : /tmp/OneTest.tst
INFO: 2018-08-15 14:38:13,792:DartRunner.py:273: Reading tempRunFile : /tmp/OneTest.tst
INFO: 2018-08-15 14:38:13,793:DartRunner.py:273: Reading tempRunFile : /tmp/OneTest.tst
INFO: 2018-08-15 14:38:13,794:DartRunner.py:2944: DockerHealth: ClusterHealthdevops_installer/docker/ClusterHealth                     
INFO: 2018-08-15 14:38:13,796:DartRunner.py:361: OrderedDict([(u'Install', [OrderedDict([(u'NAME', u'AsterInstallOnK8s'), (u'TIMEOUT', 7200), (u'LOCATION', u'devops_installer/docker/AsterInstallOnK8s'), (u'WORKERPOD_COUNT', 2), (u'PARTITIONS_PER_WORKERPOD', 2), (u'localRegistry', u'False'), (u'deleteDockerImages', u'True'), (u'dockerRepoPath', u'asterdata/beehive/drops/ci/08.00.00.01-806f9cc5'), (u'dockerRepoTag', u'08.00.00.01-806f9cc5'), (u'dockerRepoUser', u'da230151'), (u'dockerRepoPassword', u'APB4dyNjaZ5Dr6gRKDoy8vGDcQt'), (u'dockerRepoEmail', u'da230151@teradata.com'), (u'dockerRepoHost', u'sdartifact.td.teradata.com'), (u'OWNER', u'naveen.williams'), (u'CATEGORY', u'positive'), (u'PRIORITY', u'1'), (u'COMPONENT', u'devops_installer/docker')])])])
INFO: 2018-08-15 14:38:13,797:DartRunner.py:2944: DockerHealth: ClusterHealthdevops_installer/docker/ClusterHealth                     
INFO: 2018-08-15 14:38:13,797:DartRunner.py:2944: DockerHealth: ClusterHealthdevops_installer/docker/ClusterHealth                     
INFO: 2018-08-15 14:38:13,798:DartRunner.py:361: OrderedDict([(u'Install', [OrderedDict([(u'NAME', u'AsterInstallOnK8s'), (u'TIMEOUT', 7200), (u'LOCATION', u'devops_installer/docker/AsterInstallOnK8s'), (u'WORKERPOD_COUNT', 2), (u'PARTITIONS_PER_WORKERPOD', 2), (u'localRegistry', u'False'), (u'deleteDockerImages', u'True'), (u'dockerRepoPath', u'asterdata/beehive/drops/ci/08.00.00.01-806f9cc5'), (u'dockerRepoTag', u'08.00.00.01-806f9cc5'), (u'dockerRepoUser', u'da230151'), (u'dockerRepoPassword', u'APB4dyNjaZ5Dr6gRKDoy8vGDcQt'), (u'dockerRepoEmail', u'da230151@teradata.com'), (u'dockerRepoHost', u'sdartifact.td.teradata.com'), (u'OWNER', u'naveen.williams'), (u'CATEGORY', u'positive'), (u'PRIORITY', u'1'), (u'COMPONENT', u'devops_installer/docker')])])])
INFO: 2018-08-15 14:38:13,804:DartRunner.py:361: OrderedDict([(u'Install', [OrderedDict([(u'NAME', u'AsterInstallOnK8s'), (u'TIMEOUT', 7200), (u'LOCATION', u'devops_installer/docker/AsterInstallOnK8s'), (u'WORKERPOD_COUNT', 2), (u'PARTITIONS_PER_WORKERPOD', 2), (u'localRegistry', u'False'), (u'deleteDockerImages', u'True'), (u'dockerRepoPath', u'asterdata/beehive/drops/ci/08.00.00.01-806f9cc5'), (u'dockerRepoTag', u'08.00.00.01-806f9cc5'), (u'dockerRepoUser', u'da230151'), (u'dockerRepoPassword', u'APB4dyNjaZ5Dr6gRKDoy8vGDcQt'), (u'dockerRepoEmail', u'da230151@teradata.com'), (u'dockerRepoHost', u'sdartifact.td.teradata.com'), (u'OWNER', u'naveen.williams'), (u'CATEGORY', u'positive'), (u'PRIORITY', u'1'), (u'COMPONENT', u'devops_installer/docker')])])])
INFO: 2018-08-15 14:38:13,847:DartRunner.py:2045: 10.25.83.53
INFO: 2018-08-15 14:38:13,849:DartRunner.py:2048: 10.25.83.53
INFO: 2018-08-15 14:38:13,850:DartRunner.py:2077: ['10.25.83.51']
INFO: 2018-08-15 14:38:13,850:DartRunner.py:2078: ['10.25.83.52', '10.25.83.53']
INFO: 2018-08-15 14:38:13,850:DartRunner.py:247: /root/Dart/testset/OneTest.tst
INFO: 2018-08-15 14:38:13,850:DartRunner.py:258: Scanning File: /root/Dart/testset/OneTest.tst 
INFO: 2018-08-15 14:38:13,850:DartRunner.py:273: Reading tempRunFile : /tmp/OneTest.tst
INFO: 2018-08-15 14:38:13,851:DartRunner.py:2944: DockerHealth: ClusterHealthdevops_installer/docker/ClusterHealth                     
INFO: 2018-08-15 14:38:13,851:DartRunner.py:361: OrderedDict([(u'Install', [OrderedDict([(u'NAME', u'AsterInstallOnK8s'), (u'TIMEOUT', 7200), (u'LOCATION', u'devops_installer/docker/AsterInstallOnK8s'), (u'WORKERPOD_COUNT', 2), (u'PARTITIONS_PER_WORKERPOD', 2), (u'localRegistry', u'False'), (u'deleteDockerImages', u'True'), (u'dockerRepoPath', u'asterdata/beehive/drops/ci/08.00.00.01-806f9cc5'), (u'dockerRepoTag', u'08.00.00.01-806f9cc5'), (u'dockerRepoUser', u'da230151'), (u'dockerRepoPassword', u'APB4dyNjaZ5Dr6gRKDoy8vGDcQt'), (u'dockerRepoEmail', u'da230151@teradata.com'), (u'dockerRepoHost', u'sdartifact.td.teradata.com'), (u'OWNER', u'naveen.williams'), (u'CATEGORY', u'positive'), (u'PRIORITY', u'1'), (u'COMPONENT', u'devops_installer/docker')])])])
INFO: 2018-08-15 14:38:14,163:DartRunner.py:2154: Ping on cluster dart-main-sls12-03 Successful!
INFO: 2018-08-15 14:38:14,163:DartRunner.py:2154: Ping on cluster dart-main-sls12-03 Successful!
INFO: 2018-08-15 14:38:14,164:DartRunner.py:2154: Ping on cluster dart-main-sls12-03 Successful!
INFO: 2018-08-15 14:38:14,168:DartRunner.py:2154: Ping on cluster dart-main-sls12-03 Successful!
INFO: 2018-08-15 14:38:14,171:DartRunner.py:2154: Ping on cluster dart-main-sls12-03 Successful!
INFO: 2018-08-15 14:38:14,176:DartRunner.py:2154: Ping on cluster dart-main-sls12-03 Successful!
INFO: 2018-08-15 14:38:14,494:DartRunner.py:523: Dart DashBoard URL: http://dartdashboard.labs.teradata.com/report?run_id=180815-98
INFO: 2018-08-15 14:38:14,497:DartRunner.py:523: Dart DashBoard URL: http://dartdashboard.labs.teradata.com/report?run_id=180815-99
INFO: 2018-08-15 14:38:14,497:DartRunner.py:523: Dart DashBoard URL: http://dartdashboard.labs.teradata.com/report?run_id=180815-97
INFO: 2018-08-15 14:38:14,502:DartRunner.py:523: Dart DashBoard URL: http://dartdashboard.labs.teradata.com/report?run_id=180815-100
INFO: 2018-08-15 14:38:14,504:DartRunner.py:523: Dart DashBoard URL: http://dartdashboard.labs.teradata.com/report?run_id=180815-102
INFO: 2018-08-15 14:38:14,506:DartRunner.py:523: Dart DashBoard URL: http://dartdashboard.labs.teradata.com/report?run_id=180815-101
INFO: 2018-08-15 14:38:14,517:DartRunner.py:1696: Done inserting the information of run 180815-98
INFO: 2018-08-15 14:38:14,519:DartRunner.py:1696: Done inserting the information of run 180815-99
INFO: 2018-08-15 14:38:14,519:DartRunner.py:1696: Done inserting the information of run 180815-102
INFO: 2018-08-15 14:38:14,520:DartRunner.py:1696: Done inserting the information of run 180815-97
INFO: 2018-08-15 14:38:14,523:DartRunner.py:1696: Done inserting the information of run 180815-100
INFO: 2018-08-15 14:38:14,526:DartRunner.py:1696: Done inserting the information of run 180815-101
INFO: 2018-08-15 14:38:14,532:DartRunner.py:2665: DB Insert Success: AsterInstallOnK8s
INFO: 2018-08-15 14:38:14,534:DartRunner.py:2665: DB Insert Success: AsterInstallOnK8s
INFO: 2018-08-15 14:38:14,535:DartRunner.py:2665: DB Insert Success: AsterInstallOnK8s
INFO: 2018-08-15 14:38:14,534:DartRunner.py:2665: DB Insert Success: AsterInstallOnK8s
INFO: 2018-08-15 14:38:14,537:DartRunner.py:2665: DB Insert Success: AsterInstallOnK8s
INFO: 2018-08-15 14:38:14,539:DartRunner.py:2665: DB Insert Success: AsterInstallOnK8s
INFO: 2018-08-15 14:38:18,036:DartRunner.py:663: 
Running Install Test: AsterInstallOnK8s on Cluster: dart-main-sls12-03 Thread Count: 1  

INFO: 2018-08-15 14:38:18,036:DartRunner.py:663: 
Running Install Test: AsterInstallOnK8s on Cluster: dart-main-sls12-03 Thread Count: 1  

INFO: 2018-08-15 14:38:18,038:DartRunner.py:663: 
Running Install Test: AsterInstallOnK8s on Cluster: dart-main-sls12-03 Thread Count: 1  

INFO: 2018-08-15 14:38:18,038:DartRunner.py:663: 
Running Install Test: AsterInstallOnK8s on Cluster: dart-main-sls12-03 Thread Count: 1  

INFO: 2018-08-15 14:38:18,042:DartRunner.py:663: 
Running Install Test: AsterInstallOnK8s on Cluster: dart-main-sls12-03 Thread Count: 1  

INFO: 2018-08-15 14:38:18,036:DartRunner.py:663: 
Running Install Test: AsterInstallOnK8s on Cluster: dart-main-sls12-03 Thread Count: 1  

INFO: 2018-08-15 14:38:18,068:DartRunner.py:2665: DB Insert Success: NullTest
INFO: 2018-08-15 14:38:18,075:DartRunner.py:2665: DB Insert Success: NullTest
INFO: 2018-08-15 14:38:18,074:DartRunner.py:2665: DB Insert Success: NullTest
INFO: 2018-08-15 14:38:18,074:DartRunner.py:2665: DB Insert Success: NullTest
INFO: 2018-08-15 14:38:18,073:DartRunner.py:2665: DB Insert Success: NullTest
INFO: 2018-08-15 14:38:18,074:DartRunner.py:2665: DB Insert Success: NullTest
INFO: 2018-08-15 14:38:18,085:DartRunner.py:2555: Updated cluster: dart-main-sls12-03 for test AsterInstallOnK8s
INFO: 2018-08-15 14:38:18,089:DartRunner.py:2555: Updated cluster: dart-main-sls12-03 for test AsterInstallOnK8s
INFO: 2018-08-15 14:38:18,090:DartRunner.py:2555: Updated cluster: dart-main-sls12-03 for test AsterInstallOnK8s
INFO: 2018-08-15 14:38:18,090:DartRunner.py:2555: Updated cluster: dart-main-sls12-03 for test AsterInstallOnK8s
INFO: 2018-08-15 14:38:18,089:DartRunner.py:2555: Updated cluster: dart-main-sls12-03 for test AsterInstallOnK8s
INFO: 2018-08-15 14:38:18,089:DartRunner.py:2555: Updated cluster: dart-main-sls12-03 for test AsterInstallOnK8s
INFO: 2018-08-15 14:38:19,214:DartRunner.py:2873: getHadoopVersion stdout = 
INFO: 2018-08-15 14:38:19,214:DartRunner.py:2874: getHadoopVersion stderr = bash: hadoop: command not found

INFO: 2018-08-15 14:38:19,214:DartRunner.py:2875: getHadoopVersion status = 127
INFO: 2018-08-15 14:38:19,214:DartRunner.py:2884: hdversion = None
INFO: 2018-08-15 14:38:19,215:DartRunner.py:2846: The cluster is without Hadoop, change db_version to Aster
INFO: 2018-08-15 14:38:19,222:DartRunner.py:2873: getHadoopVersion stdout = 
INFO: 2018-08-15 14:38:19,222:DartRunner.py:2874: getHadoopVersion stderr = bash: hadoop: command not found

INFO: 2018-08-15 14:38:19,222:DartRunner.py:2875: getHadoopVersion status = 127
INFO: 2018-08-15 14:38:19,222:DartRunner.py:2884: hdversion = None
INFO: 2018-08-15 14:38:19,222:DartRunner.py:2846: The cluster is without Hadoop, change db_version to Aster
INFO: 2018-08-15 14:38:19,224:DartRunner.py:2873: getHadoopVersion stdout = 
INFO: 2018-08-15 14:38:19,224:DartRunner.py:2874: getHadoopVersion stderr = bash: hadoop: command not found

INFO: 2018-08-15 14:38:19,224:DartRunner.py:2875: getHadoopVersion status = 127
INFO: 2018-08-15 14:38:19,224:DartRunner.py:2884: hdversion = None
INFO: 2018-08-15 14:38:19,224:DartRunner.py:2846: The cluster is without Hadoop, change db_version to Aster
INFO: 2018-08-15 14:38:19,226:DartRunner.py:2873: getHadoopVersion stdout = 
INFO: 2018-08-15 14:38:19,226:DartRunner.py:2874: getHadoopVersion stderr = bash: hadoop: command not found

INFO: 2018-08-15 14:38:19,226:DartRunner.py:2875: getHadoopVersion status = 127
INFO: 2018-08-15 14:38:19,226:DartRunner.py:2884: hdversion = None
INFO: 2018-08-15 14:38:19,226:DartRunner.py:2846: The cluster is without Hadoop, change db_version to Aster
INFO: 2018-08-15 14:38:19,235:DartRunner.py:2873: getHadoopVersion stdout = 
INFO: 2018-08-15 14:38:19,235:DartRunner.py:2874: getHadoopVersion stderr = bash: hadoop: command not found

INFO: 2018-08-15 14:38:19,236:DartRunner.py:2875: getHadoopVersion status = 127
INFO: 2018-08-15 14:38:19,236:DartRunner.py:2884: hdversion = None
INFO: 2018-08-15 14:38:19,236:DartRunner.py:2846: The cluster is without Hadoop, change db_version to Aster
INFO: 2018-08-15 14:38:19,240:DartRunner.py:2873: getHadoopVersion stdout = 
INFO: 2018-08-15 14:38:19,240:DartRunner.py:2874: getHadoopVersion stderr = bash: hadoop: command not found

INFO: 2018-08-15 14:38:19,240:DartRunner.py:2875: getHadoopVersion status = 127
INFO: 2018-08-15 14:38:19,240:DartRunner.py:2884: hdversion = None
INFO: 2018-08-15 14:38:19,240:DartRunner.py:2846: The cluster is without Hadoop, change db_version to Aster
INFO: 2018-08-15 14:38:19,258:DartRunner.py:2587: Updated Status: On test AsterInstallOnK8s
INFO: 2018-08-15 14:38:19,258:DartRunner.py:2588: {'db_version': 'Aster', 'db_type': 'Classic', 'build_info': ''}
INFO: 2018-08-15 14:38:19,258:DartRunner.py:2214: Updating the status to Running in the database: AsterInstallOnK8s!
INFO: 2018-08-15 14:38:19,271:DartRunner.py:2587: Updated Status: On test AsterInstallOnK8s
INFO: 2018-08-15 14:38:19,271:DartRunner.py:2588: {'db_version': 'Aster', 'db_type': 'Classic', 'build_info': ''}
INFO: 2018-08-15 14:38:19,272:DartRunner.py:2587: Updated Status: On test AsterInstallOnK8s
INFO: 2018-08-15 14:38:19,272:DartRunner.py:2214: Updating the status to Running in the database: AsterInstallOnK8s!
INFO: 2018-08-15 14:38:19,272:DartRunner.py:2588: {'db_version': 'Aster', 'db_type': 'Classic', 'build_info': ''}
INFO: 2018-08-15 14:38:19,273:DartRunner.py:2214: Updating the status to Running in the database: AsterInstallOnK8s!
INFO: 2018-08-15 14:38:19,280:DartRunner.py:2587: Updated Status: On test AsterInstallOnK8s
INFO: 2018-08-15 14:38:19,281:DartRunner.py:2588: {'db_version': 'Aster', 'db_type': 'Classic', 'build_info': ''}
INFO: 2018-08-15 14:38:19,281:DartRunner.py:2214: Updating the status to Running in the database: AsterInstallOnK8s!
INFO: 2018-08-15 14:38:19,282:DartRunner.py:2587: Updated Status: On test AsterInstallOnK8s
INFO: 2018-08-15 14:38:19,283:DartRunner.py:2588: {'db_version': 'Aster', 'db_type': 'Classic', 'build_info': ''}
INFO: 2018-08-15 14:38:19,283:DartRunner.py:2214: Updating the status to Running in the database: AsterInstallOnK8s!
INFO: 2018-08-15 14:38:19,291:DartRunner.py:2587: Updated Status: On test AsterInstallOnK8s
INFO: 2018-08-15 14:38:19,291:DartRunner.py:2588: {'db_version': 'Aster', 'db_type': 'Classic', 'build_info': ''}
INFO: 2018-08-15 14:38:19,292:DartRunner.py:2214: Updating the status to Running in the database: AsterInstallOnK8s!
INFO: 2018-08-15 14:38:19,298:DartRunner.py:2587: Updated Status: On test AsterInstallOnK8s
INFO: 2018-08-15 14:38:19,299:DartRunner.py:2588: {'status': 'RUNNING', 'start_time': '2018-08-15 14:38:18'}
INFO: 2018-08-15 14:38:19,299:Dart.py:120: Logfile is /root/Dart/log/Dart-AsterInstallOnK8s-180815-101-143819.log
INFO: 2018-08-15 14:38:19,304:DartRunner.py:2587: Updated Status: On test AsterInstallOnK8s
INFO: 2018-08-15 14:38:19,304:DartRunner.py:2588: {'status': 'RUNNING', 'start_time': '2018-08-15 14:38:18'}
INFO: 2018-08-15 14:38:19,305:Dart.py:120: Logfile is /root/Dart/log/Dart-AsterInstallOnK8s-180815-100-143819.log
INFO: 2018-08-15 14:38:19,318:DartRunner.py:2587: Updated Status: On test AsterInstallOnK8s
INFO: 2018-08-15 14:38:19,318:DartRunner.py:2588: {'status': 'RUNNING', 'start_time': '2018-08-15 14:38:18'}
INFO: 2018-08-15 14:38:19,319:Dart.py:120: Logfile is /root/Dart/log/Dart-AsterInstallOnK8s-180815-97-143819.log
INFO: 2018-08-15 14:38:19,322:DartRunner.py:2587: Updated Status: On test AsterInstallOnK8s
INFO: 2018-08-15 14:38:19,323:DartRunner.py:2588: {'status': 'RUNNING', 'start_time': '2018-08-15 14:38:18'}
INFO: 2018-08-15 14:38:19,324:Dart.py:120: Logfile is /root/Dart/log/Dart-AsterInstallOnK8s-180815-98-143819.log
INFO: 2018-08-15 14:38:19,332:DartRunner.py:2587: Updated Status: On test AsterInstallOnK8s
INFO: 2018-08-15 14:38:19,332:DartRunner.py:2588: {'status': 'RUNNING', 'start_time': '2018-08-15 14:38:18'}
INFO: 2018-08-15 14:38:19,333:Dart.py:120: Logfile is /root/Dart/log/Dart-AsterInstallOnK8s-180815-102-143819.log
INFO: 2018-08-15 14:38:19,338:DartRunner.py:2587: Updated Status: On test AsterInstallOnK8s
INFO: 2018-08-15 14:38:19,339:DartRunner.py:2588: {'status': 'RUNNING', 'start_time': '2018-08-15 14:38:18'}
INFO: 2018-08-15 14:38:19,339:Dart.py:120: Logfile is /root/Dart/log/Dart-AsterInstallOnK8s-180815-99-143819.log
INFO: 2018-08-15 14:38:19,571:DartRunner.py:754: Looping the Main Loop: 1
INFO: 2018-08-15 14:38:19,571:DartRunner.py:1130: Tests may be currently running..Sleeping for 10 seconds before checking the Queue!
INFO: 2018-08-15 14:38:19,571:DartRunner.py:1131: {'dart-main-sls12-03': 'install'}
INFO: 2018-08-15 14:38:19,578:DartRunner.py:754: Looping the Main Loop: 1
INFO: 2018-08-15 14:38:19,577:DartRunner.py:754: Looping the Main Loop: 1
INFO: 2018-08-15 14:38:19,578:DartRunner.py:754: Looping the Main Loop: 1
INFO: 2018-08-15 14:38:19,578:DartRunner.py:754: Looping the Main Loop: 1
INFO: 2018-08-15 14:38:19,578:DartRunner.py:754: Looping the Main Loop: 1
INFO: 2018-08-15 14:38:19,579:DartRunner.py:1130: Tests may be currently running..Sleeping for 10 seconds before checking the Queue!
INFO: 2018-08-15 14:38:19,578:DartRunner.py:1130: Tests may be currently running..Sleeping for 10 seconds before checking the Queue!
INFO: 2018-08-15 14:38:19,579:DartRunner.py:1130: Tests may be currently running..Sleeping for 10 seconds before checking the Queue!
INFO: 2018-08-15 14:38:19,578:DartRunner.py:1130: Tests may be currently running..Sleeping for 10 seconds before checking the Queue!
INFO: 2018-08-15 14:38:19,579:DartRunner.py:1130: Tests may be currently running..Sleeping for 10 seconds before checking the Queue!
INFO: 2018-08-15 14:38:19,579:DartRunner.py:1131: {'dart-main-sls12-03': 'install'}
INFO: 2018-08-15 14:38:19,579:DartRunner.py:1131: {'dart-main-sls12-03': 'install'}
INFO: 2018-08-15 14:38:19,579:DartRunner.py:1131: {'dart-main-sls12-03': 'install'}
INFO: 2018-08-15 14:38:19,580:DartRunner.py:1131: {'dart-main-sls12-03': 'install'}
INFO: 2018-08-15 14:38:19,579:DartRunner.py:1131: {'dart-main-sls12-03': 'install'}
INFO: 2018-08-15 14:38:20,539:Dart.py:390: NAME      READY     STATUS             RESTARTS   AGE
consul    1/1       Running            0          18h
queen     17/18     CrashLoopBackOff   159        18h
worker1   7/7       Running            0          18h
worker2   7/7       Running            0          18h

INFO: 2018-08-15 14:38:20,540:Dart.py:418: consul
INFO: 2018-08-15 14:38:20,540:Dart.py:418: queen
INFO: 2018-08-15 14:38:20,540:Dart.py:424: kubectl get -o template po queen --namespace=cloud-aster --template={{.spec.nodeName}}
INFO: 2018-08-15 14:38:20,623:Dart.py:390: NAME      READY     STATUS             RESTARTS   AGE
consul    1/1       Running            0          18h
queen     17/18     CrashLoopBackOff   159        18h
worker1   7/7       Running            0          18h
worker2   7/7       Running            0          18h

INFO: 2018-08-15 14:38:20,623:Dart.py:390: NAME      READY     STATUS             RESTARTS   AGE
consul    1/1       Running            0          18h
queen     17/18     CrashLoopBackOff   159        18h
worker1   7/7       Running            0          18h
worker2   7/7       Running            0          18h

INFO: 2018-08-15 14:38:20,623:Dart.py:418: consul
INFO: 2018-08-15 14:38:20,624:Dart.py:418: consul
INFO: 2018-08-15 14:38:20,624:Dart.py:418: queen
INFO: 2018-08-15 14:38:20,624:Dart.py:418: queen
INFO: 2018-08-15 14:38:20,624:Dart.py:424: kubectl get -o template po queen --namespace=cloud-aster --template={{.spec.nodeName}}
INFO: 2018-08-15 14:38:20,625:Dart.py:424: kubectl get -o template po queen --namespace=cloud-aster --template={{.spec.nodeName}}
INFO: 2018-08-15 14:38:20,706:Dart.py:390: NAME      READY     STATUS             RESTARTS   AGE
consul    1/1       Running            0          18h
queen     17/18     CrashLoopBackOff   159        18h
worker1   7/7       Running            0          18h
worker2   7/7       Running            0          18h

INFO: 2018-08-15 14:38:20,707:Dart.py:418: consul
INFO: 2018-08-15 14:38:20,707:Dart.py:418: queen
INFO: 2018-08-15 14:38:20,707:Dart.py:424: kubectl get -o template po queen --namespace=cloud-aster --template={{.spec.nodeName}}
INFO: 2018-08-15 14:38:20,711:Dart.py:390: NAME      READY     STATUS             RESTARTS   AGE
consul    1/1       Running            0          18h
queen     17/18     CrashLoopBackOff   159        18h
worker1   7/7       Running            0          18h
worker2   7/7       Running            0          18h

INFO: 2018-08-15 14:38:20,711:Dart.py:418: consul
INFO: 2018-08-15 14:38:20,711:Dart.py:418: queen
INFO: 2018-08-15 14:38:20,712:Dart.py:424: kubectl get -o template po queen --namespace=cloud-aster --template={{.spec.nodeName}}
INFO: 2018-08-15 14:38:20,735:Dart.py:390: NAME      READY     STATUS             RESTARTS   AGE
consul    1/1       Running            0          18h
queen     17/18     CrashLoopBackOff   159        18h
worker1   7/7       Running            0          18h
worker2   7/7       Running            0          18h

INFO: 2018-08-15 14:38:20,736:Dart.py:418: consul
INFO: 2018-08-15 14:38:20,736:Dart.py:418: queen
INFO: 2018-08-15 14:38:20,737:Dart.py:424: kubectl get -o template po queen --namespace=cloud-aster --template={{.spec.nodeName}}
INFO: 2018-08-15 14:38:21,490:Dart.py:390: 10.25.83.51
INFO: 2018-08-15 14:38:21,491:Dart.py:426: 10.25.83.51
INFO: 2018-08-15 14:38:21,491:Dart.py:429: 10.25.83.51
INFO: 2018-08-15 14:38:21,491:Dart.py:418: worker1
INFO: 2018-08-15 14:38:21,491:Dart.py:424: kubectl get -o template po worker1 --namespace=cloud-aster --template={{.spec.nodeName}}
INFO: 2018-08-15 14:38:21,546:Dart.py:390: 10.25.83.51
INFO: 2018-08-15 14:38:21,546:Dart.py:390: 10.25.83.51
INFO: 2018-08-15 14:38:21,546:Dart.py:426: 10.25.83.51
INFO: 2018-08-15 14:38:21,546:Dart.py:426: 10.25.83.51
INFO: 2018-08-15 14:38:21,546:Dart.py:429: 10.25.83.51
INFO: 2018-08-15 14:38:21,547:Dart.py:429: 10.25.83.51
INFO: 2018-08-15 14:38:21,547:Dart.py:418: worker1
INFO: 2018-08-15 14:38:21,547:Dart.py:418: worker1
INFO: 2018-08-15 14:38:21,547:Dart.py:424: kubectl get -o template po worker1 --namespace=cloud-aster --template={{.spec.nodeName}}
INFO: 2018-08-15 14:38:21,547:Dart.py:424: kubectl get -o template po worker1 --namespace=cloud-aster --template={{.spec.nodeName}}
INFO: 2018-08-15 14:38:21,674:Dart.py:390: 10.25.83.51
INFO: 2018-08-15 14:38:21,675:Dart.py:426: 10.25.83.51
INFO: 2018-08-15 14:38:21,675:Dart.py:429: 10.25.83.51
INFO: 2018-08-15 14:38:21,675:Dart.py:418: worker1
INFO: 2018-08-15 14:38:21,675:Dart.py:424: kubectl get -o template po worker1 --namespace=cloud-aster --template={{.spec.nodeName}}
INFO: 2018-08-15 14:38:21,691:Dart.py:390: 10.25.83.51
INFO: 2018-08-15 14:38:21,691:Dart.py:426: 10.25.83.51
INFO: 2018-08-15 14:38:21,692:Dart.py:429: 10.25.83.51
INFO: 2018-08-15 14:38:21,692:Dart.py:418: worker1
INFO: 2018-08-15 14:38:21,692:Dart.py:424: kubectl get -o template po worker1 --namespace=cloud-aster --template={{.spec.nodeName}}
INFO: 2018-08-15 14:38:21,706:Dart.py:390: 10.25.83.51
INFO: 2018-08-15 14:38:21,706:Dart.py:426: 10.25.83.51
INFO: 2018-08-15 14:38:21,706:Dart.py:429: 10.25.83.51
INFO: 2018-08-15 14:38:21,706:Dart.py:418: worker1
INFO: 2018-08-15 14:38:21,707:Dart.py:424: kubectl get -o template po worker1 --namespace=cloud-aster --template={{.spec.nodeName}}
INFO: 2018-08-15 14:38:22,393:Dart.py:390: 10.25.83.52
INFO: 2018-08-15 14:38:22,394:Dart.py:426: 10.25.83.52
INFO: 2018-08-15 14:38:22,394:Dart.py:429: 10.25.83.52
INFO: 2018-08-15 14:38:22,395:Dart.py:418: worker2
INFO: 2018-08-15 14:38:22,395:Dart.py:424: kubectl get -o template po worker2 --namespace=cloud-aster --template={{.spec.nodeName}}
INFO: 2018-08-15 14:38:22,421:Dart.py:390: 10.25.83.52
INFO: 2018-08-15 14:38:22,421:Dart.py:426: 10.25.83.52
INFO: 2018-08-15 14:38:22,421:Dart.py:429: 10.25.83.52
INFO: 2018-08-15 14:38:22,421:Dart.py:418: worker2
INFO: 2018-08-15 14:38:22,422:Dart.py:424: kubectl get -o template po worker2 --namespace=cloud-aster --template={{.spec.nodeName}}
INFO: 2018-08-15 14:38:22,569:Dart.py:390: 10.25.83.52
INFO: 2018-08-15 14:38:22,570:Dart.py:426: 10.25.83.52
INFO: 2018-08-15 14:38:22,570:Dart.py:429: 10.25.83.52
INFO: 2018-08-15 14:38:22,570:Dart.py:418: worker2
INFO: 2018-08-15 14:38:22,571:Dart.py:424: kubectl get -o template po worker2 --namespace=cloud-aster --template={{.spec.nodeName}}
INFO: 2018-08-15 14:38:22,612:Dart.py:390: 10.25.83.52
INFO: 2018-08-15 14:38:22,613:Dart.py:426: 10.25.83.52
INFO: 2018-08-15 14:38:22,613:Dart.py:429: 10.25.83.52
INFO: 2018-08-15 14:38:22,613:Dart.py:418: worker2
INFO: 2018-08-15 14:38:22,613:Dart.py:424: kubectl get -o template po worker2 --namespace=cloud-aster --template={{.spec.nodeName}}
INFO: 2018-08-15 14:38:22,642:Dart.py:390: 10.25.83.52
INFO: 2018-08-15 14:38:22,643:Dart.py:426: 10.25.83.52
INFO: 2018-08-15 14:38:22,643:Dart.py:429: 10.25.83.52
INFO: 2018-08-15 14:38:22,643:Dart.py:418: worker2
INFO: 2018-08-15 14:38:22,645:Dart.py:424: kubectl get -o template po worker2 --namespace=cloud-aster --template={{.spec.nodeName}}
INFO: 2018-08-15 14:38:22,658:Dart.py:390: 10.25.83.52
INFO: 2018-08-15 14:38:22,658:Dart.py:426: 10.25.83.52
INFO: 2018-08-15 14:38:22,659:Dart.py:429: 10.25.83.52
INFO: 2018-08-15 14:38:22,659:Dart.py:418: worker2
INFO: 2018-08-15 14:38:22,659:Dart.py:424: kubectl get -o template po worker2 --namespace=cloud-aster --template={{.spec.nodeName}}
INFO: 2018-08-15 14:38:23,384:Dart.py:390: 10.25.83.53
INFO: 2018-08-15 14:38:23,385:Dart.py:426: 10.25.83.53
INFO: 2018-08-15 14:38:23,385:Dart.py:429: 10.25.83.53
INFO: 2018-08-15 14:38:23,385:Dart.py:460: ['10.25.83.51']
INFO: 2018-08-15 14:38:23,385:Dart.py:461: ['10.25.83.52', '10.25.83.53']
INFO: 2018-08-15 14:38:23,385:Dart.py:299: Test Set: Install 
INFO: 2018-08-15 14:38:23,386:Dart.py:313: Running Testset: Install
INFO: 2018-08-15 14:38:23,386:Dart.py:319:         Running Test: AsterInstallOnK8s on Cluster dart-main-sls12-03
INFO: 2018-08-15 14:38:23,386:Dart.py:322: [u'AsterInstallOnK8s', {u'deleteDockerImages': u'True', 'testSet': 'Install', u'dockerRepoUser': u'da230151', u'dockerRepoPassword': u'APB4dyNjaZ5Dr6gRKDoy8vGDcQt', u'WORKERPOD_COUNT': 2, 'testId': 1, u'TIMEOUT': 7200, u'localRegistry': u'False', 'id': 1511149, u'CATEGORY': u'positive', u'dockerRepoPath': u'asterdata/beehive/drops/ci/08.00.00.01-806f9cc5', u'NAME': u'AsterInstallOnK8s', 'timeScale': 1, u'dockerRepoEmail': u'da230151@teradata.com', u'dockerRepoHost': u'sdartifact.td.teradata.com', u'COMPONENT': u'devops_installer/docker', u'dockerRepoTag': u'08.00.00.01-806f9cc5', u'PRIORITY': u'1', u'LOCATION': u'devops_installer/docker/AsterInstallOnK8s', u'OWNER': u'naveen.williams', u'PARTITIONS_PER_WORKERPOD': 2, 'runId': u'180815-99'}, 0]
INFO: 2018-08-15 14:38:23,424:Dart.py:752: --------------------------------------------------
INFO: 2018-08-15 14:38:23,424:TestBase.py:42:           Using the following Test Parameters:
INFO: 2018-08-15 14:38:23,425:TestBase.py:43: --------------------------------------------------
INFO: 2018-08-15 14:38:23,425:TestBase.py:45:           deleteDockerImages : True 
INFO: 2018-08-15 14:38:23,425:TestBase.py:45:           testSet : Install 
INFO: 2018-08-15 14:38:23,425:TestBase.py:45:           filePath : devops_installer/docker 
INFO: 2018-08-15 14:38:23,425:TestBase.py:45:           logPath : /root/Dart 
INFO: 2018-08-15 14:38:23,425:TestBase.py:45:           dockerRepoUser : da230151 
INFO: 2018-08-15 14:38:23,426:TestBase.py:45:           dockerRepoPassword : APB4dyNjaZ5Dr6gRKDoy8vGDcQt 
INFO: 2018-08-15 14:38:23,426:TestBase.py:45:           WORKERPOD_COUNT : 2 
INFO: 2018-08-15 14:38:23,426:TestBase.py:45:           testId : 1 
INFO: 2018-08-15 14:38:23,426:Dart.py:390: 10.25.83.53
INFO: 2018-08-15 14:38:23,426:Dart.py:426: 10.25.83.53
INFO: 2018-08-15 14:38:23,427:Dart.py:429: 10.25.83.53
INFO: 2018-08-15 14:38:23,427:Dart.py:460: ['10.25.83.51']
INFO: 2018-08-15 14:38:23,427:Dart.py:461: ['10.25.83.52', '10.25.83.53']
INFO: 2018-08-15 14:38:23,427:Dart.py:299: Test Set: Install 
INFO: 2018-08-15 14:38:23,427:Dart.py:313: Running Testset: Install
INFO: 2018-08-15 14:38:23,427:Dart.py:319:         Running Test: AsterInstallOnK8s on Cluster dart-main-sls12-03
INFO: 2018-08-15 14:38:23,428:Dart.py:322: [u'AsterInstallOnK8s', {u'deleteDockerImages': u'True', 'testSet': 'Install', u'dockerRepoUser': u'da230151', u'dockerRepoPassword': u'APB4dyNjaZ5Dr6gRKDoy8vGDcQt', u'WORKERPOD_COUNT': 2, 'testId': 1, u'TIMEOUT': 7200, u'localRegistry': u'False', 'id': 1511151, u'CATEGORY': u'positive', u'dockerRepoPath': u'asterdata/beehive/drops/ci/08.00.00.01-806f9cc5', u'NAME': u'AsterInstallOnK8s', 'timeScale': 1, u'dockerRepoEmail': u'da230151@teradata.com', u'dockerRepoHost': u'sdartifact.td.teradata.com', u'COMPONENT': u'devops_installer/docker', u'dockerRepoTag': u'08.00.00.01-806f9cc5', u'PRIORITY': u'1', u'LOCATION': u'devops_installer/docker/AsterInstallOnK8s', u'OWNER': u'naveen.williams', u'PARTITIONS_PER_WORKERPOD': 2, 'runId': u'180815-97'}, 0]
INFO: 2018-08-15 14:38:23,426:TestBase.py:45:           TIMEOUT : 7200 
INFO: 2018-08-15 14:38:23,430:TestBase.py:45:           localRegistry : False 
INFO: 2018-08-15 14:38:23,432:TestBase.py:45:           id : 1511149 
INFO: 2018-08-15 14:38:23,432:TestBase.py:45:           CATEGORY : positive 
INFO: 2018-08-15 14:38:23,432:TestBase.py:45:           dockerRepoPath : asterdata/beehive/drops/ci/08.00.00.01-806f9cc5 
INFO: 2018-08-15 14:38:23,432:TestBase.py:45:           NAME : AsterInstallOnK8s 
INFO: 2018-08-15 14:38:23,432:TestBase.py:45:           timeScale : 1 
INFO: 2018-08-15 14:38:23,433:TestBase.py:45:           dockerRepoEmail : da230151@teradata.com 
INFO: 2018-08-15 14:38:23,433:TestBase.py:45:           dockerRepoHost : sdartifact.td.teradata.com 
INFO: 2018-08-15 14:38:23,433:TestBase.py:45:           COMPONENT : devops_installer/docker 
INFO: 2018-08-15 14:38:23,433:TestBase.py:45:           dockerRepoTag : 08.00.00.01-806f9cc5 
INFO: 2018-08-15 14:38:23,433:TestBase.py:45:           PRIORITY : 1 
INFO: 2018-08-15 14:38:23,433:TestBase.py:45:           logTimestamp : 2018-08-15-143823 
INFO: 2018-08-15 14:38:23,434:TestBase.py:45:           LOCATION : devops_installer/docker/AsterInstallOnK8s 
INFO: 2018-08-15 14:38:23,434:TestBase.py:45:           OWNER : naveen.williams 
INFO: 2018-08-15 14:38:23,435:TestBase.py:45:           PARTITIONS_PER_WORKERPOD : 2 
INFO: 2018-08-15 14:38:23,436:TestBase.py:45:           runId : 180815-99 
INFO: 2018-08-15 14:38:23,437:TestBase.py:46: --------------------------------------------------
INFO: 2018-08-15 14:38:23,477:Dart.py:752: --------------------------------------------------
INFO: 2018-08-15 14:38:23,477:TestBase.py:42:           Using the following Test Parameters:
INFO: 2018-08-15 14:38:23,477:TestBase.py:43: --------------------------------------------------
INFO: 2018-08-15 14:38:23,478:TestBase.py:45:           deleteDockerImages : True 
INFO: 2018-08-15 14:38:23,478:TestBase.py:45:           testSet : Install 
INFO: 2018-08-15 14:38:23,478:TestBase.py:45:           filePath : devops_installer/docker 
INFO: 2018-08-15 14:38:23,480:TestBase.py:45:           logPath : /root/Dart 
INFO: 2018-08-15 14:38:23,480:TestBase.py:45:           dockerRepoUser : da230151 
INFO: 2018-08-15 14:38:23,480:TestBase.py:45:           dockerRepoPassword : APB4dyNjaZ5Dr6gRKDoy8vGDcQt 
INFO: 2018-08-15 14:38:23,480:TestBase.py:45:           WORKERPOD_COUNT : 2 
INFO: 2018-08-15 14:38:23,481:TestBase.py:45:           testId : 1 
INFO: 2018-08-15 14:38:23,481:TestBase.py:45:           TIMEOUT : 7200 
INFO: 2018-08-15 14:38:23,481:TestBase.py:45:           localRegistry : False 
INFO: 2018-08-15 14:38:23,481:TestBase.py:45:           id : 1511151 
INFO: 2018-08-15 14:38:23,481:TestBase.py:45:           CATEGORY : positive 
INFO: 2018-08-15 14:38:23,481:TestBase.py:45:           dockerRepoPath : asterdata/beehive/drops/ci/08.00.00.01-806f9cc5 
INFO: 2018-08-15 14:38:23,481:TestBase.py:45:           NAME : AsterInstallOnK8s 
INFO: 2018-08-15 14:38:23,482:TestBase.py:45:           timeScale : 1 
INFO: 2018-08-15 14:38:23,482:TestBase.py:45:           dockerRepoEmail : da230151@teradata.com 
INFO: 2018-08-15 14:38:23,485:TestBase.py:45:           dockerRepoHost : sdartifact.td.teradata.com 
INFO: 2018-08-15 14:38:23,485:TestBase.py:45:           COMPONENT : devops_installer/docker 
INFO: 2018-08-15 14:38:23,485:TestBase.py:45:           dockerRepoTag : 08.00.00.01-806f9cc5 
INFO: 2018-08-15 14:38:23,485:TestBase.py:45:           PRIORITY : 1 
INFO: 2018-08-15 14:38:23,486:TestBase.py:45:           logTimestamp : 2018-08-15-143823 
INFO: 2018-08-15 14:38:23,486:TestBase.py:45:           LOCATION : devops_installer/docker/AsterInstallOnK8s 
INFO: 2018-08-15 14:38:23,486:TestBase.py:45:           OWNER : naveen.williams 
INFO: 2018-08-15 14:38:23,486:TestBase.py:45:           PARTITIONS_PER_WORKERPOD : 2 
INFO: 2018-08-15 14:38:23,486:TestBase.py:45:           runId : 180815-97 
INFO: 2018-08-15 14:38:23,486:TestBase.py:46: --------------------------------------------------
INFO: 2018-08-15 14:38:23,491:Kubernetes.py:82: Executing command [10.25.83.50]: kubectl get pods --namespace=cloud-aster
INFO: 2018-08-15 14:38:23,519:Kubernetes.py:82: Executing command [10.25.83.50]: kubectl get pods --namespace=cloud-aster
INFO: 2018-08-15 14:38:23,585:Dart.py:390: 10.25.83.53
INFO: 2018-08-15 14:38:23,585:Dart.py:426: 10.25.83.53
INFO: 2018-08-15 14:38:23,586:Dart.py:429: 10.25.83.53
INFO: 2018-08-15 14:38:23,586:Dart.py:460: ['10.25.83.51']
INFO: 2018-08-15 14:38:23,586:Dart.py:461: ['10.25.83.52', '10.25.83.53']
INFO: 2018-08-15 14:38:23,586:Dart.py:299: Test Set: Install 
INFO: 2018-08-15 14:38:23,586:Dart.py:313: Running Testset: Install
INFO: 2018-08-15 14:38:23,587:Dart.py:319:         Running Test: AsterInstallOnK8s on Cluster dart-main-sls12-03
INFO: 2018-08-15 14:38:23,587:Dart.py:322: [u'AsterInstallOnK8s', {u'deleteDockerImages': u'True', 'testSet': 'Install', u'dockerRepoUser': u'da230151', u'dockerRepoPassword': u'APB4dyNjaZ5Dr6gRKDoy8vGDcQt', u'WORKERPOD_COUNT': 2, 'testId': 1, u'TIMEOUT': 7200, u'localRegistry': u'False', 'id': 1511150, u'CATEGORY': u'positive', u'dockerRepoPath': u'asterdata/beehive/drops/ci/08.00.00.01-806f9cc5', u'NAME': u'AsterInstallOnK8s', 'timeScale': 1, u'dockerRepoEmail': u'da230151@teradata.com', u'dockerRepoHost': u'sdartifact.td.teradata.com', u'COMPONENT': u'devops_installer/docker', u'dockerRepoTag': u'08.00.00.01-806f9cc5', u'PRIORITY': u'1', u'LOCATION': u'devops_installer/docker/AsterInstallOnK8s', u'OWNER': u'naveen.williams', u'PARTITIONS_PER_WORKERPOD': 2, 'runId': u'180815-102'}, 0]
INFO: 2018-08-15 14:38:23,618:Dart.py:752: --------------------------------------------------
INFO: 2018-08-15 14:38:23,619:TestBase.py:42:           Using the following Test Parameters:
INFO: 2018-08-15 14:38:23,619:TestBase.py:43: --------------------------------------------------
INFO: 2018-08-15 14:38:23,619:TestBase.py:45:           deleteDockerImages : True 
INFO: 2018-08-15 14:38:23,619:TestBase.py:45:           testSet : Install 
INFO: 2018-08-15 14:38:23,620:TestBase.py:45:           filePath : devops_installer/docker 
INFO: 2018-08-15 14:38:23,620:TestBase.py:45:           logPath : /root/Dart 
INFO: 2018-08-15 14:38:23,620:TestBase.py:45:           dockerRepoUser : da230151 
INFO: 2018-08-15 14:38:23,620:TestBase.py:45:           dockerRepoPassword : APB4dyNjaZ5Dr6gRKDoy8vGDcQt 
INFO: 2018-08-15 14:38:23,620:TestBase.py:45:           WORKERPOD_COUNT : 2 
INFO: 2018-08-15 14:38:23,621:TestBase.py:45:           testId : 1 
INFO: 2018-08-15 14:38:23,621:TestBase.py:45:           TIMEOUT : 7200 
INFO: 2018-08-15 14:38:23,621:TestBase.py:45:           localRegistry : False 
INFO: 2018-08-15 14:38:23,622:TestBase.py:45:           id : 1511150 
INFO: 2018-08-15 14:38:23,622:TestBase.py:45:           CATEGORY : positive 
INFO: 2018-08-15 14:38:23,622:TestBase.py:45:           dockerRepoPath : asterdata/beehive/drops/ci/08.00.00.01-806f9cc5 
INFO: 2018-08-15 14:38:23,622:TestBase.py:45:           NAME : AsterInstallOnK8s 
INFO: 2018-08-15 14:38:23,622:TestBase.py:45:           timeScale : 1 
INFO: 2018-08-15 14:38:23,622:TestBase.py:45:           dockerRepoEmail : da230151@teradata.com 
INFO: 2018-08-15 14:38:23,623:TestBase.py:45:           dockerRepoHost : sdartifact.td.teradata.com 
INFO: 2018-08-15 14:38:23,623:TestBase.py:45:           COMPONENT : devops_installer/docker 
INFO: 2018-08-15 14:38:23,623:TestBase.py:45:           dockerRepoTag : 08.00.00.01-806f9cc5 
INFO: 2018-08-15 14:38:23,623:TestBase.py:45:           PRIORITY : 1 
INFO: 2018-08-15 14:38:23,623:TestBase.py:45:           logTimestamp : 2018-08-15-143823 
INFO: 2018-08-15 14:38:23,624:TestBase.py:45:           LOCATION : devops_installer/docker/AsterInstallOnK8s 
INFO: 2018-08-15 14:38:23,624:TestBase.py:45:           OWNER : naveen.williams 
INFO: 2018-08-15 14:38:23,624:TestBase.py:45:           PARTITIONS_PER_WORKERPOD : 2 
INFO: 2018-08-15 14:38:23,624:TestBase.py:45:           runId : 180815-102 
INFO: 2018-08-15 14:38:23,624:TestBase.py:46: --------------------------------------------------
INFO: 2018-08-15 14:38:23,635:Dart.py:390: 10.25.83.53
INFO: 2018-08-15 14:38:23,635:Dart.py:426: 10.25.83.53
INFO: 2018-08-15 14:38:23,635:Dart.py:429: 10.25.83.53
INFO: 2018-08-15 14:38:23,636:Dart.py:460: ['10.25.83.51']
INFO: 2018-08-15 14:38:23,636:Dart.py:461: ['10.25.83.52', '10.25.83.53']
INFO: 2018-08-15 14:38:23,636:Dart.py:299: Test Set: Install 
INFO: 2018-08-15 14:38:23,636:Dart.py:313: Running Testset: Install
INFO: 2018-08-15 14:38:23,637:Dart.py:319:         Running Test: AsterInstallOnK8s on Cluster dart-main-sls12-03
INFO: 2018-08-15 14:38:23,637:Dart.py:322: [u'AsterInstallOnK8s', {u'deleteDockerImages': u'True', 'testSet': 'Install', u'dockerRepoUser': u'da230151', u'dockerRepoPassword': u'APB4dyNjaZ5Dr6gRKDoy8vGDcQt', u'WORKERPOD_COUNT': 2, 'testId': 1, u'TIMEOUT': 7200, u'localRegistry': u'False', 'id': 1511152, u'CATEGORY': u'positive', u'dockerRepoPath': u'asterdata/beehive/drops/ci/08.00.00.01-806f9cc5', u'NAME': u'AsterInstallOnK8s', 'timeScale': 1, u'dockerRepoEmail': u'da230151@teradata.com', u'dockerRepoHost': u'sdartifact.td.teradata.com', u'COMPONENT': u'devops_installer/docker', u'dockerRepoTag': u'08.00.00.01-806f9cc5', u'PRIORITY': u'1', u'LOCATION': u'devops_installer/docker/AsterInstallOnK8s', u'OWNER': u'naveen.williams', u'PARTITIONS_PER_WORKERPOD': 2, 'runId': u'180815-100'}, 0]
INFO: 2018-08-15 14:38:23,653:Dart.py:390: 10.25.83.53
INFO: 2018-08-15 14:38:23,653:Dart.py:426: 10.25.83.53
INFO: 2018-08-15 14:38:23,654:Dart.py:429: 10.25.83.53
INFO: 2018-08-15 14:38:23,654:Dart.py:460: ['10.25.83.51']
INFO: 2018-08-15 14:38:23,654:Dart.py:461: ['10.25.83.52', '10.25.83.53']
INFO: 2018-08-15 14:38:23,654:Dart.py:299: Test Set: Install 
INFO: 2018-08-15 14:38:23,655:Dart.py:313: Running Testset: Install
INFO: 2018-08-15 14:38:23,655:Dart.py:319:         Running Test: AsterInstallOnK8s on Cluster dart-main-sls12-03
INFO: 2018-08-15 14:38:23,655:Dart.py:322: [u'AsterInstallOnK8s', {u'deleteDockerImages': u'True', 'testSet': 'Install', u'dockerRepoUser': u'da230151', u'dockerRepoPassword': u'APB4dyNjaZ5Dr6gRKDoy8vGDcQt', u'WORKERPOD_COUNT': 2, 'testId': 1, u'TIMEOUT': 7200, u'localRegistry': u'False', 'id': 1511148, u'CATEGORY': u'positive', u'dockerRepoPath': u'asterdata/beehive/drops/ci/08.00.00.01-806f9cc5', u'NAME': u'AsterInstallOnK8s', 'timeScale': 1, u'dockerRepoEmail': u'da230151@teradata.com', u'dockerRepoHost': u'sdartifact.td.teradata.com', u'COMPONENT': u'devops_installer/docker', u'dockerRepoTag': u'08.00.00.01-806f9cc5', u'PRIORITY': u'1', u'LOCATION': u'devops_installer/docker/AsterInstallOnK8s', u'OWNER': u'naveen.williams', u'PARTITIONS_PER_WORKERPOD': 2, 'runId': u'180815-98'}, 0]
INFO: 2018-08-15 14:38:23,694:Dart.py:390: 10.25.83.53
INFO: 2018-08-15 14:38:23,694:Dart.py:426: 10.25.83.53
INFO: 2018-08-15 14:38:23,694:Dart.py:429: 10.25.83.53
INFO: 2018-08-15 14:38:23,694:Dart.py:460: ['10.25.83.51']
INFO: 2018-08-15 14:38:23,694:Dart.py:461: ['10.25.83.52', '10.25.83.53']
INFO: 2018-08-15 14:38:23,695:Dart.py:299: Test Set: Install 
INFO: 2018-08-15 14:38:23,695:Dart.py:313: Running Testset: Install
INFO: 2018-08-15 14:38:23,695:Dart.py:319:         Running Test: AsterInstallOnK8s on Cluster dart-main-sls12-03
INFO: 2018-08-15 14:38:23,695:Dart.py:322: [u'AsterInstallOnK8s', {u'deleteDockerImages': u'True', 'testSet': 'Install', u'dockerRepoUser': u'da230151', u'dockerRepoPassword': u'APB4dyNjaZ5Dr6gRKDoy8vGDcQt', u'WORKERPOD_COUNT': 2, 'testId': 1, u'TIMEOUT': 7200, u'localRegistry': u'False', 'id': 1511153, u'CATEGORY': u'positive', u'dockerRepoPath': u'asterdata/beehive/drops/ci/08.00.00.01-806f9cc5', u'NAME': u'AsterInstallOnK8s', 'timeScale': 1, u'dockerRepoEmail': u'da230151@teradata.com', u'dockerRepoHost': u'sdartifact.td.teradata.com', u'COMPONENT': u'devops_installer/docker', u'dockerRepoTag': u'08.00.00.01-806f9cc5', u'PRIORITY': u'1', u'LOCATION': u'devops_installer/docker/AsterInstallOnK8s', u'OWNER': u'naveen.williams', u'PARTITIONS_PER_WORKERPOD': 2, 'runId': u'180815-101'}, 0]
INFO: 2018-08-15 14:38:23,710:Kubernetes.py:82: Executing command [10.25.83.50]: kubectl get pods --namespace=cloud-aster
INFO: 2018-08-15 14:38:23,716:Dart.py:752: --------------------------------------------------
INFO: 2018-08-15 14:38:23,719:TestBase.py:42:           Using the following Test Parameters:
INFO: 2018-08-15 14:38:23,721:TestBase.py:43: --------------------------------------------------
INFO: 2018-08-15 14:38:23,721:TestBase.py:45:           deleteDockerImages : True 
INFO: 2018-08-15 14:38:23,722:TestBase.py:45:           testSet : Install 
INFO: 2018-08-15 14:38:23,722:TestBase.py:45:           filePath : devops_installer/docker 
INFO: 2018-08-15 14:38:23,723:TestBase.py:45:           logPath : /root/Dart 
INFO: 2018-08-15 14:38:23,723:TestBase.py:45:           dockerRepoUser : da230151 
INFO: 2018-08-15 14:38:23,724:TestBase.py:45:           dockerRepoPassword : APB4dyNjaZ5Dr6gRKDoy8vGDcQt 
INFO: 2018-08-15 14:38:23,724:TestBase.py:45:           WORKERPOD_COUNT : 2 
INFO: 2018-08-15 14:38:23,725:TestBase.py:45:           testId : 1 
INFO: 2018-08-15 14:38:23,726:TestBase.py:45:           TIMEOUT : 7200 
INFO: 2018-08-15 14:38:23,726:TestBase.py:45:           localRegistry : False 
INFO: 2018-08-15 14:38:23,728:TestBase.py:45:           id : 1511152 
INFO: 2018-08-15 14:38:23,729:TestBase.py:45:           CATEGORY : positive 
INFO: 2018-08-15 14:38:23,730:TestBase.py:45:           dockerRepoPath : asterdata/beehive/drops/ci/08.00.00.01-806f9cc5 
INFO: 2018-08-15 14:38:23,732:TestBase.py:45:           NAME : AsterInstallOnK8s 
INFO: 2018-08-15 14:38:23,732:TestBase.py:45:           timeScale : 1 
INFO: 2018-08-15 14:38:23,734:TestBase.py:45:           dockerRepoEmail : da230151@teradata.com 
INFO: 2018-08-15 14:38:23,734:TestBase.py:45:           dockerRepoHost : sdartifact.td.teradata.com 
INFO: 2018-08-15 14:38:23,734:TestBase.py:45:           COMPONENT : devops_installer/docker 
INFO: 2018-08-15 14:38:23,735:TestBase.py:45:           dockerRepoTag : 08.00.00.01-806f9cc5 
INFO: 2018-08-15 14:38:23,735:TestBase.py:45:           PRIORITY : 1 
INFO: 2018-08-15 14:38:23,735:TestBase.py:45:           logTimestamp : 2018-08-15-143823 
INFO: 2018-08-15 14:38:23,735:TestBase.py:45:           LOCATION : devops_installer/docker/AsterInstallOnK8s 
INFO: 2018-08-15 14:38:23,736:TestBase.py:45:           OWNER : naveen.williams 
INFO: 2018-08-15 14:38:23,737:TestBase.py:45:           PARTITIONS_PER_WORKERPOD : 2 
INFO: 2018-08-15 14:38:23,737:TestBase.py:45:           runId : 180815-100 
INFO: 2018-08-15 14:38:23,738:TestBase.py:46: --------------------------------------------------
INFO: 2018-08-15 14:38:23,742:Dart.py:752: --------------------------------------------------
INFO: 2018-08-15 14:38:23,742:TestBase.py:42:           Using the following Test Parameters:
INFO: 2018-08-15 14:38:23,743:TestBase.py:43: --------------------------------------------------
INFO: 2018-08-15 14:38:23,744:TestBase.py:45:           deleteDockerImages : True 
INFO: 2018-08-15 14:38:23,744:TestBase.py:45:           testSet : Install 
INFO: 2018-08-15 14:38:23,744:TestBase.py:45:           filePath : devops_installer/docker 
INFO: 2018-08-15 14:38:23,744:TestBase.py:45:           logPath : /root/Dart 
INFO: 2018-08-15 14:38:23,744:TestBase.py:45:           dockerRepoUser : da230151 
INFO: 2018-08-15 14:38:23,745:TestBase.py:45:           dockerRepoPassword : APB4dyNjaZ5Dr6gRKDoy8vGDcQt 
INFO: 2018-08-15 14:38:23,746:TestBase.py:45:           WORKERPOD_COUNT : 2 
INFO: 2018-08-15 14:38:23,746:TestBase.py:45:           testId : 1 
INFO: 2018-08-15 14:38:23,746:TestBase.py:45:           TIMEOUT : 7200 
INFO: 2018-08-15 14:38:23,746:TestBase.py:45:           localRegistry : False 
INFO: 2018-08-15 14:38:23,748:TestBase.py:45:           id : 1511148 
INFO: 2018-08-15 14:38:23,750:TestBase.py:45:           CATEGORY : positive 
INFO: 2018-08-15 14:38:23,750:TestBase.py:45:           dockerRepoPath : asterdata/beehive/drops/ci/08.00.00.01-806f9cc5 
INFO: 2018-08-15 14:38:23,750:TestBase.py:45:           NAME : AsterInstallOnK8s 
INFO: 2018-08-15 14:38:23,751:TestBase.py:45:           timeScale : 1 
INFO: 2018-08-15 14:38:23,751:TestBase.py:45:           dockerRepoEmail : da230151@teradata.com 
INFO: 2018-08-15 14:38:23,751:TestBase.py:45:           dockerRepoHost : sdartifact.td.teradata.com 
INFO: 2018-08-15 14:38:23,751:TestBase.py:45:           COMPONENT : devops_installer/docker 
INFO: 2018-08-15 14:38:23,751:TestBase.py:45:           dockerRepoTag : 08.00.00.01-806f9cc5 
INFO: 2018-08-15 14:38:23,751:TestBase.py:45:           PRIORITY : 1 
INFO: 2018-08-15 14:38:23,753:TestBase.py:45:           logTimestamp : 2018-08-15-143823 
INFO: 2018-08-15 14:38:23,753:TestBase.py:45:           LOCATION : devops_installer/docker/AsterInstallOnK8s 
INFO: 2018-08-15 14:38:23,754:TestBase.py:45:           OWNER : naveen.williams 
INFO: 2018-08-15 14:38:23,754:TestBase.py:45:           PARTITIONS_PER_WORKERPOD : 2 
INFO: 2018-08-15 14:38:23,754:TestBase.py:45:           runId : 180815-98 
INFO: 2018-08-15 14:38:23,756:TestBase.py:46: --------------------------------------------------
INFO: 2018-08-15 14:38:23,771:Dart.py:752: --------------------------------------------------
INFO: 2018-08-15 14:38:23,774:TestBase.py:42:           Using the following Test Parameters:
INFO: 2018-08-15 14:38:23,774:TestBase.py:43: --------------------------------------------------
INFO: 2018-08-15 14:38:23,774:TestBase.py:45:           deleteDockerImages : True 
INFO: 2018-08-15 14:38:23,775:TestBase.py:45:           testSet : Install 
INFO: 2018-08-15 14:38:23,775:TestBase.py:45:           filePath : devops_installer/docker 
INFO: 2018-08-15 14:38:23,775:TestBase.py:45:           logPath : /root/Dart 
INFO: 2018-08-15 14:38:23,775:TestBase.py:45:           dockerRepoUser : da230151 
INFO: 2018-08-15 14:38:23,775:TestBase.py:45:           dockerRepoPassword : APB4dyNjaZ5Dr6gRKDoy8vGDcQt 
INFO: 2018-08-15 14:38:23,776:TestBase.py:45:           WORKERPOD_COUNT : 2 
INFO: 2018-08-15 14:38:23,776:TestBase.py:45:           testId : 1 
INFO: 2018-08-15 14:38:23,776:TestBase.py:45:           TIMEOUT : 7200 
INFO: 2018-08-15 14:38:23,778:TestBase.py:45:           localRegistry : False 
INFO: 2018-08-15 14:38:23,778:TestBase.py:45:           id : 1511153 
INFO: 2018-08-15 14:38:23,778:TestBase.py:45:           CATEGORY : positive 
INFO: 2018-08-15 14:38:23,779:TestBase.py:45:           dockerRepoPath : asterdata/beehive/drops/ci/08.00.00.01-806f9cc5 
INFO: 2018-08-15 14:38:23,779:TestBase.py:45:           NAME : AsterInstallOnK8s 
INFO: 2018-08-15 14:38:23,782:TestBase.py:45:           timeScale : 1 
INFO: 2018-08-15 14:38:23,782:TestBase.py:45:           dockerRepoEmail : da230151@teradata.com 
INFO: 2018-08-15 14:38:23,782:TestBase.py:45:           dockerRepoHost : sdartifact.td.teradata.com 
INFO: 2018-08-15 14:38:23,782:TestBase.py:45:           COMPONENT : devops_installer/docker 
INFO: 2018-08-15 14:38:23,783:TestBase.py:45:           dockerRepoTag : 08.00.00.01-806f9cc5 
INFO: 2018-08-15 14:38:23,783:TestBase.py:45:           PRIORITY : 1 
INFO: 2018-08-15 14:38:23,783:TestBase.py:45:           logTimestamp : 2018-08-15-143823 
INFO: 2018-08-15 14:38:23,786:TestBase.py:45:           LOCATION : devops_installer/docker/AsterInstallOnK8s 
INFO: 2018-08-15 14:38:23,786:TestBase.py:45:           OWNER : naveen.williams 
INFO: 2018-08-15 14:38:23,786:TestBase.py:45:           PARTITIONS_PER_WORKERPOD : 2 
INFO: 2018-08-15 14:38:23,786:TestBase.py:45:           runId : 180815-101 
INFO: 2018-08-15 14:38:23,787:TestBase.py:46: --------------------------------------------------
INFO: 2018-08-15 14:38:23,821:Kubernetes.py:82: Executing command [10.25.83.50]: kubectl get pods --namespace=cloud-aster
INFO: 2018-08-15 14:38:23,834:Kubernetes.py:82: Executing command [10.25.83.50]: kubectl get pods --namespace=cloud-aster
INFO: 2018-08-15 14:38:23,846:Kubernetes.py:82: Executing command [10.25.83.50]: kubectl get pods --namespace=cloud-aster
INFO: 2018-08-15 14:38:24,596:TestBase.py:170: NAME      READY     STATUS             RESTARTS   AGE
consul    1/1       Running            0          18h
queen     17/18     CrashLoopBackOff   159        18h
worker1   7/7       Running            0          18h
worker2   7/7       Running            0          18h

INFO: 2018-08-15 14:38:24,597:Kubernetes.py:82: Executing command [10.25.83.50]: kubectl get svc queenexec-service -o json jsonpath={.spec.Ports} -n cloud-aster
INFO: 2018-08-15 14:38:24,645:TestBase.py:170: NAME      READY     STATUS             RESTARTS   AGE
consul    1/1       Running            0          18h
queen     17/18     CrashLoopBackOff   159        18h
worker1   7/7       Running            0          18h
worker2   7/7       Running            0          18h

INFO: 2018-08-15 14:38:24,645:Kubernetes.py:82: Executing command [10.25.83.50]: kubectl get svc queenexec-service -o json jsonpath={.spec.Ports} -n cloud-aster
INFO: 2018-08-15 14:38:24,911:TestBase.py:170: NAME      READY     STATUS             RESTARTS   AGE
consul    1/1       Running            0          18h
queen     17/18     CrashLoopBackOff   159        18h
worker1   7/7       Running            0          18h
worker2   7/7       Running            0          18h

INFO: 2018-08-15 14:38:24,912:Kubernetes.py:82: Executing command [10.25.83.50]: kubectl get svc queenexec-service -o json jsonpath={.spec.Ports} -n cloud-aster
INFO: 2018-08-15 14:38:25,138:TestBase.py:170: NAME      READY     STATUS             RESTARTS   AGE
consul    1/1       Running            0          18h
queen     17/18     CrashLoopBackOff   159        18h
worker1   7/7       Running            0          18h
worker2   7/7       Running            0          18h

INFO: 2018-08-15 14:38:25,138:Kubernetes.py:82: Executing command [10.25.83.50]: kubectl get svc queenexec-service -o json jsonpath={.spec.Ports} -n cloud-aster
INFO: 2018-08-15 14:38:25,160:TestBase.py:170: NAME      READY     STATUS             RESTARTS   AGE
consul    1/1       Running            0          18h
queen     17/18     CrashLoopBackOff   159        18h
worker1   7/7       Running            0          18h
worker2   7/7       Running            0          18h

INFO: 2018-08-15 14:38:25,161:Kubernetes.py:82: Executing command [10.25.83.50]: kubectl get svc queenexec-service -o json jsonpath={.spec.Ports} -n cloud-aster
INFO: 2018-08-15 14:38:25,239:TestBase.py:170: NAME      READY     STATUS             RESTARTS   AGE
consul    1/1       Running            0          18h
queen     17/18     CrashLoopBackOff   159        18h
worker1   7/7       Running            0          18h
worker2   7/7       Running            0          18h

INFO: 2018-08-15 14:38:25,240:Kubernetes.py:82: Executing command [10.25.83.50]: kubectl get svc queenexec-service -o json jsonpath={.spec.Ports} -n cloud-aster
ERROR: 2018-08-15 14:38:25,603:Dart.py:772: unsupported operand type(s) for +: 'NoneType' and 'str'
ERROR: 2018-08-15 14:38:25,604:Dart.py:773: The test raised an Unexpected Exception!
ERROR: 2018-08-15 14:38:25,604:Dart.py:774: (<type 'exceptions.TypeError'>, TypeError("unsupported operand type(s) for +: 'NoneType' and 'str'",), <traceback object at 0x7ff5300355a8>)
ERROR: 2018-08-15 14:38:25,605:Dart.py:775: Traceback (most recent call last):
  File "/root/Dart/Dart.py", line 756, in runTest
    testInstance = test(self.cfgJson, testParam)
  File "/root/Dart/testsrc/devops_installer/docker/AsterInstallOnK8s.py", line 46, in __init__
    KubernetesTestBase.__init__(self, cfgJson, testParams)
  File "/root/Dart/testsrc/devops_installer/docker/KubernetesTestBase.py", line 26, in __init__
    self.ansibleSetupDir = self.buildLoc + "/asterK8sInstaller/kubernetes/multinode/vrealize/ansible-remote"
TypeError: unsupported operand type(s) for +: 'NoneType' and 'str'

INFO: 2018-08-15 14:38:25,605:Dart.py:781: The test AsterInstallOnK8s has FAILED
ERROR: 2018-08-15 14:38:25,605:Dart.py:325: unsupported operand type(s) for +: 'NoneType' and 'str'
ERROR: 2018-08-15 14:38:25,606:Dart.py:327: (<type 'exceptions.TypeError'>, TypeError("unsupported operand type(s) for +: 'NoneType' and 'str'",), <traceback object at 0x7ff51edad518>)
ERROR: 2018-08-15 14:38:25,606:Dart.py:328: Traceback (most recent call last):
  File "/root/Dart/Dart.py", line 323, in __init__
    self.runTest(testset, test[0], test[1], test[2])
  File "/root/Dart/Dart.py", line 756, in runTest
    testInstance = test(self.cfgJson, testParam)
  File "/root/Dart/testsrc/devops_installer/docker/AsterInstallOnK8s.py", line 46, in __init__
    KubernetesTestBase.__init__(self, cfgJson, testParams)
  File "/root/Dart/testsrc/devops_installer/docker/KubernetesTestBase.py", line 26, in __init__
    self.ansibleSetupDir = self.buildLoc + "/asterK8sInstaller/kubernetes/multinode/vrealize/ansible-remote"
TypeError: unsupported operand type(s) for +: 'NoneType' and 'str'

INFO: 2018-08-15 14:38:25,606:Dart.py:329: Continuing with the remaining tests!
INFO: 2018-08-15 14:38:25,607:Dart.py:334: Test Set : Install Total Execution Time: 2 
INFO: 2018-08-15 14:38:25,635:DartRunner.py:2587: Updated Status: On test AsterInstallOnK8s
INFO: 2018-08-15 14:38:25,635:DartRunner.py:2588: {'status': 'FAIL', 'execution_time': '00:00:02', 'log_location': u'/root/DartLogs/dart-main-sls12-03_AsterInstallOnK8s_2018-08-15-143823.log', 'end_time': '2018-08-15 14:38:25'}
ERROR: 2018-08-15 14:38:25,644:Dart.py:772: unsupported operand type(s) for +: 'NoneType' and 'str'
ERROR: 2018-08-15 14:38:25,644:Dart.py:773: The test raised an Unexpected Exception!
ERROR: 2018-08-15 14:38:25,644:Dart.py:774: (<type 'exceptions.TypeError'>, TypeError("unsupported operand type(s) for +: 'NoneType' and 'str'",), <traceback object at 0x7f93a185f5a8>)
ERROR: 2018-08-15 14:38:25,645:Dart.py:775: Traceback (most recent call last):
  File "/root/Dart/Dart.py", line 756, in runTest
    testInstance = test(self.cfgJson, testParam)
  File "/root/Dart/testsrc/devops_installer/docker/AsterInstallOnK8s.py", line 46, in __init__
    KubernetesTestBase.__init__(self, cfgJson, testParams)
  File "/root/Dart/testsrc/devops_installer/docker/KubernetesTestBase.py", line 26, in __init__
    self.ansibleSetupDir = self.buildLoc + "/asterK8sInstaller/kubernetes/multinode/vrealize/ansible-remote"
TypeError: unsupported operand type(s) for +: 'NoneType' and 'str'

INFO: 2018-08-15 14:38:25,645:Dart.py:781: The test AsterInstallOnK8s has FAILED
ERROR: 2018-08-15 14:38:25,646:Dart.py:325: unsupported operand type(s) for +: 'NoneType' and 'str'
ERROR: 2018-08-15 14:38:25,646:Dart.py:327: (<type 'exceptions.TypeError'>, TypeError("unsupported operand type(s) for +: 'NoneType' and 'str'",), <traceback object at 0x7f93a07fb518>)
ERROR: 2018-08-15 14:38:25,647:Dart.py:328: Traceback (most recent call last):
  File "/root/Dart/Dart.py", line 323, in __init__
    self.runTest(testset, test[0], test[1], test[2])
  File "/root/Dart/Dart.py", line 756, in runTest
    testInstance = test(self.cfgJson, testParam)
  File "/root/Dart/testsrc/devops_installer/docker/AsterInstallOnK8s.py", line 46, in __init__
    KubernetesTestBase.__init__(self, cfgJson, testParams)
  File "/root/Dart/testsrc/devops_installer/docker/KubernetesTestBase.py", line 26, in __init__
    self.ansibleSetupDir = self.buildLoc + "/asterK8sInstaller/kubernetes/multinode/vrealize/ansible-remote"
TypeError: unsupported operand type(s) for +: 'NoneType' and 'str'

INFO: 2018-08-15 14:38:25,647:Dart.py:329: Continuing with the remaining tests!
INFO: 2018-08-15 14:38:25,647:Dart.py:334: Test Set : Install Total Execution Time: 2 
INFO: 2018-08-15 14:38:25,670:DartRunner.py:2587: Updated Status: On test AsterInstallOnK8s
INFO: 2018-08-15 14:38:25,671:DartRunner.py:2588: {'status': 'FAIL', 'execution_time': '00:00:02', 'log_location': u'/root/DartLogs/dart-main-sls12-03_AsterInstallOnK8s_2018-08-15-143823.log', 'end_time': '2018-08-15 14:38:25'}
ERROR: 2018-08-15 14:38:25,946:Dart.py:772: unsupported operand type(s) for +: 'NoneType' and 'str'
ERROR: 2018-08-15 14:38:25,946:Dart.py:773: The test raised an Unexpected Exception!
ERROR: 2018-08-15 14:38:25,947:Dart.py:774: (<type 'exceptions.TypeError'>, TypeError("unsupported operand type(s) for +: 'NoneType' and 'str'",), <traceback object at 0x7f7b180775a8>)
ERROR: 2018-08-15 14:38:25,947:Dart.py:775: Traceback (most recent call last):
  File "/root/Dart/Dart.py", line 756, in runTest
    testInstance = test(self.cfgJson, testParam)
  File "/root/Dart/testsrc/devops_installer/docker/AsterInstallOnK8s.py", line 46, in __init__
    KubernetesTestBase.__init__(self, cfgJson, testParams)
  File "/root/Dart/testsrc/devops_installer/docker/KubernetesTestBase.py", line 26, in __init__
    self.ansibleSetupDir = self.buildLoc + "/asterK8sInstaller/kubernetes/multinode/vrealize/ansible-remote"
TypeError: unsupported operand type(s) for +: 'NoneType' and 'str'

INFO: 2018-08-15 14:38:25,948:Dart.py:781: The test AsterInstallOnK8s has FAILED
ERROR: 2018-08-15 14:38:25,948:Dart.py:325: unsupported operand type(s) for +: 'NoneType' and 'str'
ERROR: 2018-08-15 14:38:25,949:Dart.py:327: (<type 'exceptions.TypeError'>, TypeError("unsupported operand type(s) for +: 'NoneType' and 'str'",), <traceback object at 0x7f7b18015518>)
ERROR: 2018-08-15 14:38:25,949:Dart.py:328: Traceback (most recent call last):
  File "/root/Dart/Dart.py", line 323, in __init__
    self.runTest(testset, test[0], test[1], test[2])
  File "/root/Dart/Dart.py", line 756, in runTest
    testInstance = test(self.cfgJson, testParam)
  File "/root/Dart/testsrc/devops_installer/docker/AsterInstallOnK8s.py", line 46, in __init__
    KubernetesTestBase.__init__(self, cfgJson, testParams)
  File "/root/Dart/testsrc/devops_installer/docker/KubernetesTestBase.py", line 26, in __init__
    self.ansibleSetupDir = self.buildLoc + "/asterK8sInstaller/kubernetes/multinode/vrealize/ansible-remote"
TypeError: unsupported operand type(s) for +: 'NoneType' and 'str'

INFO: 2018-08-15 14:38:25,950:Dart.py:329: Continuing with the remaining tests!
INFO: 2018-08-15 14:38:25,950:Dart.py:334: Test Set : Install Total Execution Time: 2 
INFO: 2018-08-15 14:38:25,976:DartRunner.py:2587: Updated Status: On test AsterInstallOnK8s
INFO: 2018-08-15 14:38:25,976:DartRunner.py:2588: {'status': 'FAIL', 'execution_time': '00:00:02', 'log_location': u'/root/DartLogs/dart-main-sls12-03_AsterInstallOnK8s_2018-08-15-143823.log', 'end_time': '2018-08-15 14:38:25'}
ERROR: 2018-08-15 14:38:26,067:Dart.py:772: unsupported operand type(s) for +: 'NoneType' and 'str'
ERROR: 2018-08-15 14:38:26,067:Dart.py:773: The test raised an Unexpected Exception!
ERROR: 2018-08-15 14:38:26,068:Dart.py:774: (<type 'exceptions.TypeError'>, TypeError("unsupported operand type(s) for +: 'NoneType' and 'str'",), <traceback object at 0x7f04a00ee5a8>)
ERROR: 2018-08-15 14:38:26,068:Dart.py:775: Traceback (most recent call last):
  File "/root/Dart/Dart.py", line 756, in runTest
    testInstance = test(self.cfgJson, testParam)
  File "/root/Dart/testsrc/devops_installer/docker/AsterInstallOnK8s.py", line 46, in __init__
    KubernetesTestBase.__init__(self, cfgJson, testParams)
  File "/root/Dart/testsrc/devops_installer/docker/KubernetesTestBase.py", line 26, in __init__
    self.ansibleSetupDir = self.buildLoc + "/asterK8sInstaller/kubernetes/multinode/vrealize/ansible-remote"
TypeError: unsupported operand type(s) for +: 'NoneType' and 'str'

INFO: 2018-08-15 14:38:26,069:Dart.py:781: The test AsterInstallOnK8s has FAILED
ERROR: 2018-08-15 14:38:26,069:Dart.py:325: unsupported operand type(s) for +: 'NoneType' and 'str'
ERROR: 2018-08-15 14:38:26,070:Dart.py:327: (<type 'exceptions.TypeError'>, TypeError("unsupported operand type(s) for +: 'NoneType' and 'str'",), <traceback object at 0x7f04a008c518>)
ERROR: 2018-08-15 14:38:26,070:Dart.py:328: Traceback (most recent call last):
  File "/root/Dart/Dart.py", line 323, in __init__
    self.runTest(testset, test[0], test[1], test[2])
  File "/root/Dart/Dart.py", line 756, in runTest
    testInstance = test(self.cfgJson, testParam)
  File "/root/Dart/testsrc/devops_installer/docker/AsterInstallOnK8s.py", line 46, in __init__
    KubernetesTestBase.__init__(self, cfgJson, testParams)
  File "/root/Dart/testsrc/devops_installer/docker/KubernetesTestBase.py", line 26, in __init__
    self.ansibleSetupDir = self.buildLoc + "/asterK8sInstaller/kubernetes/multinode/vrealize/ansible-remote"
TypeError: unsupported operand type(s) for +: 'NoneType' and 'str'

INFO: 2018-08-15 14:38:26,070:Dart.py:329: Continuing with the remaining tests!
INFO: 2018-08-15 14:38:26,070:Dart.py:334: Test Set : Install Total Execution Time: 2 
ERROR: 2018-08-15 14:38:26,088:Dart.py:772: unsupported operand type(s) for +: 'NoneType' and 'str'
ERROR: 2018-08-15 14:38:26,088:Dart.py:773: The test raised an Unexpected Exception!
ERROR: 2018-08-15 14:38:26,088:Dart.py:774: (<type 'exceptions.TypeError'>, TypeError("unsupported operand type(s) for +: 'NoneType' and 'str'",), <traceback object at 0x7feb300535a8>)
ERROR: 2018-08-15 14:38:26,089:Dart.py:775: Traceback (most recent call last):
  File "/root/Dart/Dart.py", line 756, in runTest
    testInstance = test(self.cfgJson, testParam)
  File "/root/Dart/testsrc/devops_installer/docker/AsterInstallOnK8s.py", line 46, in __init__
    KubernetesTestBase.__init__(self, cfgJson, testParams)
  File "/root/Dart/testsrc/devops_installer/docker/KubernetesTestBase.py", line 26, in __init__
    self.ansibleSetupDir = self.buildLoc + "/asterK8sInstaller/kubernetes/multinode/vrealize/ansible-remote"
TypeError: unsupported operand type(s) for +: 'NoneType' and 'str'

INFO: 2018-08-15 14:38:26,089:Dart.py:781: The test AsterInstallOnK8s has FAILED
ERROR: 2018-08-15 14:38:26,090:Dart.py:325: unsupported operand type(s) for +: 'NoneType' and 'str'
ERROR: 2018-08-15 14:38:26,090:Dart.py:327: (<type 'exceptions.TypeError'>, TypeError("unsupported operand type(s) for +: 'NoneType' and 'str'",), <traceback object at 0x7feb295aa518>)
ERROR: 2018-08-15 14:38:26,090:Dart.py:328: Traceback (most recent call last):
  File "/root/Dart/Dart.py", line 323, in __init__
    self.runTest(testset, test[0], test[1], test[2])
  File "/root/Dart/Dart.py", line 756, in runTest
    testInstance = test(self.cfgJson, testParam)
  File "/root/Dart/testsrc/devops_installer/docker/AsterInstallOnK8s.py", line 46, in __init__
    KubernetesTestBase.__init__(self, cfgJson, testParams)
  File "/root/Dart/testsrc/devops_installer/docker/KubernetesTestBase.py", line 26, in __init__
    self.ansibleSetupDir = self.buildLoc + "/asterK8sInstaller/kubernetes/multinode/vrealize/ansible-remote"
TypeError: unsupported operand type(s) for +: 'NoneType' and 'str'

INFO: 2018-08-15 14:38:26,091:Dart.py:329: Continuing with the remaining tests!
INFO: 2018-08-15 14:38:26,091:Dart.py:334: Test Set : Install Total Execution Time: 2 
INFO: 2018-08-15 14:38:26,098:DartRunner.py:2587: Updated Status: On test AsterInstallOnK8s
INFO: 2018-08-15 14:38:26,099:DartRunner.py:2588: {'status': 'FAIL', 'execution_time': '00:00:02', 'log_location': u'/root/DartLogs/dart-main-sls12-03_AsterInstallOnK8s_2018-08-15-143823.log', 'end_time': '2018-08-15 14:38:26'}
INFO: 2018-08-15 14:38:26,116:DartRunner.py:2587: Updated Status: On test AsterInstallOnK8s
INFO: 2018-08-15 14:38:26,116:DartRunner.py:2588: {'status': 'FAIL', 'execution_time': '00:00:02', 'log_location': u'/root/DartLogs/dart-main-sls12-03_AsterInstallOnK8s_2018-08-15-143823.log', 'end_time': '2018-08-15 14:38:26'}
ERROR: 2018-08-15 14:38:26,190:Dart.py:772: unsupported operand type(s) for +: 'NoneType' and 'str'
ERROR: 2018-08-15 14:38:26,190:Dart.py:773: The test raised an Unexpected Exception!
ERROR: 2018-08-15 14:38:26,191:Dart.py:774: (<type 'exceptions.TypeError'>, TypeError("unsupported operand type(s) for +: 'NoneType' and 'str'",), <traceback object at 0x7f00e43f15a8>)
ERROR: 2018-08-15 14:38:26,191:Dart.py:775: Traceback (most recent call last):
  File "/root/Dart/Dart.py", line 756, in runTest
    testInstance = test(self.cfgJson, testParam)
  File "/root/Dart/testsrc/devops_installer/docker/AsterInstallOnK8s.py", line 46, in __init__
    KubernetesTestBase.__init__(self, cfgJson, testParams)
  File "/root/Dart/testsrc/devops_installer/docker/KubernetesTestBase.py", line 26, in __init__
    self.ansibleSetupDir = self.buildLoc + "/asterK8sInstaller/kubernetes/multinode/vrealize/ansible-remote"
TypeError: unsupported operand type(s) for +: 'NoneType' and 'str'

INFO: 2018-08-15 14:38:26,192:Dart.py:781: The test AsterInstallOnK8s has FAILED
ERROR: 2018-08-15 14:38:26,192:Dart.py:325: unsupported operand type(s) for +: 'NoneType' and 'str'
ERROR: 2018-08-15 14:38:26,193:Dart.py:327: (<type 'exceptions.TypeError'>, TypeError("unsupported operand type(s) for +: 'NoneType' and 'str'",), <traceback object at 0x7f00e438f518>)
ERROR: 2018-08-15 14:38:26,193:Dart.py:328: Traceback (most recent call last):
  File "/root/Dart/Dart.py", line 323, in __init__
    self.runTest(testset, test[0], test[1], test[2])
  File "/root/Dart/Dart.py", line 756, in runTest
    testInstance = test(self.cfgJson, testParam)
  File "/root/Dart/testsrc/devops_installer/docker/AsterInstallOnK8s.py", line 46, in __init__
    KubernetesTestBase.__init__(self, cfgJson, testParams)
  File "/root/Dart/testsrc/devops_installer/docker/KubernetesTestBase.py", line 26, in __init__
    self.ansibleSetupDir = self.buildLoc + "/asterK8sInstaller/kubernetes/multinode/vrealize/ansible-remote"
TypeError: unsupported operand type(s) for +: 'NoneType' and 'str'

INFO: 2018-08-15 14:38:26,193:Dart.py:329: Continuing with the remaining tests!
INFO: 2018-08-15 14:38:26,193:Dart.py:334: Test Set : Install Total Execution Time: 2 
INFO: 2018-08-15 14:38:26,217:DartRunner.py:2587: Updated Status: On test AsterInstallOnK8s
INFO: 2018-08-15 14:38:26,217:DartRunner.py:2588: {'status': 'FAIL', 'execution_time': '00:00:02', 'log_location': u'/root/DartLogs/dart-main-sls12-03_AsterInstallOnK8s_2018-08-15-143823.log', 'end_time': '2018-08-15 14:38:26'}
INFO: 2018-08-15 14:38:26,270:DartRunner.py:2647: Successfully uploaded the Dart Test Log: dart-main-sls12-03_AsterInstallOnK8s_2018-08-15-143823.log
INFO: 2018-08-15 14:38:26,277:DartRunner.py:2647: Successfully uploaded the Dart Test Log: dart-main-sls12-03_AsterInstallOnK8s_2018-08-15-143823.log
INFO: 2018-08-15 14:38:26,289:DartDBConnect.py:127: Running the sql:
INFO: 2018-08-15 14:38:26,289:DartDBConnect.py:128: SELECT retry_logs from darttest WHERE id=1511149;
INFO: 2018-08-15 14:38:26,294:DartDBConnect.py:132: Select Return Value ========
INFO: 2018-08-15 14:38:26,294:DartDBConnect.py:133: [(None,)]
INFO: 2018-08-15 14:38:26,294:DartRunner.py:2629: Select Success: (None,) test AsterInstallOnK8s
INFO: 2018-08-15 14:38:26,295:DartRunner.py:2630: [(None,)]
INFO: 2018-08-15 14:38:26,295:DartRunner.py:2332: RETRY LOG STRING =====
INFO: 2018-08-15 14:38:26,295:DartRunner.py:2333: None
INFO: 2018-08-15 14:38:26,300:DartDBConnect.py:127: Running the sql:
INFO: 2018-08-15 14:38:26,300:DartDBConnect.py:128: SELECT retry_logs from darttest WHERE id=1511151;
INFO: 2018-08-15 14:38:26,304:DartDBConnect.py:132: Select Return Value ========
INFO: 2018-08-15 14:38:26,304:DartDBConnect.py:133: [(None,)]
INFO: 2018-08-15 14:38:26,305:DartRunner.py:2629: Select Success: (None,) test AsterInstallOnK8s
INFO: 2018-08-15 14:38:26,305:DartRunner.py:2630: [(None,)]
INFO: 2018-08-15 14:38:26,305:DartRunner.py:2332: RETRY LOG STRING =====
INFO: 2018-08-15 14:38:26,305:DartRunner.py:2333: None
INFO: 2018-08-15 14:38:26,332:DartRunner.py:2587: Updated Status: On test AsterInstallOnK8s
INFO: 2018-08-15 14:38:26,332:DartRunner.py:2588: {'status': 'FAIL', 'execution_time': '00:00:02', 'log_location': u'/root/DartLogs/dart-main-sls12-03_AsterInstallOnK8s_2018-08-15-143823.log', 'end_time': '2018-08-15 14:38:25', 'retry_logs': u'/root/DartLogs/dart-main-sls12-03_AsterInstallOnK8s_2018-08-15-143823.log'}
INFO: 2018-08-15 14:38:26,332:DartRunner.py:2727: Attempting to get the Kernel and os information from the Cluster
INFO: 2018-08-15 14:38:26,337:DartRunner.py:2587: Updated Status: On test AsterInstallOnK8s
INFO: 2018-08-15 14:38:26,338:DartRunner.py:2588: {'status': 'FAIL', 'execution_time': '00:00:02', 'log_location': u'/root/DartLogs/dart-main-sls12-03_AsterInstallOnK8s_2018-08-15-143823.log', 'end_time': '2018-08-15 14:38:25', 'retry_logs': u'/root/DartLogs/dart-main-sls12-03_AsterInstallOnK8s_2018-08-15-143823.log'}
INFO: 2018-08-15 14:38:26,338:DartRunner.py:2727: Attempting to get the Kernel and os information from the Cluster
INFO: 2018-08-15 14:38:26,526:DartRunner.py:2647: Successfully uploaded the Dart Test Log: dart-main-sls12-03_AsterInstallOnK8s_2018-08-15-143823.log
INFO: 2018-08-15 14:38:26,545:DartDBConnect.py:127: Running the sql:
INFO: 2018-08-15 14:38:26,545:DartDBConnect.py:128: SELECT retry_logs from darttest WHERE id=1511150;
INFO: 2018-08-15 14:38:26,549:DartDBConnect.py:132: Select Return Value ========
INFO: 2018-08-15 14:38:26,549:DartDBConnect.py:133: [(None,)]
INFO: 2018-08-15 14:38:26,549:DartRunner.py:2629: Select Success: (None,) test AsterInstallOnK8s
INFO: 2018-08-15 14:38:26,549:DartRunner.py:2630: [(None,)]
INFO: 2018-08-15 14:38:26,549:DartRunner.py:2332: RETRY LOG STRING =====
INFO: 2018-08-15 14:38:26,550:DartRunner.py:2333: None
INFO: 2018-08-15 14:38:26,571:DartRunner.py:2587: Updated Status: On test AsterInstallOnK8s
INFO: 2018-08-15 14:38:26,572:DartRunner.py:2588: {'status': 'FAIL', 'execution_time': '00:00:02', 'log_location': u'/root/DartLogs/dart-main-sls12-03_AsterInstallOnK8s_2018-08-15-143823.log', 'end_time': '2018-08-15 14:38:25', 'retry_logs': u'/root/DartLogs/dart-main-sls12-03_AsterInstallOnK8s_2018-08-15-143823.log'}
INFO: 2018-08-15 14:38:26,572:DartRunner.py:2727: Attempting to get the Kernel and os information from the Cluster
INFO: 2018-08-15 14:38:26,686:DartRunner.py:2647: Successfully uploaded the Dart Test Log: dart-main-sls12-03_AsterInstallOnK8s_2018-08-15-143823.log
INFO: 2018-08-15 14:38:26,705:DartDBConnect.py:127: Running the sql:
INFO: 2018-08-15 14:38:26,705:DartDBConnect.py:128: SELECT retry_logs from darttest WHERE id=1511148;
INFO: 2018-08-15 14:38:26,708:DartDBConnect.py:132: Select Return Value ========
INFO: 2018-08-15 14:38:26,708:DartDBConnect.py:133: [(None,)]
INFO: 2018-08-15 14:38:26,709:DartRunner.py:2629: Select Success: (None,) test AsterInstallOnK8s
INFO: 2018-08-15 14:38:26,709:DartRunner.py:2630: [(None,)]
INFO: 2018-08-15 14:38:26,709:DartRunner.py:2332: RETRY LOG STRING =====
INFO: 2018-08-15 14:38:26,709:DartRunner.py:2333: None
INFO: 2018-08-15 14:38:26,721:DartRunner.py:2647: Successfully uploaded the Dart Test Log: dart-main-sls12-03_AsterInstallOnK8s_2018-08-15-143823.log
INFO: 2018-08-15 14:38:26,735:DartDBConnect.py:127: Running the sql:
INFO: 2018-08-15 14:38:26,735:DartDBConnect.py:128: SELECT retry_logs from darttest WHERE id=1511152;
INFO: 2018-08-15 14:38:26,739:DartDBConnect.py:132: Select Return Value ========
INFO: 2018-08-15 14:38:26,739:DartDBConnect.py:133: [(None,)]
INFO: 2018-08-15 14:38:26,740:DartRunner.py:2629: Select Success: (None,) test AsterInstallOnK8s
INFO: 2018-08-15 14:38:26,740:DartRunner.py:2630: [(None,)]
INFO: 2018-08-15 14:38:26,740:DartRunner.py:2332: RETRY LOG STRING =====
INFO: 2018-08-15 14:38:26,740:DartRunner.py:2333: None
INFO: 2018-08-15 14:38:26,741:DartRunner.py:2587: Updated Status: On test AsterInstallOnK8s
INFO: 2018-08-15 14:38:26,741:DartRunner.py:2588: {'status': 'FAIL', 'execution_time': '00:00:02', 'log_location': u'/root/DartLogs/dart-main-sls12-03_AsterInstallOnK8s_2018-08-15-143823.log', 'end_time': '2018-08-15 14:38:26', 'retry_logs': u'/root/DartLogs/dart-main-sls12-03_AsterInstallOnK8s_2018-08-15-143823.log'}
INFO: 2018-08-15 14:38:26,741:DartRunner.py:2727: Attempting to get the Kernel and os information from the Cluster
INFO: 2018-08-15 14:38:26,761:DartRunner.py:2587: Updated Status: On test AsterInstallOnK8s
INFO: 2018-08-15 14:38:26,761:DartRunner.py:2588: {'status': 'FAIL', 'execution_time': '00:00:02', 'log_location': u'/root/DartLogs/dart-main-sls12-03_AsterInstallOnK8s_2018-08-15-143823.log', 'end_time': '2018-08-15 14:38:26', 'retry_logs': u'/root/DartLogs/dart-main-sls12-03_AsterInstallOnK8s_2018-08-15-143823.log'}
INFO: 2018-08-15 14:38:26,761:DartRunner.py:2727: Attempting to get the Kernel and os information from the Cluster
INFO: 2018-08-15 14:38:26,812:DartRunner.py:2647: Successfully uploaded the Dart Test Log: dart-main-sls12-03_AsterInstallOnK8s_2018-08-15-143823.log
INFO: 2018-08-15 14:38:26,826:DartDBConnect.py:127: Running the sql:
INFO: 2018-08-15 14:38:26,826:DartDBConnect.py:128: SELECT retry_logs from darttest WHERE id=1511153;
INFO: 2018-08-15 14:38:26,831:DartDBConnect.py:132: Select Return Value ========
INFO: 2018-08-15 14:38:26,831:DartDBConnect.py:133: [(None,)]
INFO: 2018-08-15 14:38:26,831:DartRunner.py:2629: Select Success: (None,) test AsterInstallOnK8s
INFO: 2018-08-15 14:38:26,831:DartRunner.py:2630: [(None,)]
INFO: 2018-08-15 14:38:26,832:DartRunner.py:2332: RETRY LOG STRING =====
INFO: 2018-08-15 14:38:26,832:DartRunner.py:2333: None
INFO: 2018-08-15 14:38:26,858:DartRunner.py:2587: Updated Status: On test AsterInstallOnK8s
INFO: 2018-08-15 14:38:26,858:DartRunner.py:2588: {'status': 'FAIL', 'execution_time': '00:00:02', 'log_location': u'/root/DartLogs/dart-main-sls12-03_AsterInstallOnK8s_2018-08-15-143823.log', 'end_time': '2018-08-15 14:38:26', 'retry_logs': u'/root/DartLogs/dart-main-sls12-03_AsterInstallOnK8s_2018-08-15-143823.log'}
INFO: 2018-08-15 14:38:26,858:DartRunner.py:2727: Attempting to get the Kernel and os information from the Cluster
INFO: 2018-08-15 14:38:27,835:DartRunner.py:2587: Updated Status: On test AsterInstallOnK8s
INFO: 2018-08-15 14:38:27,835:DartRunner.py:2588: {'kernel_version': '4.4.121-92.80-default', 'os_version': '', 'revision': '08.00.00.01-806f9cc5'}
INFO: 2018-08-15 14:38:27,837:DartRunner.py:2587: Updated Status: On test AsterInstallOnK8s
INFO: 2018-08-15 14:38:27,838:DartRunner.py:2588: {'kernel_version': '4.4.121-92.80-default', 'os_version': '', 'revision': '08.00.00.01-806f9cc5'}
INFO: 2018-08-15 14:38:28,001:DartRunner.py:2587: Updated Status: On test AsterInstallOnK8s
INFO: 2018-08-15 14:38:28,002:DartRunner.py:2588: {'kernel_version': '4.4.121-92.80-default', 'os_version': '', 'revision': '08.00.00.01-806f9cc5'}
INFO: 2018-08-15 14:38:28,118:DartRunner.py:2587: Updated Status: On test AsterInstallOnK8s
INFO: 2018-08-15 14:38:28,118:DartRunner.py:2588: {'kernel_version': '4.4.121-92.80-default', 'os_version': '', 'revision': '08.00.00.01-806f9cc5'}
INFO: 2018-08-15 14:38:28,143:DartRunner.py:2587: Updated Status: On test AsterInstallOnK8s
INFO: 2018-08-15 14:38:28,143:DartRunner.py:2588: {'kernel_version': '4.4.121-92.80-default', 'os_version': '', 'revision': '08.00.00.01-806f9cc5'}
INFO: 2018-08-15 14:38:28,286:DartRunner.py:2587: Updated Status: On test AsterInstallOnK8s
INFO: 2018-08-15 14:38:28,286:DartRunner.py:2588: {'kernel_version': '4.4.121-92.80-default', 'os_version': '', 'revision': '08.00.00.01-806f9cc5'}
INFO: 2018-08-15 14:38:30,583:DartRunner.py:754: Looping the Main Loop: 2
INFO: 2018-08-15 14:38:30,583:DartRunner.py:754: Looping the Main Loop: 2
INFO: 2018-08-15 14:38:30,583:DartRunner.py:754: Looping the Main Loop: 2
INFO: 2018-08-15 14:38:30,583:DartRunner.py:754: Looping the Main Loop: 2
INFO: 2018-08-15 14:38:30,584:DartRunner.py:754: Looping the Main Loop: 2
INFO: 2018-08-15 14:38:30,583:DartRunner.py:754: Looping the Main Loop: 2
INFO: 2018-08-15 14:38:30,584:DartRunner.py:988: Return Value:
INFO: 2018-08-15 14:38:30,584:DartRunner.py:988: Return Value:
INFO: 2018-08-15 14:38:30,584:DartRunner.py:988: Return Value:
INFO: 2018-08-15 14:38:30,584:DartRunner.py:988: Return Value:
INFO: 2018-08-15 14:38:30,585:DartRunner.py:988: Return Value:
INFO: 2018-08-15 14:38:30,584:DartRunner.py:988: Return Value:
INFO: 2018-08-15 14:38:30,586:DartRunner.py:2958:         InstallAsterInstallOnK8s     False         2 2018-08-15 14:38:23 2018-08-15 14:38:26
INFO: 2018-08-15 14:38:30,585:DartRunner.py:2958:         InstallAsterInstallOnK8s     False         2 2018-08-15 14:38:23 2018-08-15 14:38:25
INFO: 2018-08-15 14:38:30,586:DartRunner.py:2958:         InstallAsterInstallOnK8s     False         2 2018-08-15 14:38:23 2018-08-15 14:38:26
INFO: 2018-08-15 14:38:30,586:DartRunner.py:2958:         InstallAsterInstallOnK8s     False         2 2018-08-15 14:38:23 2018-08-15 14:38:25
INFO: 2018-08-15 14:38:30,585:DartRunner.py:2958:         InstallAsterInstallOnK8s     False         2 2018-08-15 14:38:23 2018-08-15 14:38:25
INFO: 2018-08-15 14:38:30,587:DartRunner.py:2958:         InstallAsterInstallOnK8s     False         2 2018-08-15 14:38:23 2018-08-15 14:38:26
INFO: 2018-08-15 14:38:30,588:DartRunner.py:1647: -------------------------------------------------------------------------------------------------
INFO: 2018-08-15 14:38:30,587:DartRunner.py:1647: -------------------------------------------------------------------------------------------------
INFO: 2018-08-15 14:38:30,587:DartRunner.py:1647: -------------------------------------------------------------------------------------------------
INFO: 2018-08-15 14:38:30,588:DartRunner.py:1647: -------------------------------------------------------------------------------------------------
INFO: 2018-08-15 14:38:30,588:DartRunner.py:1647: -------------------------------------------------------------------------------------------------
INFO: 2018-08-15 14:38:30,587:DartRunner.py:1647: -------------------------------------------------------------------------------------------------
INFO: 2018-08-15 14:38:30,589:DartRunner.py:1648: returnValue = {'test': {u'dockerRepoPassword': u'APB4dyNjaZ5Dr6gRKDoy8vGDcQt', u'TIMEOUT': 7200, 'id': 1511148, u'dockerRepoHost': u'sdartifact.td.teradata.com', u'PRIORITY': u'1', u'LOCATION': u'devops_installer/docker/AsterInstallOnK8s', u'PARTITIONS_PER_WORKERPOD': 2, u'deleteDockerImages': u'True', 'testSet': 'Install', u'dockerRepoUser': u'da230151', u'WORKERPOD_COUNT': 2, 'testId': 1, u'localRegistry': u'False', u'CATEGORY': u'positive', u'dockerRepoPath': u'asterdata/beehive/drops/ci/08.00.00.01-806f9cc5', u'NAME': u'AsterInstallOnK8s', 'timeScale': 1, u'dockerRepoEmail': u'da230151@teradata.com', u'COMPONENT': u'devops_installer/docker', u'dockerRepoTag': u'08.00.00.01-806f9cc5', 'runId': u'180815-98', u'OWNER': u'naveen.williams'}, 'clusterName': 'dart-main-sls12-03', 'totalTime': 8, 'testName': u'AsterInstallOnK8s', 'testResults': OrderedDict([('Install', [[u'AsterInstallOnK8s', 2, False, '2018-08-15 14:38:23', '2018-08-15 14:38:26', u'/root/Dart/log/devops_installer/docker/dart-main-sls12-03_AsterInstallOnK8s_2018-08-15-143823.log', u'dart-main-sls12-03_AsterInstallOnK8s_2018-08-15-143823.log']])])}
INFO: 2018-08-15 14:38:30,588:DartRunner.py:1648: returnValue = {'test': {u'dockerRepoPassword': u'APB4dyNjaZ5Dr6gRKDoy8vGDcQt', u'TIMEOUT': 7200, 'id': 1511151, u'dockerRepoHost': u'sdartifact.td.teradata.com', u'PRIORITY': u'1', u'LOCATION': u'devops_installer/docker/AsterInstallOnK8s', u'PARTITIONS_PER_WORKERPOD': 2, u'deleteDockerImages': u'True', 'testSet': 'Install', u'dockerRepoUser': u'da230151', u'WORKERPOD_COUNT': 2, 'testId': 1, u'localRegistry': u'False', u'CATEGORY': u'positive', u'dockerRepoPath': u'asterdata/beehive/drops/ci/08.00.00.01-806f9cc5', u'NAME': u'AsterInstallOnK8s', 'timeScale': 1, u'dockerRepoEmail': u'da230151@teradata.com', u'COMPONENT': u'devops_installer/docker', u'dockerRepoTag': u'08.00.00.01-806f9cc5', 'runId': u'180815-97', u'OWNER': u'naveen.williams'}, 'clusterName': 'dart-main-sls12-03', 'totalTime': 7, 'testName': u'AsterInstallOnK8s', 'testResults': OrderedDict([('Install', [[u'AsterInstallOnK8s', 2, False, '2018-08-15 14:38:23', '2018-08-15 14:38:25', u'/root/Dart/log/devops_installer/docker/dart-main-sls12-03_AsterInstallOnK8s_2018-08-15-143823.log', u'dart-main-sls12-03_AsterInstallOnK8s_2018-08-15-143823.log']])])}
INFO: 2018-08-15 14:38:30,588:DartRunner.py:1648: returnValue = {'test': {u'dockerRepoPassword': u'APB4dyNjaZ5Dr6gRKDoy8vGDcQt', u'TIMEOUT': 7200, 'id': 1511149, u'dockerRepoHost': u'sdartifact.td.teradata.com', u'PRIORITY': u'1', u'LOCATION': u'devops_installer/docker/AsterInstallOnK8s', u'PARTITIONS_PER_WORKERPOD': 2, u'deleteDockerImages': u'True', 'testSet': 'Install', u'dockerRepoUser': u'da230151', u'WORKERPOD_COUNT': 2, 'testId': 1, u'localRegistry': u'False', u'CATEGORY': u'positive', u'dockerRepoPath': u'asterdata/beehive/drops/ci/08.00.00.01-806f9cc5', u'NAME': u'AsterInstallOnK8s', 'timeScale': 1, u'dockerRepoEmail': u'da230151@teradata.com', u'COMPONENT': u'devops_installer/docker', u'dockerRepoTag': u'08.00.00.01-806f9cc5', 'runId': u'180815-99', u'OWNER': u'naveen.williams'}, 'clusterName': 'dart-main-sls12-03', 'totalTime': 7, 'testName': u'AsterInstallOnK8s', 'testResults': OrderedDict([('Install', [[u'AsterInstallOnK8s', 2, False, '2018-08-15 14:38:23', '2018-08-15 14:38:25', u'/root/Dart/log/devops_installer/docker/dart-main-sls12-03_AsterInstallOnK8s_2018-08-15-143823.log', u'dart-main-sls12-03_AsterInstallOnK8s_2018-08-15-143823.log']])])}
INFO: 2018-08-15 14:38:30,589:DartRunner.py:1648: returnValue = {'test': {u'dockerRepoPassword': u'APB4dyNjaZ5Dr6gRKDoy8vGDcQt', u'TIMEOUT': 7200, 'id': 1511150, u'dockerRepoHost': u'sdartifact.td.teradata.com', u'PRIORITY': u'1', u'LOCATION': u'devops_installer/docker/AsterInstallOnK8s', u'PARTITIONS_PER_WORKERPOD': 2, u'deleteDockerImages': u'True', 'testSet': 'Install', u'dockerRepoUser': u'da230151', u'WORKERPOD_COUNT': 2, 'testId': 1, u'localRegistry': u'False', u'CATEGORY': u'positive', u'dockerRepoPath': u'asterdata/beehive/drops/ci/08.00.00.01-806f9cc5', u'NAME': u'AsterInstallOnK8s', 'timeScale': 1, u'dockerRepoEmail': u'da230151@teradata.com', u'COMPONENT': u'devops_installer/docker', u'dockerRepoTag': u'08.00.00.01-806f9cc5', 'runId': u'180815-102', u'OWNER': u'naveen.williams'}, 'clusterName': 'dart-main-sls12-03', 'totalTime': 7, 'testName': u'AsterInstallOnK8s', 'testResults': OrderedDict([('Install', [[u'AsterInstallOnK8s', 2, False, '2018-08-15 14:38:23', '2018-08-15 14:38:25', u'/root/Dart/log/devops_installer/docker/dart-main-sls12-03_AsterInstallOnK8s_2018-08-15-143823.log', u'dart-main-sls12-03_AsterInstallOnK8s_2018-08-15-143823.log']])])}
INFO: 2018-08-15 14:38:30,590:DartRunner.py:1649: -------------------------------------------------------------------------------------------------
INFO: 2018-08-15 14:38:30,589:DartRunner.py:1648: returnValue = {'test': {u'dockerRepoPassword': u'APB4dyNjaZ5Dr6gRKDoy8vGDcQt', u'TIMEOUT': 7200, 'id': 1511153, u'dockerRepoHost': u'sdartifact.td.teradata.com', u'PRIORITY': u'1', u'LOCATION': u'devops_installer/docker/AsterInstallOnK8s', u'PARTITIONS_PER_WORKERPOD': 2, u'deleteDockerImages': u'True', 'testSet': 'Install', u'dockerRepoUser': u'da230151', u'WORKERPOD_COUNT': 2, 'testId': 1, u'localRegistry': u'False', u'CATEGORY': u'positive', u'dockerRepoPath': u'asterdata/beehive/drops/ci/08.00.00.01-806f9cc5', u'NAME': u'AsterInstallOnK8s', 'timeScale': 1, u'dockerRepoEmail': u'da230151@teradata.com', u'COMPONENT': u'devops_installer/docker', u'dockerRepoTag': u'08.00.00.01-806f9cc5', 'runId': u'180815-101', u'OWNER': u'naveen.williams'}, 'clusterName': 'dart-main-sls12-03', 'totalTime': 8, 'testName': u'AsterInstallOnK8s', 'testResults': OrderedDict([('Install', [[u'AsterInstallOnK8s', 2, False, '2018-08-15 14:38:23', '2018-08-15 14:38:26', u'/root/Dart/log/devops_installer/docker/dart-main-sls12-03_AsterInstallOnK8s_2018-08-15-143823.log', u'dart-main-sls12-03_AsterInstallOnK8s_2018-08-15-143823.log']])])}
INFO: 2018-08-15 14:38:30,589:DartRunner.py:1648: returnValue = {'test': {u'dockerRepoPassword': u'APB4dyNjaZ5Dr6gRKDoy8vGDcQt', u'TIMEOUT': 7200, 'id': 1511152, u'dockerRepoHost': u'sdartifact.td.teradata.com', u'PRIORITY': u'1', u'LOCATION': u'devops_installer/docker/AsterInstallOnK8s', u'PARTITIONS_PER_WORKERPOD': 2, u'deleteDockerImages': u'True', 'testSet': 'Install', u'dockerRepoUser': u'da230151', u'WORKERPOD_COUNT': 2, 'testId': 1, u'localRegistry': u'False', u'CATEGORY': u'positive', u'dockerRepoPath': u'asterdata/beehive/drops/ci/08.00.00.01-806f9cc5', u'NAME': u'AsterInstallOnK8s', 'timeScale': 1, u'dockerRepoEmail': u'da230151@teradata.com', u'COMPONENT': u'devops_installer/docker', u'dockerRepoTag': u'08.00.00.01-806f9cc5', 'runId': u'180815-100', u'OWNER': u'naveen.williams'}, 'clusterName': 'dart-main-sls12-03', 'totalTime': 8, 'testName': u'AsterInstallOnK8s', 'testResults': OrderedDict([('Install', [[u'AsterInstallOnK8s', 2, False, '2018-08-15 14:38:23', '2018-08-15 14:38:26', u'/root/Dart/log/devops_installer/docker/dart-main-sls12-03_AsterInstallOnK8s_2018-08-15-143823.log', u'dart-main-sls12-03_AsterInstallOnK8s_2018-08-15-143823.log']])])}
INFO: 2018-08-15 14:38:30,590:DartRunner.py:1649: -------------------------------------------------------------------------------------------------
INFO: 2018-08-15 14:38:30,590:DartRunner.py:1649: -------------------------------------------------------------------------------------------------
INFO: 2018-08-15 14:38:30,590:DartRunner.py:1649: -------------------------------------------------------------------------------------------------
INFO: 2018-08-15 14:38:30,590:DartRunner.py:994: Thread Count Went Down 0 
INFO: 2018-08-15 14:38:30,590:DartRunner.py:1649: -------------------------------------------------------------------------------------------------
INFO: 2018-08-15 14:38:30,590:DartRunner.py:994: Thread Count Went Down 0 
INFO: 2018-08-15 14:38:30,591:DartRunner.py:994: Thread Count Went Down 0 
INFO: 2018-08-15 14:38:30,590:DartRunner.py:1649: -------------------------------------------------------------------------------------------------
INFO: 2018-08-15 14:38:30,591:DartRunner.py:994: Thread Count Went Down 0 
INFO: 2018-08-15 14:38:30,591:DartRunner.py:994: Thread Count Went Down 0 
INFO: 2018-08-15 14:38:30,591:DartRunner.py:1001: The TestName: AsterInstallOnK8s has been released from the Job Queue
INFO: 2018-08-15 14:38:30,591:DartRunner.py:1001: The TestName: AsterInstallOnK8s has been released from the Job Queue
INFO: 2018-08-15 14:38:30,591:DartRunner.py:1001: The TestName: AsterInstallOnK8s has been released from the Job Queue
INFO: 2018-08-15 14:38:30,592:DartRunner.py:1001: The TestName: AsterInstallOnK8s has been released from the Job Queue
INFO: 2018-08-15 14:38:30,591:DartRunner.py:994: Thread Count Went Down 0 
INFO: 2018-08-15 14:38:30,591:DartRunner.py:1001: The TestName: AsterInstallOnK8s has been released from the Job Queue
INFO: 2018-08-15 14:38:30,592:DartRunner.py:1007: {'TIMEOUT': 7200, 'THREAD': <Process(Process-1, stopped)>, 'CLUSTER': 'dart-main-sls12-03', 'STARTTIME': 1534369098, 'TEST': {u'deleteDockerImages': u'True', 'testSet': 'Install', u'dockerRepoUser': u'da230151', u'dockerRepoPassword': u'APB4dyNjaZ5Dr6gRKDoy8vGDcQt', u'WORKERPOD_COUNT': 2, 'testId': 1, u'TIMEOUT': 7200, u'localRegistry': u'False', 'id': 1511149, u'CATEGORY': u'positive', u'dockerRepoPath': u'asterdata/beehive/drops/ci/08.00.00.01-806f9cc5', u'NAME': u'AsterInstallOnK8s', 'timeScale': 1, u'dockerRepoEmail': u'da230151@teradata.com', u'dockerRepoHost': u'sdartifact.td.teradata.com', u'COMPONENT': u'devops_installer/docker', u'dockerRepoTag': u'08.00.00.01-806f9cc5', u'PRIORITY': u'1', u'LOCATION': u'devops_installer/docker/AsterInstallOnK8s', u'OWNER': u'naveen.williams', u'PARTITIONS_PER_WORKERPOD': 2, 'runId': u'180815-99'}, 'ENDTIME': 1534369110}
INFO: 2018-08-15 14:38:30,593:DartRunner.py:1001: The TestName: AsterInstallOnK8s has been released from the Job Queue
INFO: 2018-08-15 14:38:30,592:DartRunner.py:1007: {'TIMEOUT': 7200, 'THREAD': <Process(Process-1, stopped)>, 'CLUSTER': 'dart-main-sls12-03', 'STARTTIME': 1534369098, 'TEST': {u'deleteDockerImages': u'True', 'testSet': 'Install', u'dockerRepoUser': u'da230151', u'dockerRepoPassword': u'APB4dyNjaZ5Dr6gRKDoy8vGDcQt', u'WORKERPOD_COUNT': 2, 'testId': 1, u'TIMEOUT': 7200, u'localRegistry': u'False', 'id': 1511153, u'CATEGORY': u'positive', u'dockerRepoPath': u'asterdata/beehive/drops/ci/08.00.00.01-806f9cc5', u'NAME': u'AsterInstallOnK8s', 'timeScale': 1, u'dockerRepoEmail': u'da230151@teradata.com', u'dockerRepoHost': u'sdartifact.td.teradata.com', u'COMPONENT': u'devops_installer/docker', u'dockerRepoTag': u'08.00.00.01-806f9cc5', u'PRIORITY': u'1', u'LOCATION': u'devops_installer/docker/AsterInstallOnK8s', u'OWNER': u'naveen.williams', u'PARTITIONS_PER_WORKERPOD': 2, 'runId': u'180815-101'}, 'ENDTIME': 1534369110}
INFO: 2018-08-15 14:38:30,593:DartRunner.py:1007: {'TIMEOUT': 7200, 'THREAD': <Process(Process-1, stopped)>, 'CLUSTER': 'dart-main-sls12-03', 'STARTTIME': 1534369098, 'TEST': {u'deleteDockerImages': u'True', 'testSet': 'Install', u'dockerRepoUser': u'da230151', u'dockerRepoPassword': u'APB4dyNjaZ5Dr6gRKDoy8vGDcQt', u'WORKERPOD_COUNT': 2, 'testId': 1, u'TIMEOUT': 7200, u'localRegistry': u'False', 'id': 1511150, u'CATEGORY': u'positive', u'dockerRepoPath': u'asterdata/beehive/drops/ci/08.00.00.01-806f9cc5', u'NAME': u'AsterInstallOnK8s', 'timeScale': 1, u'dockerRepoEmail': u'da230151@teradata.com', u'dockerRepoHost': u'sdartifact.td.teradata.com', u'COMPONENT': u'devops_installer/docker', u'dockerRepoTag': u'08.00.00.01-806f9cc5', u'PRIORITY': u'1', u'LOCATION': u'devops_installer/docker/AsterInstallOnK8s', u'OWNER': u'naveen.williams', u'PARTITIONS_PER_WORKERPOD': 2, 'runId': u'180815-102'}, 'ENDTIME': 1534369110}
INFO: 2018-08-15 14:38:30,592:DartRunner.py:1007: {'TIMEOUT': 7200, 'THREAD': <Process(Process-1, stopped)>, 'CLUSTER': 'dart-main-sls12-03', 'STARTTIME': 1534369098, 'TEST': {u'deleteDockerImages': u'True', 'testSet': 'Install', u'dockerRepoUser': u'da230151', u'dockerRepoPassword': u'APB4dyNjaZ5Dr6gRKDoy8vGDcQt', u'WORKERPOD_COUNT': 2, 'testId': 1, u'TIMEOUT': 7200, u'localRegistry': u'False', 'id': 1511151, u'CATEGORY': u'positive', u'dockerRepoPath': u'asterdata/beehive/drops/ci/08.00.00.01-806f9cc5', u'NAME': u'AsterInstallOnK8s', 'timeScale': 1, u'dockerRepoEmail': u'da230151@teradata.com', u'dockerRepoHost': u'sdartifact.td.teradata.com', u'COMPONENT': u'devops_installer/docker', u'dockerRepoTag': u'08.00.00.01-806f9cc5', u'PRIORITY': u'1', u'LOCATION': u'devops_installer/docker/AsterInstallOnK8s', u'OWNER': u'naveen.williams', u'PARTITIONS_PER_WORKERPOD': 2, 'runId': u'180815-97'}, 'ENDTIME': 1534369110}
INFO: 2018-08-15 14:38:30,592:DartRunner.py:1007: {'TIMEOUT': 7200, 'THREAD': <Process(Process-1, stopped)>, 'CLUSTER': 'dart-main-sls12-03', 'STARTTIME': 1534369098, 'TEST': {u'deleteDockerImages': u'True', 'testSet': 'Install', u'dockerRepoUser': u'da230151', u'dockerRepoPassword': u'APB4dyNjaZ5Dr6gRKDoy8vGDcQt', u'WORKERPOD_COUNT': 2, 'testId': 1, u'TIMEOUT': 7200, u'localRegistry': u'False', 'id': 1511148, u'CATEGORY': u'positive', u'dockerRepoPath': u'asterdata/beehive/drops/ci/08.00.00.01-806f9cc5', u'NAME': u'AsterInstallOnK8s', 'timeScale': 1, u'dockerRepoEmail': u'da230151@teradata.com', u'dockerRepoHost': u'sdartifact.td.teradata.com', u'COMPONENT': u'devops_installer/docker', u'dockerRepoTag': u'08.00.00.01-806f9cc5', u'PRIORITY': u'1', u'LOCATION': u'devops_installer/docker/AsterInstallOnK8s', u'OWNER': u'naveen.williams', u'PARTITIONS_PER_WORKERPOD': 2, 'runId': u'180815-98'}, 'ENDTIME': 1534369110}
INFO: 2018-08-15 14:38:30,594:DartRunner.py:1015: The test AsterInstallOnK8s returned back with the following result: False
INFO: 2018-08-15 14:38:30,593:DartRunner.py:1007: {'TIMEOUT': 7200, 'THREAD': <Process(Process-1, stopped)>, 'CLUSTER': 'dart-main-sls12-03', 'STARTTIME': 1534369098, 'TEST': {u'deleteDockerImages': u'True', 'testSet': 'Install', u'dockerRepoUser': u'da230151', u'dockerRepoPassword': u'APB4dyNjaZ5Dr6gRKDoy8vGDcQt', u'WORKERPOD_COUNT': 2, 'testId': 1, u'TIMEOUT': 7200, u'localRegistry': u'False', 'id': 1511152, u'CATEGORY': u'positive', u'dockerRepoPath': u'asterdata/beehive/drops/ci/08.00.00.01-806f9cc5', u'NAME': u'AsterInstallOnK8s', 'timeScale': 1, u'dockerRepoEmail': u'da230151@teradata.com', u'dockerRepoHost': u'sdartifact.td.teradata.com', u'COMPONENT': u'devops_installer/docker', u'dockerRepoTag': u'08.00.00.01-806f9cc5', u'PRIORITY': u'1', u'LOCATION': u'devops_installer/docker/AsterInstallOnK8s', u'OWNER': u'naveen.williams', u'PARTITIONS_PER_WORKERPOD': 2, 'runId': u'180815-100'}, 'ENDTIME': 1534369110}
INFO: 2018-08-15 14:38:30,594:DartRunner.py:1015: The test AsterInstallOnK8s returned back with the following result: False
INFO: 2018-08-15 14:38:30,593:DartRunner.py:1015: The test AsterInstallOnK8s returned back with the following result: False
INFO: 2018-08-15 14:38:30,594:DartRunner.py:1130: Tests may be currently running..Sleeping for 10 seconds before checking the Queue!
INFO: 2018-08-15 14:38:30,594:DartRunner.py:1015: The test AsterInstallOnK8s returned back with the following result: False
INFO: 2018-08-15 14:38:30,595:DartRunner.py:1130: Tests may be currently running..Sleeping for 10 seconds before checking the Queue!
INFO: 2018-08-15 14:38:30,594:DartRunner.py:1015: The test AsterInstallOnK8s returned back with the following result: False
INFO: 2018-08-15 14:38:30,595:DartRunner.py:1130: Tests may be currently running..Sleeping for 10 seconds before checking the Queue!
INFO: 2018-08-15 14:38:30,595:DartRunner.py:1130: Tests may be currently running..Sleeping for 10 seconds before checking the Queue!
INFO: 2018-08-15 14:38:30,594:DartRunner.py:1015: The test AsterInstallOnK8s returned back with the following result: False
INFO: 2018-08-15 14:38:30,595:DartRunner.py:1130: Tests may be currently running..Sleeping for 10 seconds before checking the Queue!
INFO: 2018-08-15 14:38:30,595:DartRunner.py:1131: {'dart-main-sls12-03': 'stale'}
INFO: 2018-08-15 14:38:30,596:DartRunner.py:1131: {'dart-main-sls12-03': 'stale'}
INFO: 2018-08-15 14:38:30,595:DartRunner.py:1131: {'dart-main-sls12-03': 'stale'}
INFO: 2018-08-15 14:38:30,596:DartRunner.py:1131: {'dart-main-sls12-03': 'stale'}
INFO: 2018-08-15 14:38:30,596:DartRunner.py:1131: {'dart-main-sls12-03': 'stale'}
INFO: 2018-08-15 14:38:30,596:DartRunner.py:1130: Tests may be currently running..Sleeping for 10 seconds before checking the Queue!
INFO: 2018-08-15 14:38:30,597:DartRunner.py:1131: {'dart-main-sls12-03': 'stale'}
INFO: 2018-08-15 14:38:40,606:DartRunner.py:1134: Done with initiating all the tests!
INFO: 2018-08-15 14:38:40,607:DartRunner.py:1207: All the tests have been executed!
INFO: 2018-08-15 14:38:40,607:DartRunner.py:1134: Done with initiating all the tests!
INFO: 2018-08-15 14:38:40,607:DartRunner.py:1207: All the tests have been executed!
INFO: 2018-08-15 14:38:40,608:DartRunner.py:1134: Done with initiating all the tests!
INFO: 2018-08-15 14:38:40,608:DartRunner.py:1134: Done with initiating all the tests!
INFO: 2018-08-15 14:38:40,608:DartRunner.py:1134: Done with initiating all the tests!
INFO: 2018-08-15 14:38:40,608:DartRunner.py:1207: All the tests have been executed!
INFO: 2018-08-15 14:38:40,609:DartRunner.py:1207: All the tests have been executed!
INFO: 2018-08-15 14:38:40,608:DartRunner.py:1134: Done with initiating all the tests!
INFO: 2018-08-15 14:38:40,609:DartRunner.py:1207: All the tests have been executed!
INFO: 2018-08-15 14:38:40,610:DartRunner.py:1207: All the tests have been executed!
INFO: 2018-08-15 14:38:40,659:DartRunner.py:1309: {'dart-main-sls12-03': 'stale'}
INFO: 2018-08-15 14:38:40,665:DartRunner.py:1309: {'dart-main-sls12-03': 'stale'}
INFO: 2018-08-15 14:38:40,676:DartRunner.py:1309: {'dart-main-sls12-03': 'stale'}
INFO: 2018-08-15 14:38:40,683:DartRunner.py:1309: {'dart-main-sls12-03': 'stale'}
INFO: 2018-08-15 14:38:40,684:DartRunner.py:1309: {'dart-main-sls12-03': 'stale'}
INFO: 2018-08-15 14:38:40,685:DartRunner.py:1309: {'dart-main-sls12-03': 'stale'}
INFO: 2018-08-15 14:38:41,565:DartRunner.py:2962: DartRunner Final Results!
INFO: 2018-08-15 14:38:41,565:DartRunner.py:2962: DartRunner Final Results!
INFO: 2018-08-15 14:38:41,566:DartRunner.py:2963:         TESTSET       TESTNAME    STATUS TOTALTIME           STARTTIME             ENDTIME
INFO: 2018-08-15 14:38:41,566:DartRunner.py:2963:         TESTSET       TESTNAME    STATUS TOTALTIME           STARTTIME             ENDTIME
INFO: 2018-08-15 14:38:41,567:DartRunner.py:2958:         InstallAsterInstallOnK8s     False         2 2018-08-15 14:38:23 2018-08-15 14:38:26
INFO: 2018-08-15 14:38:41,567:DartRunner.py:2958:         InstallAsterInstallOnK8s     False         2 2018-08-15 14:38:23 2018-08-15 14:38:26
INFO: 2018-08-15 14:38:41,567:DartRunner.py:2968: Dart DashBoard URL: http://dartdashboard.labs.teradata.com/report?run_id=180815-100
INFO: 2018-08-15 14:38:41,567:DartRunner.py:2968: Dart DashBoard URL: http://dartdashboard.labs.teradata.com/report?run_id=180815-98
INFO: 2018-08-15 14:38:41,567:DartRunner.py:1347: Dart DashBoard URL: http://dartdashboard.labs.teradata.com/report?run_id=180815-100
INFO: 2018-08-15 14:38:41,567:DartRunner.py:1347: Dart DashBoard URL: http://dartdashboard.labs.teradata.com/report?run_id=180815-98
INFO: 2018-08-15 14:38:41,597:DartRunner.py:2962: DartRunner Final Results!
INFO: 2018-08-15 14:38:41,597:DartRunner.py:2962: DartRunner Final Results!
INFO: 2018-08-15 14:38:41,597:DartRunner.py:2963:         TESTSET       TESTNAME    STATUS TOTALTIME           STARTTIME             ENDTIME
INFO: 2018-08-15 14:38:41,598:DartRunner.py:2958:         InstallAsterInstallOnK8s     False         2 2018-08-15 14:38:23 2018-08-15 14:38:25
INFO: 2018-08-15 14:38:41,598:DartRunner.py:2968: Dart DashBoard URL: http://dartdashboard.labs.teradata.com/report?run_id=180815-99
INFO: 2018-08-15 14:38:41,597:DartRunner.py:2963:         TESTSET       TESTNAME    STATUS TOTALTIME           STARTTIME             ENDTIME
INFO: 2018-08-15 14:38:41,598:DartRunner.py:1347: Dart DashBoard URL: http://dartdashboard.labs.teradata.com/report?run_id=180815-99
INFO: 2018-08-15 14:38:41,598:DartRunner.py:2958:         InstallAsterInstallOnK8s     False         2 2018-08-15 14:38:23 2018-08-15 14:38:25
INFO: 2018-08-15 14:38:41,600:DartRunner.py:2968: Dart DashBoard URL: http://dartdashboard.labs.teradata.com/report?run_id=180815-102
INFO: 2018-08-15 14:38:41,601:DartRunner.py:1347: Dart DashBoard URL: http://dartdashboard.labs.teradata.com/report?run_id=180815-102
INFO: 2018-08-15 14:38:41,602:DartRunner.py:2962: DartRunner Final Results!
INFO: 2018-08-15 14:38:41,603:DartRunner.py:2963:         TESTSET       TESTNAME    STATUS TOTALTIME           STARTTIME             ENDTIME
INFO: 2018-08-15 14:38:41,603:DartRunner.py:2958:         InstallAsterInstallOnK8s     False         2 2018-08-15 14:38:23 2018-08-15 14:38:26
INFO: 2018-08-15 14:38:41,603:DartRunner.py:2968: Dart DashBoard URL: http://dartdashboard.labs.teradata.com/report?run_id=180815-101
INFO: 2018-08-15 14:38:41,603:DartRunner.py:1347: Dart DashBoard URL: http://dartdashboard.labs.teradata.com/report?run_id=180815-101
INFO: 2018-08-15 14:38:41,629:DartRunner.py:2962: DartRunner Final Results!
INFO: 2018-08-15 14:38:41,629:DartRunner.py:2963:         TESTSET       TESTNAME    STATUS TOTALTIME           STARTTIME             ENDTIME
INFO: 2018-08-15 14:38:41,629:DartRunner.py:2958:         InstallAsterInstallOnK8s     False         2 2018-08-15 14:38:23 2018-08-15 14:38:25
INFO: 2018-08-15 14:38:41,629:DartRunner.py:2968: Dart DashBoard URL: http://dartdashboard.labs.teradata.com/report?run_id=180815-97
INFO: 2018-08-15 14:38:41,629:DartRunner.py:1347: Dart DashBoard URL: http://dartdashboard.labs.teradata.com/report?run_id=180815-97
