INFO: 2018-08-16 12:22:05,482:Dart.py:120: Logfile is /root/Dart/log/Dart-AsterInstallOnK8s-180816-109-122205.log
INFO: 2018-08-16 12:22:05,951:Dart.py:390: No resources found.

INFO: 2018-08-16 12:22:05,952:Dart.py:418: No
INFO: 2018-08-16 12:22:05,952:Dart.py:424: kubectl get -o template po No --namespace=cloud-aster --template={{.spec.nodeName}}
INFO: 2018-08-16 12:22:06,383:Dart.py:390: Error from server (NotFound): namespaces "cloud-aster" not found

INFO: 2018-08-16 12:22:06,383:Dart.py:426: Error from server (NotFound): namespaces "cloud-aster" not found

INFO: 2018-08-16 12:22:06,384:Dart.py:429: Error from server (NotFound): namespaces "cloud-aster" not found
INFO: 2018-08-16 12:22:06,384:Dart.py:453: Error from server (NotFound): namespaces "cloud-aster" not found.labs.teradata.com
INFO: 2018-08-16 12:22:06,384:Dart.py:460: []
INFO: 2018-08-16 12:22:06,384:Dart.py:461: [u'Error from server (NotFound): namespaces "cloud-aster" not found.labs.teradata.com']
INFO: 2018-08-16 12:22:06,385:Dart.py:299: Test Set: Install 
INFO: 2018-08-16 12:22:06,385:Dart.py:313: Running Testset: Install
INFO: 2018-08-16 12:22:06,385:Dart.py:319:         Running Test: AsterInstallOnK8s on Cluster dartexe
INFO: 2018-08-16 12:22:06,385:Dart.py:322: [u'AsterInstallOnK8s', {'testSet': 'Install', u'WORKERPOD_COUNT': 2, 'testId': 1, u'TIMEOUT': 3600, u'localRegistry': u'True', 'id': 1513866, u'imageLocalLoc': u'/home/sl186070/docker/docker-images', u'CATEGORY': u'positive', u'NAME': u'AsterInstallOnK8s', 'timeScale': 1, u'COMPONENT': u'devops_installer/docker', u'PRIORITY': u'1', u'LOCATION': u'devops_installer/docker/AsterInstallOnK8s', u'OWNER': u'divya.sivanandan', u'PARTITIONS_PER_WORKERPOD': 1, 'runId': u'180816-109'}, 0]
INFO: 2018-08-16 12:22:06,409:Dart.py:752: --------------------------------------------------
INFO: 2018-08-16 12:22:06,410:TestBase.py:42:           Using the following Test Parameters:
INFO: 2018-08-16 12:22:06,410:TestBase.py:43: --------------------------------------------------
INFO: 2018-08-16 12:22:06,410:TestBase.py:45:           testSet : Install 
INFO: 2018-08-16 12:22:06,410:TestBase.py:45:           filePath : devops_installer/docker 
INFO: 2018-08-16 12:22:06,410:TestBase.py:45:           logPath : /root/Dart 
INFO: 2018-08-16 12:22:06,410:TestBase.py:45:           WORKERPOD_COUNT : 2 
INFO: 2018-08-16 12:22:06,411:TestBase.py:45:           testId : 1 
INFO: 2018-08-16 12:22:06,411:TestBase.py:45:           TIMEOUT : 3600 
INFO: 2018-08-16 12:22:06,411:TestBase.py:45:           localRegistry : True 
INFO: 2018-08-16 12:22:06,411:TestBase.py:45:           id : 1513866 
INFO: 2018-08-16 12:22:06,411:TestBase.py:45:           imageLocalLoc : /home/sl186070/docker/docker-images 
INFO: 2018-08-16 12:22:06,411:TestBase.py:45:           CATEGORY : positive 
INFO: 2018-08-16 12:22:06,411:TestBase.py:45:           NAME : AsterInstallOnK8s 
INFO: 2018-08-16 12:22:06,412:TestBase.py:45:           timeScale : 1 
INFO: 2018-08-16 12:22:06,412:TestBase.py:45:           COMPONENT : devops_installer/docker 
INFO: 2018-08-16 12:22:06,412:TestBase.py:45:           PRIORITY : 1 
INFO: 2018-08-16 12:22:06,412:TestBase.py:45:           logTimestamp : 2018-08-16-122206 
INFO: 2018-08-16 12:22:06,412:TestBase.py:45:           LOCATION : devops_installer/docker/AsterInstallOnK8s 
INFO: 2018-08-16 12:22:06,412:TestBase.py:45:           OWNER : divya.sivanandan 
INFO: 2018-08-16 12:22:06,413:TestBase.py:45:           PARTITIONS_PER_WORKERPOD : 1 
INFO: 2018-08-16 12:22:06,413:TestBase.py:45:           runId : 180816-109 
INFO: 2018-08-16 12:22:06,413:TestBase.py:46: --------------------------------------------------
INFO: 2018-08-16 12:22:06,427:Kubernetes.py:82: Executing command [10.25.80.32]: kubectl get pods --namespace=cloud-aster
INFO: 2018-08-16 12:22:06,854:TestBase.py:170: 
INFO: 2018-08-16 12:22:06,854:TestBase.py:172: No Aster cluster installed on this vms. Returns default values
ERROR: 2018-08-16 12:22:06,868:Dart.py:772: unsupported operand type(s) for +: 'NoneType' and 'str'
ERROR: 2018-08-16 12:22:06,868:Dart.py:773: The test raised an Unexpected Exception!
ERROR: 2018-08-16 12:22:06,868:Dart.py:774: (<type 'exceptions.TypeError'>, TypeError("unsupported operand type(s) for +: 'NoneType' and 'str'",), <traceback object at 0x7ff5226d2878>)
ERROR: 2018-08-16 12:22:06,869:Dart.py:775: Traceback (most recent call last):
  File "/root/Dart/Dart.py", line 756, in runTest
    testInstance = test(self.cfgJson, testParam)
  File "/root/Dart/testsrc/devops_installer/docker/AsterInstallOnK8s.py", line 46, in __init__
    KubernetesTestBase.__init__(self, cfgJson, testParams)
  File "/root/Dart/testsrc/devops_installer/docker/KubernetesTestBase.py", line 26, in __init__
    self.ansibleSetupDir = self.buildLoc + "/asterK8sInstaller/kubernetes/multinode/vrealize/ansible-remote"
TypeError: unsupported operand type(s) for +: 'NoneType' and 'str'

INFO: 2018-08-16 12:22:06,869:Dart.py:781: The test AsterInstallOnK8s has FAILED
ERROR: 2018-08-16 12:22:06,869:Dart.py:325: unsupported operand type(s) for +: 'NoneType' and 'str'
ERROR: 2018-08-16 12:22:06,870:Dart.py:327: (<type 'exceptions.TypeError'>, TypeError("unsupported operand type(s) for +: 'NoneType' and 'str'",), <traceback object at 0x7ff5226f67e8>)
ERROR: 2018-08-16 12:22:06,870:Dart.py:328: Traceback (most recent call last):
  File "/root/Dart/Dart.py", line 323, in __init__
    self.runTest(testset, test[0], test[1], test[2])
  File "/root/Dart/Dart.py", line 756, in runTest
    testInstance = test(self.cfgJson, testParam)
  File "/root/Dart/testsrc/devops_installer/docker/AsterInstallOnK8s.py", line 46, in __init__
    KubernetesTestBase.__init__(self, cfgJson, testParams)
  File "/root/Dart/testsrc/devops_installer/docker/KubernetesTestBase.py", line 26, in __init__
    self.ansibleSetupDir = self.buildLoc + "/asterK8sInstaller/kubernetes/multinode/vrealize/ansible-remote"
TypeError: unsupported operand type(s) for +: 'NoneType' and 'str'

INFO: 2018-08-16 12:22:06,871:Dart.py:329: Continuing with the remaining tests!
INFO: 2018-08-16 12:22:06,871:Dart.py:334: Test Set : Install Total Execution Time: 0 
