INFO: 2018-08-15 14:37:47,404:DartRunner.py:108: Logfile is /root/Dart/log/DartRunner-2018-08-15-143747.log
INFO: 2018-08-15 14:37:47,405:DartRunner.py:109: Current Process Id: 6766
INFO: 2018-08-15 14:37:47,405:DartRunner.py:170: clusterList = dart-main-sls12-03 
INFO: 2018-08-15 14:37:47,405:DartRunner.py:178: dart-main-sls12-03
INFO: 2018-08-15 14:37:47,408:DartRunner.py:108: Logfile is /root/Dart/log/DartRunner-2018-08-15-143747.log
INFO: 2018-08-15 14:37:47,408:DartRunner.py:109: Current Process Id: 6768
INFO: 2018-08-15 14:37:47,409:DartRunner.py:170: clusterList = dart-main-sls12-03 
INFO: 2018-08-15 14:37:47,409:DartRunner.py:178: dart-main-sls12-03
INFO: 2018-08-15 14:37:47,477:DartRunner.py:108: Logfile is /root/Dart/log/DartRunner-2018-08-15-143747.log
INFO: 2018-08-15 14:37:47,477:DartRunner.py:109: Current Process Id: 6772
INFO: 2018-08-15 14:37:47,478:DartRunner.py:170: clusterList = dart-main-sls12-03 
INFO: 2018-08-15 14:37:47,482:DartRunner.py:178: dart-main-sls12-03
INFO: 2018-08-15 14:37:48,923:DartRunner.py:2008: NAME      READY     STATUS             RESTARTS   AGE
consul    1/1       Running            0          18h
queen     17/18     CrashLoopBackOff   159        18h
worker1   7/7       Running            0          18h
worker2   7/7       Running            0          18h

INFO: 2018-08-15 14:37:48,924:DartRunner.py:2008: NAME      READY     STATUS             RESTARTS   AGE
consul    1/1       Running            0          18h
queen     17/18     CrashLoopBackOff   159        18h
worker1   7/7       Running            0          18h
worker2   7/7       Running            0          18h

INFO: 2018-08-15 14:37:49,037:DartRunner.py:2037: consul
INFO: 2018-08-15 14:37:49,038:DartRunner.py:2037: queen
INFO: 2018-08-15 14:37:49,038:DartRunner.py:2043: kubectl get -o template po queen --namespace=cloud-aster --template={{.spec.nodeName}}
INFO: 2018-08-15 14:37:49,041:DartRunner.py:2037: consul
INFO: 2018-08-15 14:37:49,041:DartRunner.py:2037: queen
INFO: 2018-08-15 14:37:49,041:DartRunner.py:2043: kubectl get -o template po queen --namespace=cloud-aster --template={{.spec.nodeName}}
INFO: 2018-08-15 14:37:49,079:DartRunner.py:2008: NAME      READY     STATUS             RESTARTS   AGE
consul    1/1       Running            0          18h
queen     17/18     CrashLoopBackOff   159        18h
worker1   7/7       Running            0          18h
worker2   7/7       Running            0          18h

INFO: 2018-08-15 14:37:49,193:DartRunner.py:2037: consul
INFO: 2018-08-15 14:37:49,194:DartRunner.py:2037: queen
INFO: 2018-08-15 14:37:49,194:DartRunner.py:2043: kubectl get -o template po queen --namespace=cloud-aster --template={{.spec.nodeName}}
INFO: 2018-08-15 14:37:50,098:DartRunner.py:2008: 10.25.83.51
INFO: 2018-08-15 14:37:50,212:DartRunner.py:2045: 10.25.83.51
INFO: 2018-08-15 14:37:50,213:DartRunner.py:2048: 10.25.83.51
INFO: 2018-08-15 14:37:50,213:DartRunner.py:2037: worker1
INFO: 2018-08-15 14:37:50,213:DartRunner.py:2043: kubectl get -o template po worker1 --namespace=cloud-aster --template={{.spec.nodeName}}
INFO: 2018-08-15 14:37:50,229:DartRunner.py:2008: 10.25.83.51
INFO: 2018-08-15 14:37:50,279:DartRunner.py:2008: 10.25.83.51
INFO: 2018-08-15 14:37:50,343:DartRunner.py:2045: 10.25.83.51
INFO: 2018-08-15 14:37:50,343:DartRunner.py:2048: 10.25.83.51
INFO: 2018-08-15 14:37:50,343:DartRunner.py:2037: worker1
INFO: 2018-08-15 14:37:50,344:DartRunner.py:2043: kubectl get -o template po worker1 --namespace=cloud-aster --template={{.spec.nodeName}}
INFO: 2018-08-15 14:37:50,394:DartRunner.py:2045: 10.25.83.51
INFO: 2018-08-15 14:37:50,394:DartRunner.py:2048: 10.25.83.51
INFO: 2018-08-15 14:37:50,395:DartRunner.py:2037: worker1
INFO: 2018-08-15 14:37:50,395:DartRunner.py:2043: kubectl get -o template po worker1 --namespace=cloud-aster --template={{.spec.nodeName}}
INFO: 2018-08-15 14:37:51,298:DartRunner.py:2008: 10.25.83.52
INFO: 2018-08-15 14:37:51,412:DartRunner.py:2045: 10.25.83.52
INFO: 2018-08-15 14:37:51,412:DartRunner.py:2048: 10.25.83.52
INFO: 2018-08-15 14:37:51,413:DartRunner.py:2037: worker2
INFO: 2018-08-15 14:37:51,413:DartRunner.py:2043: kubectl get -o template po worker2 --namespace=cloud-aster --template={{.spec.nodeName}}
INFO: 2018-08-15 14:37:51,443:DartRunner.py:2008: 10.25.83.52
INFO: 2018-08-15 14:37:51,448:DartRunner.py:2008: 10.25.83.52
INFO: 2018-08-15 14:37:51,507:DartRunner.py:2045: 10.25.83.52
INFO: 2018-08-15 14:37:51,507:DartRunner.py:2048: 10.25.83.52
INFO: 2018-08-15 14:37:51,507:DartRunner.py:2037: worker2
INFO: 2018-08-15 14:37:51,507:DartRunner.py:2043: kubectl get -o template po worker2 --namespace=cloud-aster --template={{.spec.nodeName}}
INFO: 2018-08-15 14:37:51,562:DartRunner.py:2045: 10.25.83.52
INFO: 2018-08-15 14:37:51,562:DartRunner.py:2048: 10.25.83.52
INFO: 2018-08-15 14:37:51,562:DartRunner.py:2037: worker2
INFO: 2018-08-15 14:37:51,563:DartRunner.py:2043: kubectl get -o template po worker2 --namespace=cloud-aster --template={{.spec.nodeName}}
INFO: 2018-08-15 14:37:52,360:DartRunner.py:2008: 10.25.83.53
INFO: 2018-08-15 14:37:52,466:DartRunner.py:2008: 10.25.83.53
INFO: 2018-08-15 14:37:52,474:DartRunner.py:2045: 10.25.83.53
INFO: 2018-08-15 14:37:52,475:DartRunner.py:2048: 10.25.83.53
INFO: 2018-08-15 14:37:52,475:DartRunner.py:2077: ['10.25.83.51']
INFO: 2018-08-15 14:37:52,475:DartRunner.py:2078: ['10.25.83.52', '10.25.83.53']
INFO: 2018-08-15 14:37:52,475:DartRunner.py:247: /root/Dart/testset/OneTest.tst
INFO: 2018-08-15 14:37:52,475:DartRunner.py:258: Scanning File: /root/Dart/testset/OneTest.tst 
INFO: 2018-08-15 14:37:52,475:DartRunner.py:273: Reading tempRunFile : /tmp/OneTest.tst
INFO: 2018-08-15 14:37:52,476:DartRunner.py:2944: DockerHealth: ClusterHealthdevops_installer/docker/ClusterHealth                     
INFO: 2018-08-15 14:37:52,476:DartRunner.py:361: OrderedDict([(u'Install', [OrderedDict([(u'NAME', u'AsterInstallOnK8s'), (u'TIMEOUT', 7200), (u'LOCATION', u'devops_installer/docker/AsterInstallOnK8s'), (u'WORKERPOD_COUNT', 2), (u'PARTITIONS_PER_WORKERPOD', 2), (u'localRegistry', u'False'), (u'deleteDockerImages', u'True'), (u'dockerRepoPath', u'asterdata/beehive/drops/ci/08.00.00.01-806f9cc5'), (u'dockerRepoTag', u'08.00.00.01-806f9cc5'), (u'dockerRepoUser', u'da230151'), (u'dockerRepoPassword', u'APB4dyNjaZ5Dr6gRKDoy8vGDcQt'), (u'dockerRepoEmail', u'da230151@teradata.com'), (u'dockerRepoHost', u'sdartifact.td.teradata.com'), (u'OWNER', u'naveen.williams'), (u'CATEGORY', u'positive'), (u'PRIORITY', u'1'), (u'COMPONENT', u'devops_installer/docker')])])])
INFO: 2018-08-15 14:37:52,511:DartRunner.py:2008: 10.25.83.53
INFO: 2018-08-15 14:37:52,574:DartRunner.py:2045: 10.25.83.53
INFO: 2018-08-15 14:37:52,575:DartRunner.py:2048: 10.25.83.53
INFO: 2018-08-15 14:37:52,575:DartRunner.py:2077: ['10.25.83.51']
INFO: 2018-08-15 14:37:52,575:DartRunner.py:2078: ['10.25.83.52', '10.25.83.53']
INFO: 2018-08-15 14:37:52,575:DartRunner.py:247: /root/Dart/testset/OneTest.tst
INFO: 2018-08-15 14:37:52,575:DartRunner.py:258: Scanning File: /root/Dart/testset/OneTest.tst 
INFO: 2018-08-15 14:37:52,575:DartRunner.py:273: Reading tempRunFile : /tmp/OneTest.tst
INFO: 2018-08-15 14:37:52,576:DartRunner.py:2944: DockerHealth: ClusterHealthdevops_installer/docker/ClusterHealth                     
INFO: 2018-08-15 14:37:52,577:DartRunner.py:361: OrderedDict([(u'Install', [OrderedDict([(u'NAME', u'AsterInstallOnK8s'), (u'TIMEOUT', 7200), (u'LOCATION', u'devops_installer/docker/AsterInstallOnK8s'), (u'WORKERPOD_COUNT', 2), (u'PARTITIONS_PER_WORKERPOD', 2), (u'localRegistry', u'False'), (u'deleteDockerImages', u'True'), (u'dockerRepoPath', u'asterdata/beehive/drops/ci/08.00.00.01-806f9cc5'), (u'dockerRepoTag', u'08.00.00.01-806f9cc5'), (u'dockerRepoUser', u'da230151'), (u'dockerRepoPassword', u'APB4dyNjaZ5Dr6gRKDoy8vGDcQt'), (u'dockerRepoEmail', u'da230151@teradata.com'), (u'dockerRepoHost', u'sdartifact.td.teradata.com'), (u'OWNER', u'naveen.williams'), (u'CATEGORY', u'positive'), (u'PRIORITY', u'1'), (u'COMPONENT', u'devops_installer/docker')])])])
INFO: 2018-08-15 14:37:52,580:DartRunner.py:2045: 10.25.83.53
INFO: 2018-08-15 14:37:52,581:DartRunner.py:2048: 10.25.83.53
INFO: 2018-08-15 14:37:52,581:DartRunner.py:2077: ['10.25.83.51']
INFO: 2018-08-15 14:37:52,581:DartRunner.py:2078: ['10.25.83.52', '10.25.83.53']
INFO: 2018-08-15 14:37:52,581:DartRunner.py:247: /root/Dart/testset/OneTest.tst
INFO: 2018-08-15 14:37:52,581:DartRunner.py:258: Scanning File: /root/Dart/testset/OneTest.tst 
INFO: 2018-08-15 14:37:52,581:DartRunner.py:273: Reading tempRunFile : /tmp/OneTest.tst
INFO: 2018-08-15 14:37:52,582:DartRunner.py:2944: DockerHealth: ClusterHealthdevops_installer/docker/ClusterHealth                     
INFO: 2018-08-15 14:37:52,582:DartRunner.py:361: OrderedDict([(u'Install', [OrderedDict([(u'NAME', u'AsterInstallOnK8s'), (u'TIMEOUT', 7200), (u'LOCATION', u'devops_installer/docker/AsterInstallOnK8s'), (u'WORKERPOD_COUNT', 2), (u'PARTITIONS_PER_WORKERPOD', 2), (u'localRegistry', u'False'), (u'deleteDockerImages', u'True'), (u'dockerRepoPath', u'asterdata/beehive/drops/ci/08.00.00.01-806f9cc5'), (u'dockerRepoTag', u'08.00.00.01-806f9cc5'), (u'dockerRepoUser', u'da230151'), (u'dockerRepoPassword', u'APB4dyNjaZ5Dr6gRKDoy8vGDcQt'), (u'dockerRepoEmail', u'da230151@teradata.com'), (u'dockerRepoHost', u'sdartifact.td.teradata.com'), (u'OWNER', u'naveen.williams'), (u'CATEGORY', u'positive'), (u'PRIORITY', u'1'), (u'COMPONENT', u'devops_installer/docker')])])])
INFO: 2018-08-15 14:37:52,930:DartRunner.py:2154: Ping on cluster dart-main-sls12-03 Successful!
INFO: 2018-08-15 14:37:52,931:DartRunner.py:2154: Ping on cluster dart-main-sls12-03 Successful!
INFO: 2018-08-15 14:37:52,932:DartRunner.py:2154: Ping on cluster dart-main-sls12-03 Successful!
INFO: 2018-08-15 14:37:53,124:DartRunner.py:523: Dart DashBoard URL: http://dartdashboard.labs.teradata.com/report?run_id=180815-93
INFO: 2018-08-15 14:37:53,127:DartRunner.py:523: Dart DashBoard URL: http://dartdashboard.labs.teradata.com/report?run_id=180815-94
INFO: 2018-08-15 14:37:53,130:DartRunner.py:523: Dart DashBoard URL: http://dartdashboard.labs.teradata.com/report?run_id=180815-95
INFO: 2018-08-15 14:37:53,147:DartRunner.py:1696: Done inserting the information of run 180815-93
INFO: 2018-08-15 14:37:53,149:DartRunner.py:1696: Done inserting the information of run 180815-94
INFO: 2018-08-15 14:37:53,149:DartRunner.py:1696: Done inserting the information of run 180815-95
INFO: 2018-08-15 14:37:53,171:DartRunner.py:2665: DB Insert Success: AsterInstallOnK8s
INFO: 2018-08-15 14:37:53,175:DartRunner.py:2665: DB Insert Success: AsterInstallOnK8s
INFO: 2018-08-15 14:37:53,175:DartRunner.py:2665: DB Insert Success: AsterInstallOnK8s
INFO: 2018-08-15 14:37:56,675:DartRunner.py:663: 
Running Install Test: AsterInstallOnK8s on Cluster: dart-main-sls12-03 Thread Count: 1  

INFO: 2018-08-15 14:37:56,678:DartRunner.py:663: 
Running Install Test: AsterInstallOnK8s on Cluster: dart-main-sls12-03 Thread Count: 1  

INFO: 2018-08-15 14:37:56,678:DartRunner.py:663: 
Running Install Test: AsterInstallOnK8s on Cluster: dart-main-sls12-03 Thread Count: 1  

INFO: 2018-08-15 14:37:56,706:DartRunner.py:2665: DB Insert Success: NullTest
INFO: 2018-08-15 14:37:56,723:DartRunner.py:2665: DB Insert Success: NullTest
INFO: 2018-08-15 14:37:56,726:DartRunner.py:2555: Updated cluster: dart-main-sls12-03 for test AsterInstallOnK8s
INFO: 2018-08-15 14:37:56,726:DartRunner.py:2665: DB Insert Success: NullTest
INFO: 2018-08-15 14:37:56,730:DartRunner.py:2555: Updated cluster: dart-main-sls12-03 for test AsterInstallOnK8s
INFO: 2018-08-15 14:37:56,734:DartRunner.py:2555: Updated cluster: dart-main-sls12-03 for test AsterInstallOnK8s
INFO: 2018-08-15 14:37:57,941:DartRunner.py:2873: getHadoopVersion stdout = 
INFO: 2018-08-15 14:37:57,941:DartRunner.py:2873: getHadoopVersion stdout = 
INFO: 2018-08-15 14:37:57,941:DartRunner.py:2873: getHadoopVersion stdout = 
INFO: 2018-08-15 14:37:57,942:DartRunner.py:2874: getHadoopVersion stderr = bash: hadoop: command not found

INFO: 2018-08-15 14:37:57,942:DartRunner.py:2874: getHadoopVersion stderr = bash: hadoop: command not found

INFO: 2018-08-15 14:37:57,942:DartRunner.py:2874: getHadoopVersion stderr = bash: hadoop: command not found

INFO: 2018-08-15 14:37:57,942:DartRunner.py:2875: getHadoopVersion status = 127
INFO: 2018-08-15 14:37:57,942:DartRunner.py:2875: getHadoopVersion status = 127
INFO: 2018-08-15 14:37:57,942:DartRunner.py:2875: getHadoopVersion status = 127
INFO: 2018-08-15 14:37:57,942:DartRunner.py:2884: hdversion = None
INFO: 2018-08-15 14:37:57,943:DartRunner.py:2884: hdversion = None
INFO: 2018-08-15 14:37:57,943:DartRunner.py:2884: hdversion = None
INFO: 2018-08-15 14:37:57,943:DartRunner.py:2846: The cluster is without Hadoop, change db_version to Aster
INFO: 2018-08-15 14:37:57,943:DartRunner.py:2846: The cluster is without Hadoop, change db_version to Aster
INFO: 2018-08-15 14:37:57,943:DartRunner.py:2846: The cluster is without Hadoop, change db_version to Aster
INFO: 2018-08-15 14:37:57,977:DartRunner.py:2587: Updated Status: On test AsterInstallOnK8s
INFO: 2018-08-15 14:37:57,977:DartRunner.py:2588: {'db_version': 'Aster', 'db_type': 'Classic', 'build_info': ''}
INFO: 2018-08-15 14:37:57,977:DartRunner.py:2214: Updating the status to Running in the database: AsterInstallOnK8s!
INFO: 2018-08-15 14:37:57,980:DartRunner.py:2587: Updated Status: On test AsterInstallOnK8s
INFO: 2018-08-15 14:37:57,980:DartRunner.py:2587: Updated Status: On test AsterInstallOnK8s
INFO: 2018-08-15 14:37:57,980:DartRunner.py:2588: {'db_version': 'Aster', 'db_type': 'Classic', 'build_info': ''}
INFO: 2018-08-15 14:37:57,981:DartRunner.py:2588: {'db_version': 'Aster', 'db_type': 'Classic', 'build_info': ''}
INFO: 2018-08-15 14:37:57,981:DartRunner.py:2214: Updating the status to Running in the database: AsterInstallOnK8s!
INFO: 2018-08-15 14:37:57,981:DartRunner.py:2214: Updating the status to Running in the database: AsterInstallOnK8s!
INFO: 2018-08-15 14:37:58,001:DartRunner.py:2587: Updated Status: On test AsterInstallOnK8s
INFO: 2018-08-15 14:37:58,001:DartRunner.py:2588: {'status': 'RUNNING', 'start_time': '2018-08-15 14:37:56'}
INFO: 2018-08-15 14:37:58,002:Dart.py:120: Logfile is /root/Dart/log/Dart-AsterInstallOnK8s-180815-93-143758.log
INFO: 2018-08-15 14:37:58,005:DartRunner.py:2587: Updated Status: On test AsterInstallOnK8s
INFO: 2018-08-15 14:37:58,005:DartRunner.py:2588: {'status': 'RUNNING', 'start_time': '2018-08-15 14:37:56'}
INFO: 2018-08-15 14:37:58,006:DartRunner.py:2587: Updated Status: On test AsterInstallOnK8s
INFO: 2018-08-15 14:37:58,007:DartRunner.py:2588: {'status': 'RUNNING', 'start_time': '2018-08-15 14:37:56'}
INFO: 2018-08-15 14:37:58,007:Dart.py:120: Logfile is /root/Dart/log/Dart-AsterInstallOnK8s-180815-94-143758.log
INFO: 2018-08-15 14:37:58,006:Dart.py:120: Logfile is /root/Dart/log/Dart-AsterInstallOnK8s-180815-95-143758.log
INFO: 2018-08-15 14:37:58,208:DartRunner.py:754: Looping the Main Loop: 1
INFO: 2018-08-15 14:37:58,209:DartRunner.py:1130: Tests may be currently running..Sleeping for 10 seconds before checking the Queue!
INFO: 2018-08-15 14:37:58,209:DartRunner.py:1131: {'dart-main-sls12-03': 'install'}
INFO: 2018-08-15 14:37:58,225:DartRunner.py:754: Looping the Main Loop: 1
INFO: 2018-08-15 14:37:58,225:DartRunner.py:1130: Tests may be currently running..Sleeping for 10 seconds before checking the Queue!
INFO: 2018-08-15 14:37:58,226:DartRunner.py:1131: {'dart-main-sls12-03': 'install'}
INFO: 2018-08-15 14:37:58,232:DartRunner.py:754: Looping the Main Loop: 1
INFO: 2018-08-15 14:37:58,232:DartRunner.py:1130: Tests may be currently running..Sleeping for 10 seconds before checking the Queue!
INFO: 2018-08-15 14:37:58,232:DartRunner.py:1131: {'dart-main-sls12-03': 'install'}
INFO: 2018-08-15 14:37:59,375:Dart.py:390: NAME      READY     STATUS             RESTARTS   AGE
consul    1/1       Running            0          18h
queen     17/18     CrashLoopBackOff   159        18h
worker1   7/7       Running            0          18h
worker2   7/7       Running            0          18h

INFO: 2018-08-15 14:37:59,376:Dart.py:418: consul
INFO: 2018-08-15 14:37:59,376:Dart.py:418: queen
INFO: 2018-08-15 14:37:59,376:Dart.py:424: kubectl get -o template po queen --namespace=cloud-aster --template={{.spec.nodeName}}
INFO: 2018-08-15 14:37:59,378:Dart.py:390: NAME      READY     STATUS             RESTARTS   AGE
consul    1/1       Running            0          18h
queen     17/18     CrashLoopBackOff   159        18h
worker1   7/7       Running            0          18h
worker2   7/7       Running            0          18h

INFO: 2018-08-15 14:37:59,378:Dart.py:418: consul
INFO: 2018-08-15 14:37:59,378:Dart.py:418: queen
INFO: 2018-08-15 14:37:59,378:Dart.py:424: kubectl get -o template po queen --namespace=cloud-aster --template={{.spec.nodeName}}
INFO: 2018-08-15 14:37:59,431:Dart.py:390: NAME      READY     STATUS             RESTARTS   AGE
consul    1/1       Running            0          18h
queen     17/18     CrashLoopBackOff   159        18h
worker1   7/7       Running            0          18h
worker2   7/7       Running            0          18h

INFO: 2018-08-15 14:37:59,431:Dart.py:418: consul
INFO: 2018-08-15 14:37:59,431:Dart.py:418: queen
INFO: 2018-08-15 14:37:59,432:Dart.py:424: kubectl get -o template po queen --namespace=cloud-aster --template={{.spec.nodeName}}
INFO: 2018-08-15 14:38:00,351:Dart.py:390: 10.25.83.51
INFO: 2018-08-15 14:38:00,351:Dart.py:426: 10.25.83.51
INFO: 2018-08-15 14:38:00,352:Dart.py:429: 10.25.83.51
INFO: 2018-08-15 14:38:00,352:Dart.py:418: worker1
INFO: 2018-08-15 14:38:00,352:Dart.py:424: kubectl get -o template po worker1 --namespace=cloud-aster --template={{.spec.nodeName}}
INFO: 2018-08-15 14:38:00,454:Dart.py:390: 10.25.83.51
INFO: 2018-08-15 14:38:00,454:Dart.py:426: 10.25.83.51
INFO: 2018-08-15 14:38:00,455:Dart.py:429: 10.25.83.51
INFO: 2018-08-15 14:38:00,455:Dart.py:418: worker1
INFO: 2018-08-15 14:38:00,455:Dart.py:424: kubectl get -o template po worker1 --namespace=cloud-aster --template={{.spec.nodeName}}
INFO: 2018-08-15 14:38:00,481:Dart.py:390: 10.25.83.51
INFO: 2018-08-15 14:38:00,481:Dart.py:426: 10.25.83.51
INFO: 2018-08-15 14:38:00,482:Dart.py:429: 10.25.83.51
INFO: 2018-08-15 14:38:00,482:Dart.py:418: worker1
INFO: 2018-08-15 14:38:00,482:Dart.py:424: kubectl get -o template po worker1 --namespace=cloud-aster --template={{.spec.nodeName}}
INFO: 2018-08-15 14:38:01,279:Dart.py:390: 10.25.83.52
INFO: 2018-08-15 14:38:01,280:Dart.py:426: 10.25.83.52
INFO: 2018-08-15 14:38:01,280:Dart.py:429: 10.25.83.52
INFO: 2018-08-15 14:38:01,280:Dart.py:418: worker2
INFO: 2018-08-15 14:38:01,280:Dart.py:424: kubectl get -o template po worker2 --namespace=cloud-aster --template={{.spec.nodeName}}
INFO: 2018-08-15 14:38:01,523:Dart.py:390: 10.25.83.52
INFO: 2018-08-15 14:38:01,523:Dart.py:426: 10.25.83.52
INFO: 2018-08-15 14:38:01,523:Dart.py:429: 10.25.83.52
INFO: 2018-08-15 14:38:01,523:Dart.py:418: worker2
INFO: 2018-08-15 14:38:01,523:Dart.py:424: kubectl get -o template po worker2 --namespace=cloud-aster --template={{.spec.nodeName}}
INFO: 2018-08-15 14:38:01,532:Dart.py:390: 10.25.83.52
INFO: 2018-08-15 14:38:01,532:Dart.py:426: 10.25.83.52
INFO: 2018-08-15 14:38:01,533:Dart.py:429: 10.25.83.52
INFO: 2018-08-15 14:38:01,533:Dart.py:418: worker2
INFO: 2018-08-15 14:38:01,533:Dart.py:424: kubectl get -o template po worker2 --namespace=cloud-aster --template={{.spec.nodeName}}
INFO: 2018-08-15 14:38:02,335:Dart.py:390: 10.25.83.53
INFO: 2018-08-15 14:38:02,335:Dart.py:426: 10.25.83.53
INFO: 2018-08-15 14:38:02,336:Dart.py:429: 10.25.83.53
INFO: 2018-08-15 14:38:02,336:Dart.py:460: ['10.25.83.51']
INFO: 2018-08-15 14:38:02,336:Dart.py:461: ['10.25.83.52', '10.25.83.53']
INFO: 2018-08-15 14:38:02,336:Dart.py:299: Test Set: Install 
INFO: 2018-08-15 14:38:02,336:Dart.py:313: Running Testset: Install
INFO: 2018-08-15 14:38:02,336:Dart.py:319:         Running Test: AsterInstallOnK8s on Cluster dart-main-sls12-03
INFO: 2018-08-15 14:38:02,337:Dart.py:322: [u'AsterInstallOnK8s', {u'deleteDockerImages': u'True', 'testSet': 'Install', u'dockerRepoUser': u'da230151', u'dockerRepoPassword': u'APB4dyNjaZ5Dr6gRKDoy8vGDcQt', u'WORKERPOD_COUNT': 2, 'testId': 1, u'TIMEOUT': 7200, u'localRegistry': u'False', 'id': 1511139, u'CATEGORY': u'positive', u'dockerRepoPath': u'asterdata/beehive/drops/ci/08.00.00.01-806f9cc5', u'NAME': u'AsterInstallOnK8s', 'timeScale': 1, u'dockerRepoEmail': u'da230151@teradata.com', u'dockerRepoHost': u'sdartifact.td.teradata.com', u'COMPONENT': u'devops_installer/docker', u'dockerRepoTag': u'08.00.00.01-806f9cc5', u'PRIORITY': u'1', u'LOCATION': u'devops_installer/docker/AsterInstallOnK8s', u'OWNER': u'naveen.williams', u'PARTITIONS_PER_WORKERPOD': 2, 'runId': u'180815-94'}, 0]
INFO: 2018-08-15 14:38:02,363:Dart.py:752: --------------------------------------------------
INFO: 2018-08-15 14:38:02,364:TestBase.py:42:           Using the following Test Parameters:
INFO: 2018-08-15 14:38:02,364:TestBase.py:43: --------------------------------------------------
INFO: 2018-08-15 14:38:02,364:TestBase.py:45:           deleteDockerImages : True 
INFO: 2018-08-15 14:38:02,364:TestBase.py:45:           testSet : Install 
INFO: 2018-08-15 14:38:02,364:TestBase.py:45:           filePath : devops_installer/docker 
INFO: 2018-08-15 14:38:02,364:TestBase.py:45:           logPath : /root/Dart 
INFO: 2018-08-15 14:38:02,365:TestBase.py:45:           dockerRepoUser : da230151 
INFO: 2018-08-15 14:38:02,365:TestBase.py:45:           dockerRepoPassword : APB4dyNjaZ5Dr6gRKDoy8vGDcQt 
INFO: 2018-08-15 14:38:02,365:TestBase.py:45:           WORKERPOD_COUNT : 2 
INFO: 2018-08-15 14:38:02,365:TestBase.py:45:           testId : 1 
INFO: 2018-08-15 14:38:02,365:TestBase.py:45:           TIMEOUT : 7200 
INFO: 2018-08-15 14:38:02,365:TestBase.py:45:           localRegistry : False 
INFO: 2018-08-15 14:38:02,365:TestBase.py:45:           id : 1511139 
INFO: 2018-08-15 14:38:02,366:TestBase.py:45:           CATEGORY : positive 
INFO: 2018-08-15 14:38:02,366:TestBase.py:45:           dockerRepoPath : asterdata/beehive/drops/ci/08.00.00.01-806f9cc5 
INFO: 2018-08-15 14:38:02,366:TestBase.py:45:           NAME : AsterInstallOnK8s 
INFO: 2018-08-15 14:38:02,366:TestBase.py:45:           timeScale : 1 
INFO: 2018-08-15 14:38:02,366:TestBase.py:45:           dockerRepoEmail : da230151@teradata.com 
INFO: 2018-08-15 14:38:02,367:TestBase.py:45:           dockerRepoHost : sdartifact.td.teradata.com 
INFO: 2018-08-15 14:38:02,367:TestBase.py:45:           COMPONENT : devops_installer/docker 
INFO: 2018-08-15 14:38:02,367:TestBase.py:45:           dockerRepoTag : 08.00.00.01-806f9cc5 
INFO: 2018-08-15 14:38:02,367:TestBase.py:45:           PRIORITY : 1 
INFO: 2018-08-15 14:38:02,367:TestBase.py:45:           logTimestamp : 2018-08-15-143802 
INFO: 2018-08-15 14:38:02,367:TestBase.py:45:           LOCATION : devops_installer/docker/AsterInstallOnK8s 
INFO: 2018-08-15 14:38:02,367:TestBase.py:45:           OWNER : naveen.williams 
INFO: 2018-08-15 14:38:02,368:TestBase.py:45:           PARTITIONS_PER_WORKERPOD : 2 
INFO: 2018-08-15 14:38:02,368:TestBase.py:45:           runId : 180815-94 
INFO: 2018-08-15 14:38:02,368:TestBase.py:46: --------------------------------------------------
INFO: 2018-08-15 14:38:02,394:Kubernetes.py:82: Executing command [10.25.83.50]: kubectl get pods --namespace=cloud-aster
INFO: 2018-08-15 14:38:02,503:Dart.py:390: 10.25.83.53
INFO: 2018-08-15 14:38:02,503:Dart.py:426: 10.25.83.53
INFO: 2018-08-15 14:38:02,504:Dart.py:429: 10.25.83.53
INFO: 2018-08-15 14:38:02,504:Dart.py:460: ['10.25.83.51']
INFO: 2018-08-15 14:38:02,504:Dart.py:461: ['10.25.83.52', '10.25.83.53']
INFO: 2018-08-15 14:38:02,504:Dart.py:299: Test Set: Install 
INFO: 2018-08-15 14:38:02,505:Dart.py:313: Running Testset: Install
INFO: 2018-08-15 14:38:02,505:Dart.py:319:         Running Test: AsterInstallOnK8s on Cluster dart-main-sls12-03
INFO: 2018-08-15 14:38:02,505:Dart.py:322: [u'AsterInstallOnK8s', {u'deleteDockerImages': u'True', 'testSet': 'Install', u'dockerRepoUser': u'da230151', u'dockerRepoPassword': u'APB4dyNjaZ5Dr6gRKDoy8vGDcQt', u'WORKERPOD_COUNT': 2, 'testId': 1, u'TIMEOUT': 7200, u'localRegistry': u'False', 'id': 1511138, u'CATEGORY': u'positive', u'dockerRepoPath': u'asterdata/beehive/drops/ci/08.00.00.01-806f9cc5', u'NAME': u'AsterInstallOnK8s', 'timeScale': 1, u'dockerRepoEmail': u'da230151@teradata.com', u'dockerRepoHost': u'sdartifact.td.teradata.com', u'COMPONENT': u'devops_installer/docker', u'dockerRepoTag': u'08.00.00.01-806f9cc5', u'PRIORITY': u'1', u'LOCATION': u'devops_installer/docker/AsterInstallOnK8s', u'OWNER': u'naveen.williams', u'PARTITIONS_PER_WORKERPOD': 2, 'runId': u'180815-93'}, 0]
INFO: 2018-08-15 14:38:02,529:Dart.py:752: --------------------------------------------------
INFO: 2018-08-15 14:38:02,529:TestBase.py:42:           Using the following Test Parameters:
INFO: 2018-08-15 14:38:02,530:TestBase.py:43: --------------------------------------------------
INFO: 2018-08-15 14:38:02,530:TestBase.py:45:           deleteDockerImages : True 
INFO: 2018-08-15 14:38:02,530:TestBase.py:45:           testSet : Install 
INFO: 2018-08-15 14:38:02,530:TestBase.py:45:           filePath : devops_installer/docker 
INFO: 2018-08-15 14:38:02,530:TestBase.py:45:           logPath : /root/Dart 
INFO: 2018-08-15 14:38:02,531:TestBase.py:45:           dockerRepoUser : da230151 
INFO: 2018-08-15 14:38:02,531:TestBase.py:45:           dockerRepoPassword : APB4dyNjaZ5Dr6gRKDoy8vGDcQt 
INFO: 2018-08-15 14:38:02,531:TestBase.py:45:           WORKERPOD_COUNT : 2 
INFO: 2018-08-15 14:38:02,531:TestBase.py:45:           testId : 1 
INFO: 2018-08-15 14:38:02,531:TestBase.py:45:           TIMEOUT : 7200 
INFO: 2018-08-15 14:38:02,531:TestBase.py:45:           localRegistry : False 
INFO: 2018-08-15 14:38:02,532:TestBase.py:45:           id : 1511138 
INFO: 2018-08-15 14:38:02,532:TestBase.py:45:           CATEGORY : positive 
INFO: 2018-08-15 14:38:02,532:TestBase.py:45:           dockerRepoPath : asterdata/beehive/drops/ci/08.00.00.01-806f9cc5 
INFO: 2018-08-15 14:38:02,532:TestBase.py:45:           NAME : AsterInstallOnK8s 
INFO: 2018-08-15 14:38:02,532:TestBase.py:45:           timeScale : 1 
INFO: 2018-08-15 14:38:02,532:TestBase.py:45:           dockerRepoEmail : da230151@teradata.com 
INFO: 2018-08-15 14:38:02,532:TestBase.py:45:           dockerRepoHost : sdartifact.td.teradata.com 
INFO: 2018-08-15 14:38:02,533:TestBase.py:45:           COMPONENT : devops_installer/docker 
INFO: 2018-08-15 14:38:02,533:TestBase.py:45:           dockerRepoTag : 08.00.00.01-806f9cc5 
INFO: 2018-08-15 14:38:02,533:TestBase.py:45:           PRIORITY : 1 
INFO: 2018-08-15 14:38:02,533:TestBase.py:45:           logTimestamp : 2018-08-15-143802 
INFO: 2018-08-15 14:38:02,533:TestBase.py:45:           LOCATION : devops_installer/docker/AsterInstallOnK8s 
INFO: 2018-08-15 14:38:02,533:TestBase.py:45:           OWNER : naveen.williams 
INFO: 2018-08-15 14:38:02,533:TestBase.py:45:           PARTITIONS_PER_WORKERPOD : 2 
INFO: 2018-08-15 14:38:02,534:TestBase.py:45:           runId : 180815-93 
INFO: 2018-08-15 14:38:02,534:TestBase.py:46: --------------------------------------------------
INFO: 2018-08-15 14:38:02,563:Kubernetes.py:82: Executing command [10.25.83.50]: kubectl get pods --namespace=cloud-aster
INFO: 2018-08-15 14:38:02,577:Dart.py:390: 10.25.83.53
INFO: 2018-08-15 14:38:02,577:Dart.py:426: 10.25.83.53
INFO: 2018-08-15 14:38:02,577:Dart.py:429: 10.25.83.53
INFO: 2018-08-15 14:38:02,577:Dart.py:460: ['10.25.83.51']
INFO: 2018-08-15 14:38:02,578:Dart.py:461: ['10.25.83.52', '10.25.83.53']
INFO: 2018-08-15 14:38:02,578:Dart.py:299: Test Set: Install 
INFO: 2018-08-15 14:38:02,578:Dart.py:313: Running Testset: Install
INFO: 2018-08-15 14:38:02,578:Dart.py:319:         Running Test: AsterInstallOnK8s on Cluster dart-main-sls12-03
INFO: 2018-08-15 14:38:02,579:Dart.py:322: [u'AsterInstallOnK8s', {u'deleteDockerImages': u'True', 'testSet': 'Install', u'dockerRepoUser': u'da230151', u'dockerRepoPassword': u'APB4dyNjaZ5Dr6gRKDoy8vGDcQt', u'WORKERPOD_COUNT': 2, 'testId': 1, u'TIMEOUT': 7200, u'localRegistry': u'False', 'id': 1511140, u'CATEGORY': u'positive', u'dockerRepoPath': u'asterdata/beehive/drops/ci/08.00.00.01-806f9cc5', u'NAME': u'AsterInstallOnK8s', 'timeScale': 1, u'dockerRepoEmail': u'da230151@teradata.com', u'dockerRepoHost': u'sdartifact.td.teradata.com', u'COMPONENT': u'devops_installer/docker', u'dockerRepoTag': u'08.00.00.01-806f9cc5', u'PRIORITY': u'1', u'LOCATION': u'devops_installer/docker/AsterInstallOnK8s', u'OWNER': u'naveen.williams', u'PARTITIONS_PER_WORKERPOD': 2, 'runId': u'180815-95'}, 0]
INFO: 2018-08-15 14:38:02,608:Dart.py:752: --------------------------------------------------
INFO: 2018-08-15 14:38:02,609:TestBase.py:42:           Using the following Test Parameters:
INFO: 2018-08-15 14:38:02,609:TestBase.py:43: --------------------------------------------------
INFO: 2018-08-15 14:38:02,609:TestBase.py:45:           deleteDockerImages : True 
INFO: 2018-08-15 14:38:02,609:TestBase.py:45:           testSet : Install 
INFO: 2018-08-15 14:38:02,609:TestBase.py:45:           filePath : devops_installer/docker 
INFO: 2018-08-15 14:38:02,610:TestBase.py:45:           logPath : /root/Dart 
INFO: 2018-08-15 14:38:02,610:TestBase.py:45:           dockerRepoUser : da230151 
INFO: 2018-08-15 14:38:02,610:TestBase.py:45:           dockerRepoPassword : APB4dyNjaZ5Dr6gRKDoy8vGDcQt 
INFO: 2018-08-15 14:38:02,610:TestBase.py:45:           WORKERPOD_COUNT : 2 
INFO: 2018-08-15 14:38:02,610:TestBase.py:45:           testId : 1 
INFO: 2018-08-15 14:38:02,611:TestBase.py:45:           TIMEOUT : 7200 
INFO: 2018-08-15 14:38:02,611:TestBase.py:45:           localRegistry : False 
INFO: 2018-08-15 14:38:02,611:TestBase.py:45:           id : 1511140 
INFO: 2018-08-15 14:38:02,611:TestBase.py:45:           CATEGORY : positive 
INFO: 2018-08-15 14:38:02,611:TestBase.py:45:           dockerRepoPath : asterdata/beehive/drops/ci/08.00.00.01-806f9cc5 
INFO: 2018-08-15 14:38:02,611:TestBase.py:45:           NAME : AsterInstallOnK8s 
INFO: 2018-08-15 14:38:02,612:TestBase.py:45:           timeScale : 1 
INFO: 2018-08-15 14:38:02,612:TestBase.py:45:           dockerRepoEmail : da230151@teradata.com 
INFO: 2018-08-15 14:38:02,612:TestBase.py:45:           dockerRepoHost : sdartifact.td.teradata.com 
INFO: 2018-08-15 14:38:02,612:TestBase.py:45:           COMPONENT : devops_installer/docker 
INFO: 2018-08-15 14:38:02,613:TestBase.py:45:           dockerRepoTag : 08.00.00.01-806f9cc5 
INFO: 2018-08-15 14:38:02,613:TestBase.py:45:           PRIORITY : 1 
INFO: 2018-08-15 14:38:02,613:TestBase.py:45:           logTimestamp : 2018-08-15-143802 
INFO: 2018-08-15 14:38:02,613:TestBase.py:45:           LOCATION : devops_installer/docker/AsterInstallOnK8s 
INFO: 2018-08-15 14:38:02,613:TestBase.py:45:           OWNER : naveen.williams 
INFO: 2018-08-15 14:38:02,614:TestBase.py:45:           PARTITIONS_PER_WORKERPOD : 2 
INFO: 2018-08-15 14:38:02,614:TestBase.py:45:           runId : 180815-95 
INFO: 2018-08-15 14:38:02,614:TestBase.py:46: --------------------------------------------------
INFO: 2018-08-15 14:38:02,658:Kubernetes.py:82: Executing command [10.25.83.50]: kubectl get pods --namespace=cloud-aster
INFO: 2018-08-15 14:38:03,631:TestBase.py:170: NAME      READY     STATUS             RESTARTS   AGE
consul    1/1       Running            0          18h
queen     17/18     CrashLoopBackOff   159        18h
worker1   7/7       Running            0          18h
worker2   7/7       Running            0          18h

INFO: 2018-08-15 14:38:03,632:Kubernetes.py:82: Executing command [10.25.83.50]: kubectl get svc queenexec-service -o json jsonpath={.spec.Ports} -n cloud-aster
INFO: 2018-08-15 14:38:03,833:TestBase.py:170: NAME      READY     STATUS             RESTARTS   AGE
consul    1/1       Running            0          18h
queen     17/18     CrashLoopBackOff   159        18h
worker1   7/7       Running            0          18h
worker2   7/7       Running            0          18h

INFO: 2018-08-15 14:38:03,833:Kubernetes.py:82: Executing command [10.25.83.50]: kubectl get svc queenexec-service -o json jsonpath={.spec.Ports} -n cloud-aster
INFO: 2018-08-15 14:38:03,879:TestBase.py:170: NAME      READY     STATUS             RESTARTS   AGE
consul    1/1       Running            0          18h
queen     17/18     CrashLoopBackOff   159        18h
worker1   7/7       Running            0          18h
worker2   7/7       Running            0          18h

INFO: 2018-08-15 14:38:03,880:Kubernetes.py:82: Executing command [10.25.83.50]: kubectl get svc queenexec-service -o json jsonpath={.spec.Ports} -n cloud-aster
ERROR: 2018-08-15 14:38:04,504:Dart.py:772: unsupported operand type(s) for +: 'NoneType' and 'str'
ERROR: 2018-08-15 14:38:04,504:Dart.py:773: The test raised an Unexpected Exception!
ERROR: 2018-08-15 14:38:04,505:Dart.py:774: (<type 'exceptions.TypeError'>, TypeError("unsupported operand type(s) for +: 'NoneType' and 'str'",), <traceback object at 0x7f6f69eb95a8>)
ERROR: 2018-08-15 14:38:04,505:Dart.py:775: Traceback (most recent call last):
  File "/root/Dart/Dart.py", line 756, in runTest
    testInstance = test(self.cfgJson, testParam)
  File "/root/Dart/testsrc/devops_installer/docker/AsterInstallOnK8s.py", line 46, in __init__
    KubernetesTestBase.__init__(self, cfgJson, testParams)
  File "/root/Dart/testsrc/devops_installer/docker/KubernetesTestBase.py", line 26, in __init__
    self.ansibleSetupDir = self.buildLoc + "/asterK8sInstaller/kubernetes/multinode/vrealize/ansible-remote"
TypeError: unsupported operand type(s) for +: 'NoneType' and 'str'

INFO: 2018-08-15 14:38:04,506:Dart.py:781: The test AsterInstallOnK8s has FAILED
ERROR: 2018-08-15 14:38:04,506:Dart.py:325: unsupported operand type(s) for +: 'NoneType' and 'str'
ERROR: 2018-08-15 14:38:04,507:Dart.py:327: (<type 'exceptions.TypeError'>, TypeError("unsupported operand type(s) for +: 'NoneType' and 'str'",), <traceback object at 0x7f6f68e55518>)
ERROR: 2018-08-15 14:38:04,507:Dart.py:328: Traceback (most recent call last):
  File "/root/Dart/Dart.py", line 323, in __init__
    self.runTest(testset, test[0], test[1], test[2])
  File "/root/Dart/Dart.py", line 756, in runTest
    testInstance = test(self.cfgJson, testParam)
  File "/root/Dart/testsrc/devops_installer/docker/AsterInstallOnK8s.py", line 46, in __init__
    KubernetesTestBase.__init__(self, cfgJson, testParams)
  File "/root/Dart/testsrc/devops_installer/docker/KubernetesTestBase.py", line 26, in __init__
    self.ansibleSetupDir = self.buildLoc + "/asterK8sInstaller/kubernetes/multinode/vrealize/ansible-remote"
TypeError: unsupported operand type(s) for +: 'NoneType' and 'str'

INFO: 2018-08-15 14:38:04,507:Dart.py:329: Continuing with the remaining tests!
INFO: 2018-08-15 14:38:04,507:Dart.py:334: Test Set : Install Total Execution Time: 2 
INFO: 2018-08-15 14:38:04,521:DartRunner.py:2587: Updated Status: On test AsterInstallOnK8s
INFO: 2018-08-15 14:38:04,521:DartRunner.py:2588: {'status': 'FAIL', 'execution_time': '00:00:02', 'log_location': u'/root/DartLogs/dart-main-sls12-03_AsterInstallOnK8s_2018-08-15-143802.log', 'end_time': '2018-08-15 14:38:04'}
ERROR: 2018-08-15 14:38:04,662:Dart.py:772: unsupported operand type(s) for +: 'NoneType' and 'str'
ERROR: 2018-08-15 14:38:04,663:Dart.py:773: The test raised an Unexpected Exception!
ERROR: 2018-08-15 14:38:04,663:Dart.py:774: (<type 'exceptions.TypeError'>, TypeError("unsupported operand type(s) for +: 'NoneType' and 'str'",), <traceback object at 0x7fbe500aa5a8>)
ERROR: 2018-08-15 14:38:04,663:Dart.py:775: Traceback (most recent call last):
  File "/root/Dart/Dart.py", line 756, in runTest
    testInstance = test(self.cfgJson, testParam)
  File "/root/Dart/testsrc/devops_installer/docker/AsterInstallOnK8s.py", line 46, in __init__
    KubernetesTestBase.__init__(self, cfgJson, testParams)
  File "/root/Dart/testsrc/devops_installer/docker/KubernetesTestBase.py", line 26, in __init__
    self.ansibleSetupDir = self.buildLoc + "/asterK8sInstaller/kubernetes/multinode/vrealize/ansible-remote"
TypeError: unsupported operand type(s) for +: 'NoneType' and 'str'

INFO: 2018-08-15 14:38:04,664:Dart.py:781: The test AsterInstallOnK8s has FAILED
ERROR: 2018-08-15 14:38:04,664:Dart.py:325: unsupported operand type(s) for +: 'NoneType' and 'str'
ERROR: 2018-08-15 14:38:04,664:Dart.py:327: (<type 'exceptions.TypeError'>, TypeError("unsupported operand type(s) for +: 'NoneType' and 'str'",), <traceback object at 0x7fbe50048518>)
ERROR: 2018-08-15 14:38:04,665:Dart.py:328: Traceback (most recent call last):
  File "/root/Dart/Dart.py", line 323, in __init__
    self.runTest(testset, test[0], test[1], test[2])
  File "/root/Dart/Dart.py", line 756, in runTest
    testInstance = test(self.cfgJson, testParam)
  File "/root/Dart/testsrc/devops_installer/docker/AsterInstallOnK8s.py", line 46, in __init__
    KubernetesTestBase.__init__(self, cfgJson, testParams)
  File "/root/Dart/testsrc/devops_installer/docker/KubernetesTestBase.py", line 26, in __init__
    self.ansibleSetupDir = self.buildLoc + "/asterK8sInstaller/kubernetes/multinode/vrealize/ansible-remote"
TypeError: unsupported operand type(s) for +: 'NoneType' and 'str'

INFO: 2018-08-15 14:38:04,665:Dart.py:329: Continuing with the remaining tests!
INFO: 2018-08-15 14:38:04,665:Dart.py:334: Test Set : Install Total Execution Time: 2 
INFO: 2018-08-15 14:38:04,677:DartRunner.py:2587: Updated Status: On test AsterInstallOnK8s
INFO: 2018-08-15 14:38:04,678:DartRunner.py:2588: {'status': 'FAIL', 'execution_time': '00:00:02', 'log_location': u'/root/DartLogs/dart-main-sls12-03_AsterInstallOnK8s_2018-08-15-143802.log', 'end_time': '2018-08-15 14:38:04'}
ERROR: 2018-08-15 14:38:04,719:Dart.py:772: unsupported operand type(s) for +: 'NoneType' and 'str'
ERROR: 2018-08-15 14:38:04,719:Dart.py:773: The test raised an Unexpected Exception!
ERROR: 2018-08-15 14:38:04,719:Dart.py:774: (<type 'exceptions.TypeError'>, TypeError("unsupported operand type(s) for +: 'NoneType' and 'str'",), <traceback object at 0x7f50e4c555a8>)
ERROR: 2018-08-15 14:38:04,720:Dart.py:775: Traceback (most recent call last):
  File "/root/Dart/Dart.py", line 756, in runTest
    testInstance = test(self.cfgJson, testParam)
  File "/root/Dart/testsrc/devops_installer/docker/AsterInstallOnK8s.py", line 46, in __init__
    KubernetesTestBase.__init__(self, cfgJson, testParams)
  File "/root/Dart/testsrc/devops_installer/docker/KubernetesTestBase.py", line 26, in __init__
    self.ansibleSetupDir = self.buildLoc + "/asterK8sInstaller/kubernetes/multinode/vrealize/ansible-remote"
TypeError: unsupported operand type(s) for +: 'NoneType' and 'str'

INFO: 2018-08-15 14:38:04,721:Dart.py:781: The test AsterInstallOnK8s has FAILED
ERROR: 2018-08-15 14:38:04,721:Dart.py:325: unsupported operand type(s) for +: 'NoneType' and 'str'
ERROR: 2018-08-15 14:38:04,722:Dart.py:327: (<type 'exceptions.TypeError'>, TypeError("unsupported operand type(s) for +: 'NoneType' and 'str'",), <traceback object at 0x7f50e4c408c0>)
ERROR: 2018-08-15 14:38:04,722:Dart.py:328: Traceback (most recent call last):
  File "/root/Dart/Dart.py", line 323, in __init__
    self.runTest(testset, test[0], test[1], test[2])
  File "/root/Dart/Dart.py", line 756, in runTest
    testInstance = test(self.cfgJson, testParam)
  File "/root/Dart/testsrc/devops_installer/docker/AsterInstallOnK8s.py", line 46, in __init__
    KubernetesTestBase.__init__(self, cfgJson, testParams)
  File "/root/Dart/testsrc/devops_installer/docker/KubernetesTestBase.py", line 26, in __init__
    self.ansibleSetupDir = self.buildLoc + "/asterK8sInstaller/kubernetes/multinode/vrealize/ansible-remote"
TypeError: unsupported operand type(s) for +: 'NoneType' and 'str'

INFO: 2018-08-15 14:38:04,722:Dart.py:329: Continuing with the remaining tests!
INFO: 2018-08-15 14:38:04,723:Dart.py:334: Test Set : Install Total Execution Time: 2 
INFO: 2018-08-15 14:38:04,739:DartRunner.py:2587: Updated Status: On test AsterInstallOnK8s
INFO: 2018-08-15 14:38:04,739:DartRunner.py:2588: {'status': 'FAIL', 'execution_time': '00:00:02', 'log_location': u'/root/DartLogs/dart-main-sls12-03_AsterInstallOnK8s_2018-08-15-143802.log', 'end_time': '2018-08-15 14:38:04'}
INFO: 2018-08-15 14:38:04,888:DartRunner.py:2647: Successfully uploaded the Dart Test Log: dart-main-sls12-03_AsterInstallOnK8s_2018-08-15-143802.log
INFO: 2018-08-15 14:38:04,896:DartDBConnect.py:127: Running the sql:
INFO: 2018-08-15 14:38:04,896:DartDBConnect.py:128: SELECT retry_logs from darttest WHERE id=1511139;
INFO: 2018-08-15 14:38:04,899:DartDBConnect.py:132: Select Return Value ========
INFO: 2018-08-15 14:38:04,899:DartDBConnect.py:133: [(None,)]
INFO: 2018-08-15 14:38:04,899:DartRunner.py:2629: Select Success: (None,) test AsterInstallOnK8s
INFO: 2018-08-15 14:38:04,899:DartRunner.py:2630: [(None,)]
INFO: 2018-08-15 14:38:04,900:DartRunner.py:2332: RETRY LOG STRING =====
INFO: 2018-08-15 14:38:04,900:DartRunner.py:2333: None
INFO: 2018-08-15 14:38:04,912:DartRunner.py:2587: Updated Status: On test AsterInstallOnK8s
INFO: 2018-08-15 14:38:04,913:DartRunner.py:2588: {'status': 'FAIL', 'execution_time': '00:00:02', 'log_location': u'/root/DartLogs/dart-main-sls12-03_AsterInstallOnK8s_2018-08-15-143802.log', 'end_time': '2018-08-15 14:38:04', 'retry_logs': u'/root/DartLogs/dart-main-sls12-03_AsterInstallOnK8s_2018-08-15-143802.log'}
INFO: 2018-08-15 14:38:04,913:DartRunner.py:2727: Attempting to get the Kernel and os information from the Cluster
INFO: 2018-08-15 14:38:05,008:DartRunner.py:2647: Successfully uploaded the Dart Test Log: dart-main-sls12-03_AsterInstallOnK8s_2018-08-15-143802.log
INFO: 2018-08-15 14:38:05,016:DartDBConnect.py:127: Running the sql:
INFO: 2018-08-15 14:38:05,016:DartDBConnect.py:128: SELECT retry_logs from darttest WHERE id=1511138;
INFO: 2018-08-15 14:38:05,018:DartDBConnect.py:132: Select Return Value ========
INFO: 2018-08-15 14:38:05,018:DartDBConnect.py:133: [(None,)]
INFO: 2018-08-15 14:38:05,018:DartRunner.py:2629: Select Success: (None,) test AsterInstallOnK8s
INFO: 2018-08-15 14:38:05,018:DartRunner.py:2630: [(None,)]
INFO: 2018-08-15 14:38:05,019:DartRunner.py:2332: RETRY LOG STRING =====
INFO: 2018-08-15 14:38:05,019:DartRunner.py:2333: None
INFO: 2018-08-15 14:38:05,030:DartRunner.py:2587: Updated Status: On test AsterInstallOnK8s
INFO: 2018-08-15 14:38:05,030:DartRunner.py:2588: {'status': 'FAIL', 'execution_time': '00:00:02', 'log_location': u'/root/DartLogs/dart-main-sls12-03_AsterInstallOnK8s_2018-08-15-143802.log', 'end_time': '2018-08-15 14:38:04', 'retry_logs': u'/root/DartLogs/dart-main-sls12-03_AsterInstallOnK8s_2018-08-15-143802.log'}
INFO: 2018-08-15 14:38:05,030:DartRunner.py:2727: Attempting to get the Kernel and os information from the Cluster
INFO: 2018-08-15 14:38:05,072:DartRunner.py:2647: Successfully uploaded the Dart Test Log: dart-main-sls12-03_AsterInstallOnK8s_2018-08-15-143802.log
INFO: 2018-08-15 14:38:05,080:DartDBConnect.py:127: Running the sql:
INFO: 2018-08-15 14:38:05,080:DartDBConnect.py:128: SELECT retry_logs from darttest WHERE id=1511140;
INFO: 2018-08-15 14:38:05,082:DartDBConnect.py:132: Select Return Value ========
INFO: 2018-08-15 14:38:05,082:DartDBConnect.py:133: [(None,)]
INFO: 2018-08-15 14:38:05,082:DartRunner.py:2629: Select Success: (None,) test AsterInstallOnK8s
INFO: 2018-08-15 14:38:05,082:DartRunner.py:2630: [(None,)]
INFO: 2018-08-15 14:38:05,083:DartRunner.py:2332: RETRY LOG STRING =====
INFO: 2018-08-15 14:38:05,083:DartRunner.py:2333: None
INFO: 2018-08-15 14:38:05,094:DartRunner.py:2587: Updated Status: On test AsterInstallOnK8s
INFO: 2018-08-15 14:38:05,094:DartRunner.py:2588: {'status': 'FAIL', 'execution_time': '00:00:02', 'log_location': u'/root/DartLogs/dart-main-sls12-03_AsterInstallOnK8s_2018-08-15-143802.log', 'end_time': '2018-08-15 14:38:04', 'retry_logs': u'/root/DartLogs/dart-main-sls12-03_AsterInstallOnK8s_2018-08-15-143802.log'}
INFO: 2018-08-15 14:38:05,095:DartRunner.py:2727: Attempting to get the Kernel and os information from the Cluster
INFO: 2018-08-15 14:38:06,269:DartRunner.py:2587: Updated Status: On test AsterInstallOnK8s
INFO: 2018-08-15 14:38:06,269:DartRunner.py:2588: {'kernel_version': '4.4.121-92.80-default', 'os_version': '', 'revision': '08.00.00.01-806f9cc5'}
INFO: 2018-08-15 14:38:06,359:DartRunner.py:2587: Updated Status: On test AsterInstallOnK8s
INFO: 2018-08-15 14:38:06,360:DartRunner.py:2588: {'kernel_version': '4.4.121-92.80-default', 'os_version': '', 'revision': '08.00.00.01-806f9cc5'}
INFO: 2018-08-15 14:38:06,476:DartRunner.py:2587: Updated Status: On test AsterInstallOnK8s
INFO: 2018-08-15 14:38:06,477:DartRunner.py:2588: {'kernel_version': '4.4.121-92.80-default', 'os_version': '', 'revision': '08.00.00.01-806f9cc5'}
INFO: 2018-08-15 14:38:09,218:DartRunner.py:754: Looping the Main Loop: 2
INFO: 2018-08-15 14:38:09,219:DartRunner.py:988: Return Value:
INFO: 2018-08-15 14:38:09,219:DartRunner.py:2958:         InstallAsterInstallOnK8s     False         2 2018-08-15 14:38:02 2018-08-15 14:38:04
INFO: 2018-08-15 14:38:09,219:DartRunner.py:1647: -------------------------------------------------------------------------------------------------
INFO: 2018-08-15 14:38:09,219:DartRunner.py:1648: returnValue = {'test': {u'dockerRepoPassword': u'APB4dyNjaZ5Dr6gRKDoy8vGDcQt', u'TIMEOUT': 7200, 'id': 1511138, u'dockerRepoHost': u'sdartifact.td.teradata.com', u'PRIORITY': u'1', u'LOCATION': u'devops_installer/docker/AsterInstallOnK8s', u'PARTITIONS_PER_WORKERPOD': 2, u'deleteDockerImages': u'True', 'testSet': 'Install', u'dockerRepoUser': u'da230151', u'WORKERPOD_COUNT': 2, 'testId': 1, u'localRegistry': u'False', u'CATEGORY': u'positive', u'dockerRepoPath': u'asterdata/beehive/drops/ci/08.00.00.01-806f9cc5', u'NAME': u'AsterInstallOnK8s', 'timeScale': 1, u'dockerRepoEmail': u'da230151@teradata.com', u'COMPONENT': u'devops_installer/docker', u'dockerRepoTag': u'08.00.00.01-806f9cc5', 'runId': u'180815-93', u'OWNER': u'naveen.williams'}, 'clusterName': 'dart-main-sls12-03', 'totalTime': 7, 'testName': u'AsterInstallOnK8s', 'testResults': OrderedDict([('Install', [[u'AsterInstallOnK8s', 2, False, '2018-08-15 14:38:02', '2018-08-15 14:38:04', u'/root/Dart/log/devops_installer/docker/dart-main-sls12-03_AsterInstallOnK8s_2018-08-15-143802.log', u'dart-main-sls12-03_AsterInstallOnK8s_2018-08-15-143802.log']])])}
INFO: 2018-08-15 14:38:09,220:DartRunner.py:1649: -------------------------------------------------------------------------------------------------
INFO: 2018-08-15 14:38:09,220:DartRunner.py:994: Thread Count Went Down 0 
INFO: 2018-08-15 14:38:09,220:DartRunner.py:1001: The TestName: AsterInstallOnK8s has been released from the Job Queue
INFO: 2018-08-15 14:38:09,220:DartRunner.py:1007: {'TIMEOUT': 7200, 'THREAD': <Process(Process-1, stopped)>, 'CLUSTER': 'dart-main-sls12-03', 'STARTTIME': 1534369076, 'TEST': {u'deleteDockerImages': u'True', 'testSet': 'Install', u'dockerRepoUser': u'da230151', u'dockerRepoPassword': u'APB4dyNjaZ5Dr6gRKDoy8vGDcQt', u'WORKERPOD_COUNT': 2, 'testId': 1, u'TIMEOUT': 7200, u'localRegistry': u'False', 'id': 1511138, u'CATEGORY': u'positive', u'dockerRepoPath': u'asterdata/beehive/drops/ci/08.00.00.01-806f9cc5', u'NAME': u'AsterInstallOnK8s', 'timeScale': 1, u'dockerRepoEmail': u'da230151@teradata.com', u'dockerRepoHost': u'sdartifact.td.teradata.com', u'COMPONENT': u'devops_installer/docker', u'dockerRepoTag': u'08.00.00.01-806f9cc5', u'PRIORITY': u'1', u'LOCATION': u'devops_installer/docker/AsterInstallOnK8s', u'OWNER': u'naveen.williams', u'PARTITIONS_PER_WORKERPOD': 2, 'runId': u'180815-93'}, 'ENDTIME': 1534369089}
INFO: 2018-08-15 14:38:09,220:DartRunner.py:1015: The test AsterInstallOnK8s returned back with the following result: False
INFO: 2018-08-15 14:38:09,221:DartRunner.py:1130: Tests may be currently running..Sleeping for 10 seconds before checking the Queue!
INFO: 2018-08-15 14:38:09,221:DartRunner.py:1131: {'dart-main-sls12-03': 'stale'}
INFO: 2018-08-15 14:38:09,237:DartRunner.py:754: Looping the Main Loop: 2
INFO: 2018-08-15 14:38:09,237:DartRunner.py:754: Looping the Main Loop: 2
INFO: 2018-08-15 14:38:09,237:DartRunner.py:988: Return Value:
INFO: 2018-08-15 14:38:09,237:DartRunner.py:988: Return Value:
INFO: 2018-08-15 14:38:09,237:DartRunner.py:2958:         InstallAsterInstallOnK8s     False         2 2018-08-15 14:38:02 2018-08-15 14:38:04
INFO: 2018-08-15 14:38:09,238:DartRunner.py:2958:         InstallAsterInstallOnK8s     False         2 2018-08-15 14:38:02 2018-08-15 14:38:04
INFO: 2018-08-15 14:38:09,238:DartRunner.py:1647: -------------------------------------------------------------------------------------------------
INFO: 2018-08-15 14:38:09,238:DartRunner.py:1647: -------------------------------------------------------------------------------------------------
INFO: 2018-08-15 14:38:09,238:DartRunner.py:1648: returnValue = {'test': {u'dockerRepoPassword': u'APB4dyNjaZ5Dr6gRKDoy8vGDcQt', u'TIMEOUT': 7200, 'id': 1511139, u'dockerRepoHost': u'sdartifact.td.teradata.com', u'PRIORITY': u'1', u'LOCATION': u'devops_installer/docker/AsterInstallOnK8s', u'PARTITIONS_PER_WORKERPOD': 2, u'deleteDockerImages': u'True', 'testSet': 'Install', u'dockerRepoUser': u'da230151', u'WORKERPOD_COUNT': 2, 'testId': 1, u'localRegistry': u'False', u'CATEGORY': u'positive', u'dockerRepoPath': u'asterdata/beehive/drops/ci/08.00.00.01-806f9cc5', u'NAME': u'AsterInstallOnK8s', 'timeScale': 1, u'dockerRepoEmail': u'da230151@teradata.com', u'COMPONENT': u'devops_installer/docker', u'dockerRepoTag': u'08.00.00.01-806f9cc5', 'runId': u'180815-94', u'OWNER': u'naveen.williams'}, 'clusterName': 'dart-main-sls12-03', 'totalTime': 7, 'testName': u'AsterInstallOnK8s', 'testResults': OrderedDict([('Install', [[u'AsterInstallOnK8s', 2, False, '2018-08-15 14:38:02', '2018-08-15 14:38:04', u'/root/Dart/log/devops_installer/docker/dart-main-sls12-03_AsterInstallOnK8s_2018-08-15-143802.log', u'dart-main-sls12-03_AsterInstallOnK8s_2018-08-15-143802.log']])])}
INFO: 2018-08-15 14:38:09,238:DartRunner.py:1648: returnValue = {'test': {u'dockerRepoPassword': u'APB4dyNjaZ5Dr6gRKDoy8vGDcQt', u'TIMEOUT': 7200, 'id': 1511140, u'dockerRepoHost': u'sdartifact.td.teradata.com', u'PRIORITY': u'1', u'LOCATION': u'devops_installer/docker/AsterInstallOnK8s', u'PARTITIONS_PER_WORKERPOD': 2, u'deleteDockerImages': u'True', 'testSet': 'Install', u'dockerRepoUser': u'da230151', u'WORKERPOD_COUNT': 2, 'testId': 1, u'localRegistry': u'False', u'CATEGORY': u'positive', u'dockerRepoPath': u'asterdata/beehive/drops/ci/08.00.00.01-806f9cc5', u'NAME': u'AsterInstallOnK8s', 'timeScale': 1, u'dockerRepoEmail': u'da230151@teradata.com', u'COMPONENT': u'devops_installer/docker', u'dockerRepoTag': u'08.00.00.01-806f9cc5', 'runId': u'180815-95', u'OWNER': u'naveen.williams'}, 'clusterName': 'dart-main-sls12-03', 'totalTime': 8, 'testName': u'AsterInstallOnK8s', 'testResults': OrderedDict([('Install', [[u'AsterInstallOnK8s', 2, False, '2018-08-15 14:38:02', '2018-08-15 14:38:04', u'/root/Dart/log/devops_installer/docker/dart-main-sls12-03_AsterInstallOnK8s_2018-08-15-143802.log', u'dart-main-sls12-03_AsterInstallOnK8s_2018-08-15-143802.log']])])}
INFO: 2018-08-15 14:38:09,239:DartRunner.py:1649: -------------------------------------------------------------------------------------------------
INFO: 2018-08-15 14:38:09,239:DartRunner.py:1649: -------------------------------------------------------------------------------------------------
INFO: 2018-08-15 14:38:09,239:DartRunner.py:994: Thread Count Went Down 0 
INFO: 2018-08-15 14:38:09,239:DartRunner.py:994: Thread Count Went Down 0 
INFO: 2018-08-15 14:38:09,239:DartRunner.py:1001: The TestName: AsterInstallOnK8s has been released from the Job Queue
INFO: 2018-08-15 14:38:09,239:DartRunner.py:1001: The TestName: AsterInstallOnK8s has been released from the Job Queue
INFO: 2018-08-15 14:38:09,239:DartRunner.py:1007: {'TIMEOUT': 7200, 'THREAD': <Process(Process-1, stopped)>, 'CLUSTER': 'dart-main-sls12-03', 'STARTTIME': 1534369076, 'TEST': {u'deleteDockerImages': u'True', 'testSet': 'Install', u'dockerRepoUser': u'da230151', u'dockerRepoPassword': u'APB4dyNjaZ5Dr6gRKDoy8vGDcQt', u'WORKERPOD_COUNT': 2, 'testId': 1, u'TIMEOUT': 7200, u'localRegistry': u'False', 'id': 1511139, u'CATEGORY': u'positive', u'dockerRepoPath': u'asterdata/beehive/drops/ci/08.00.00.01-806f9cc5', u'NAME': u'AsterInstallOnK8s', 'timeScale': 1, u'dockerRepoEmail': u'da230151@teradata.com', u'dockerRepoHost': u'sdartifact.td.teradata.com', u'COMPONENT': u'devops_installer/docker', u'dockerRepoTag': u'08.00.00.01-806f9cc5', u'PRIORITY': u'1', u'LOCATION': u'devops_installer/docker/AsterInstallOnK8s', u'OWNER': u'naveen.williams', u'PARTITIONS_PER_WORKERPOD': 2, 'runId': u'180815-94'}, 'ENDTIME': 1534369089}
INFO: 2018-08-15 14:38:09,240:DartRunner.py:1007: {'TIMEOUT': 7200, 'THREAD': <Process(Process-1, stopped)>, 'CLUSTER': 'dart-main-sls12-03', 'STARTTIME': 1534369076, 'TEST': {u'deleteDockerImages': u'True', 'testSet': 'Install', u'dockerRepoUser': u'da230151', u'dockerRepoPassword': u'APB4dyNjaZ5Dr6gRKDoy8vGDcQt', u'WORKERPOD_COUNT': 2, 'testId': 1, u'TIMEOUT': 7200, u'localRegistry': u'False', 'id': 1511140, u'CATEGORY': u'positive', u'dockerRepoPath': u'asterdata/beehive/drops/ci/08.00.00.01-806f9cc5', u'NAME': u'AsterInstallOnK8s', 'timeScale': 1, u'dockerRepoEmail': u'da230151@teradata.com', u'dockerRepoHost': u'sdartifact.td.teradata.com', u'COMPONENT': u'devops_installer/docker', u'dockerRepoTag': u'08.00.00.01-806f9cc5', u'PRIORITY': u'1', u'LOCATION': u'devops_installer/docker/AsterInstallOnK8s', u'OWNER': u'naveen.williams', u'PARTITIONS_PER_WORKERPOD': 2, 'runId': u'180815-95'}, 'ENDTIME': 1534369089}
INFO: 2018-08-15 14:38:09,240:DartRunner.py:1015: The test AsterInstallOnK8s returned back with the following result: False
INFO: 2018-08-15 14:38:09,240:DartRunner.py:1015: The test AsterInstallOnK8s returned back with the following result: False
INFO: 2018-08-15 14:38:09,240:DartRunner.py:1130: Tests may be currently running..Sleeping for 10 seconds before checking the Queue!
INFO: 2018-08-15 14:38:09,240:DartRunner.py:1130: Tests may be currently running..Sleeping for 10 seconds before checking the Queue!
INFO: 2018-08-15 14:38:09,241:DartRunner.py:1131: {'dart-main-sls12-03': 'stale'}
INFO: 2018-08-15 14:38:09,241:DartRunner.py:1131: {'dart-main-sls12-03': 'stale'}
INFO: 2018-08-15 14:38:19,230:DartRunner.py:1134: Done with initiating all the tests!
INFO: 2018-08-15 14:38:19,230:DartRunner.py:1207: All the tests have been executed!
INFO: 2018-08-15 14:38:19,250:DartRunner.py:1134: Done with initiating all the tests!
INFO: 2018-08-15 14:38:19,250:DartRunner.py:1134: Done with initiating all the tests!
INFO: 2018-08-15 14:38:19,250:DartRunner.py:1207: All the tests have been executed!
INFO: 2018-08-15 14:38:19,250:DartRunner.py:1207: All the tests have been executed!
INFO: 2018-08-15 14:38:19,323:DartRunner.py:1309: {'dart-main-sls12-03': 'stale'}
INFO: 2018-08-15 14:38:19,335:DartRunner.py:1309: {'dart-main-sls12-03': 'stale'}
INFO: 2018-08-15 14:38:19,349:DartRunner.py:1309: {'dart-main-sls12-03': 'stale'}
INFO: 2018-08-15 14:38:19,959:DartRunner.py:2962: DartRunner Final Results!
INFO: 2018-08-15 14:38:19,959:DartRunner.py:2963:         TESTSET       TESTNAME    STATUS TOTALTIME           STARTTIME             ENDTIME
INFO: 2018-08-15 14:38:19,959:DartRunner.py:2958:         InstallAsterInstallOnK8s     False         2 2018-08-15 14:38:02 2018-08-15 14:38:04
INFO: 2018-08-15 14:38:19,960:DartRunner.py:2968: Dart DashBoard URL: http://dartdashboard.labs.teradata.com/report?run_id=180815-94
INFO: 2018-08-15 14:38:19,960:DartRunner.py:1347: Dart DashBoard URL: http://dartdashboard.labs.teradata.com/report?run_id=180815-94
INFO: 2018-08-15 14:38:19,969:DartRunner.py:2962: DartRunner Final Results!
INFO: 2018-08-15 14:38:19,969:DartRunner.py:2963:         TESTSET       TESTNAME    STATUS TOTALTIME           STARTTIME             ENDTIME
INFO: 2018-08-15 14:38:19,969:DartRunner.py:2958:         InstallAsterInstallOnK8s     False         2 2018-08-15 14:38:02 2018-08-15 14:38:04
INFO: 2018-08-15 14:38:19,970:DartRunner.py:2968: Dart DashBoard URL: http://dartdashboard.labs.teradata.com/report?run_id=180815-93
INFO: 2018-08-15 14:38:19,970:DartRunner.py:1347: Dart DashBoard URL: http://dartdashboard.labs.teradata.com/report?run_id=180815-93
INFO: 2018-08-15 14:38:19,972:DartRunner.py:2962: DartRunner Final Results!
INFO: 2018-08-15 14:38:19,972:DartRunner.py:2963:         TESTSET       TESTNAME    STATUS TOTALTIME           STARTTIME             ENDTIME
INFO: 2018-08-15 14:38:19,972:DartRunner.py:2958:         InstallAsterInstallOnK8s     False         2 2018-08-15 14:38:02 2018-08-15 14:38:04
INFO: 2018-08-15 14:38:19,972:DartRunner.py:2968: Dart DashBoard URL: http://dartdashboard.labs.teradata.com/report?run_id=180815-95
INFO: 2018-08-15 14:38:19,972:DartRunner.py:1347: Dart DashBoard URL: http://dartdashboard.labs.teradata.com/report?run_id=180815-95
