INFO: 2018-08-21 09:25:10,694:Dart.py:120: Logfile is /root/Dart/log/Dart-AsterInstallOnK8s-180821-31-092510.log
INFO: 2018-08-21 09:25:11,238:Dart.py:390: NAME      READY     STATUS    RESTARTS   AGE
consul    1/1       Running   0          4d

INFO: 2018-08-21 09:25:11,238:Dart.py:418: consul
INFO: 2018-08-21 09:25:11,238:Dart.py:460: []
INFO: 2018-08-21 09:25:11,239:Dart.py:461: []
INFO: 2018-08-21 09:25:11,239:Dart.py:299: Test Set: Install 
INFO: 2018-08-21 09:25:11,239:Dart.py:313: Running Testset: Install
INFO: 2018-08-21 09:25:11,239:Dart.py:319:         Running Test: AsterInstallOnK8s on Cluster dartexe
INFO: 2018-08-21 09:25:11,239:Dart.py:322: [u'AsterInstallOnK8s', {'testSet': 'Install', u'WORKERPOD_COUNT': 2, 'testId': 1, u'TIMEOUT': 3600, u'localRegistry': u'True', 'id': 1526654, u'imageLocalLoc': u'/home/sl186070/docker/docker-images', u'CATEGORY': u'positive', u'NAME': u'AsterInstallOnK8s', 'timeScale': 1, u'COMPONENT': u'devops_installer/docker', u'PRIORITY': u'1', u'LOCATION': u'devops_installer/docker/AsterInstallOnK8s', u'OWNER': u'divya.sivanandan', u'PARTITIONS_PER_WORKERPOD': 1, 'runId': u'180821-31'}, 0]
INFO: 2018-08-21 09:25:11,435:Dart.py:752: --------------------------------------------------
INFO: 2018-08-21 09:25:11,436:TestBase.py:42:           Using the following Test Parameters:
INFO: 2018-08-21 09:25:11,436:TestBase.py:43: --------------------------------------------------
INFO: 2018-08-21 09:25:11,436:TestBase.py:45:           testSet : Install 
INFO: 2018-08-21 09:25:11,436:TestBase.py:45:           filePath : devops_installer/docker 
INFO: 2018-08-21 09:25:11,436:TestBase.py:45:           logPath : /root/Dart 
INFO: 2018-08-21 09:25:11,437:TestBase.py:45:           WORKERPOD_COUNT : 2 
INFO: 2018-08-21 09:25:11,437:TestBase.py:45:           testId : 1 
INFO: 2018-08-21 09:25:11,437:TestBase.py:45:           TIMEOUT : 3600 
INFO: 2018-08-21 09:25:11,437:TestBase.py:45:           localRegistry : True 
INFO: 2018-08-21 09:25:11,437:TestBase.py:45:           id : 1526654 
INFO: 2018-08-21 09:25:11,437:TestBase.py:45:           imageLocalLoc : /home/sl186070/docker/docker-images 
INFO: 2018-08-21 09:25:11,438:TestBase.py:45:           CATEGORY : positive 
INFO: 2018-08-21 09:25:11,438:TestBase.py:45:           NAME : AsterInstallOnK8s 
INFO: 2018-08-21 09:25:11,438:TestBase.py:45:           timeScale : 1 
INFO: 2018-08-21 09:25:11,438:TestBase.py:45:           COMPONENT : devops_installer/docker 
INFO: 2018-08-21 09:25:11,438:TestBase.py:45:           PRIORITY : 1 
INFO: 2018-08-21 09:25:11,438:TestBase.py:45:           logTimestamp : 2018-08-21-092511 
INFO: 2018-08-21 09:25:11,439:TestBase.py:45:           LOCATION : devops_installer/docker/AsterInstallOnK8s 
INFO: 2018-08-21 09:25:11,439:TestBase.py:45:           OWNER : divya.sivanandan 
INFO: 2018-08-21 09:25:11,439:TestBase.py:45:           PARTITIONS_PER_WORKERPOD : 1 
INFO: 2018-08-21 09:25:11,439:TestBase.py:45:           runId : 180821-31 
INFO: 2018-08-21 09:25:11,439:TestBase.py:46: --------------------------------------------------
INFO: 2018-08-21 09:25:11,452:Kubernetes.py:82: Executing command [10.25.80.32]: kubectl get pods --namespace=cloud-aster
INFO: 2018-08-21 09:25:11,931:TestBase.py:170: NAME      READY     STATUS    RESTARTS   AGE
consul    1/1       Running   0          4d

INFO: 2018-08-21 09:25:11,931:Kubernetes.py:82: Executing command [10.25.80.32]: kubectl get svc queenexec-service -o json jsonpath={.spec.Ports} -n cloud-aster
ERROR: 2018-08-21 09:25:12,322:Dart.py:772: unsupported operand type(s) for +: 'NoneType' and 'str'
ERROR: 2018-08-21 09:25:12,323:Dart.py:773: The test raised an Unexpected Exception!
ERROR: 2018-08-21 09:25:12,323:Dart.py:774: (<type 'exceptions.TypeError'>, TypeError("unsupported operand type(s) for +: 'NoneType' and 'str'",), <traceback object at 0x7faf1c15e200>)
ERROR: 2018-08-21 09:25:12,349:Dart.py:775: Traceback (most recent call last):
  File "/root/Dart/Dart.py", line 756, in runTest
    testInstance = test(self.cfgJson, testParam)
  File "/root/Dart/testsrc/devops_installer/docker/AsterInstallOnK8s.py", line 46, in __init__
    KubernetesTestBase.__init__(self, cfgJson, testParams)
  File "/root/Dart/testsrc/devops_installer/docker/KubernetesTestBase.py", line 25, in __init__
    self.ansibleSetupDir = self.buildLoc + "/asterK8sInstaller/kubernetes/multinode/vrealize/ansible-remote"
TypeError: unsupported operand type(s) for +: 'NoneType' and 'str'

INFO: 2018-08-21 09:25:12,349:Dart.py:781: The test AsterInstallOnK8s has FAILED
ERROR: 2018-08-21 09:25:12,349:Dart.py:325: unsupported operand type(s) for +: 'NoneType' and 'str'
ERROR: 2018-08-21 09:25:12,350:Dart.py:327: (<type 'exceptions.TypeError'>, TypeError("unsupported operand type(s) for +: 'NoneType' and 'str'",), <traceback object at 0x7faf1c1842d8>)
ERROR: 2018-08-21 09:25:12,350:Dart.py:328: Traceback (most recent call last):
  File "/root/Dart/Dart.py", line 323, in __init__
    self.runTest(testset, test[0], test[1], test[2])
  File "/root/Dart/Dart.py", line 756, in runTest
    testInstance = test(self.cfgJson, testParam)
  File "/root/Dart/testsrc/devops_installer/docker/AsterInstallOnK8s.py", line 46, in __init__
    KubernetesTestBase.__init__(self, cfgJson, testParams)
  File "/root/Dart/testsrc/devops_installer/docker/KubernetesTestBase.py", line 25, in __init__
    self.ansibleSetupDir = self.buildLoc + "/asterK8sInstaller/kubernetes/multinode/vrealize/ansible-remote"
TypeError: unsupported operand type(s) for +: 'NoneType' and 'str'

INFO: 2018-08-21 09:25:12,350:Dart.py:329: Continuing with the remaining tests!
INFO: 2018-08-21 09:25:12,350:Dart.py:334: Test Set : Install Total Execution Time: 1 
