INFO: 2018-08-15 13:57:30,550:Dart.py:120: Logfile is /root/Dart/log/Dart-NullTest-180815-74-135730.log
INFO: 2018-08-15 13:57:31,000:Dart.py:390: No resources found.

INFO: 2018-08-15 13:57:31,000:Dart.py:418: No
INFO: 2018-08-15 13:57:31,001:Dart.py:424: kubectl get -o template po No --namespace=cloud-aster --template={{.spec.nodeName}}
INFO: 2018-08-15 13:57:31,447:Dart.py:390: Error from server (NotFound): namespaces "cloud-aster" not found

INFO: 2018-08-15 13:57:31,448:Dart.py:426: Error from server (NotFound): namespaces "cloud-aster" not found

INFO: 2018-08-15 13:57:31,448:Dart.py:429: Error from server (NotFound): namespaces "cloud-aster" not found
INFO: 2018-08-15 13:57:31,448:Dart.py:453: Error from server (NotFound): namespaces "cloud-aster" not found.labs.teradata.com
INFO: 2018-08-15 13:57:31,448:Dart.py:460: []
INFO: 2018-08-15 13:57:31,448:Dart.py:461: [u'Error from server (NotFound): namespaces "cloud-aster" not found.labs.teradata.com']
INFO: 2018-08-15 13:57:31,448:Dart.py:299: Test Set: SqlTests 
INFO: 2018-08-15 13:57:31,449:Dart.py:313: Running Testset: SqlTests
INFO: 2018-08-15 13:57:31,449:Dart.py:319:         Running Test: NullTest on Cluster dartexe
INFO: 2018-08-15 13:57:31,449:Dart.py:322: [u'NullTest', {u'OWNER': u'divya.sivanandan', 'testSet': u'SqlTests', 'testPlan': None, 'tester': 'root', 'projectName': 'MLEngine', 'buildNumber': '', 'buildName': 'beehive-ci-pipeline-main', u'USER': u'beehive', u'TIMEOUT': 800, u'PASSWORD': u'beehive', 'id': 1511123, u'CATEGORY': u'positive', u'EXPECTEDOUT': u'testsrc/queen/sql/test_sql/expectedQueryResults/null.out', u'NAME': u'NullTest', 'timeScale': 1, u'DATABASE': u'beehive', 'reTryCnt': 0, u'COMPONENT': u'queen/sql/test_sql', u'PRIORITY': u'2', 'runId': u'180815-74', u'TEMPLATE': u'True', u'ACTPARAMS': u'-a', 'release': 'GGR3', u'QUERY': u'testsrc/queen/sql/test_sql/input/null.sql', 'branchName': '', u'TYPE': u'SQL', 'testId': 1}, 0]
INFO: 2018-08-15 13:57:31,454:Dart.py:752: --------------------------------------------------
INFO: 2018-08-15 13:57:31,454:TestBase.py:42:           Using the following Test Parameters:
INFO: 2018-08-15 13:57:31,454:TestBase.py:43: --------------------------------------------------
INFO: 2018-08-15 13:57:31,455:TestBase.py:45:           OWNER : divya.sivanandan 
INFO: 2018-08-15 13:57:31,455:TestBase.py:45:           testSet : SqlTests 
INFO: 2018-08-15 13:57:31,455:TestBase.py:45:           testPlan : None 
INFO: 2018-08-15 13:57:31,455:TestBase.py:45:           tester : root 
INFO: 2018-08-15 13:57:31,455:TestBase.py:45:           projectName : MLEngine 
INFO: 2018-08-15 13:57:31,456:TestBase.py:45:           logPath : /root/Dart 
INFO: 2018-08-15 13:57:31,456:TestBase.py:45:           buildNumber :  
INFO: 2018-08-15 13:57:31,456:TestBase.py:45:           buildName : beehive-ci-pipeline-main 
INFO: 2018-08-15 13:57:31,456:TestBase.py:45:           USER : beehive 
INFO: 2018-08-15 13:57:31,456:TestBase.py:45:           TIMEOUT : 800 
INFO: 2018-08-15 13:57:31,456:TestBase.py:45:           filePath : queen/sql/test_sql 
INFO: 2018-08-15 13:57:31,457:TestBase.py:45:           PASSWORD : beehive 
INFO: 2018-08-15 13:57:31,457:TestBase.py:45:           id : 1511123 
INFO: 2018-08-15 13:57:31,457:TestBase.py:45:           CATEGORY : positive 
INFO: 2018-08-15 13:57:31,457:TestBase.py:45:           EXPECTEDOUT : testsrc/queen/sql/test_sql/expectedQueryResults/null.out 
INFO: 2018-08-15 13:57:31,457:TestBase.py:45:           NAME : NullTest 
INFO: 2018-08-15 13:57:31,458:TestBase.py:45:           timeScale : 1 
INFO: 2018-08-15 13:57:31,458:TestBase.py:45:           DATABASE : beehive 
INFO: 2018-08-15 13:57:31,458:TestBase.py:45:           reTryCnt : 0 
INFO: 2018-08-15 13:57:31,458:TestBase.py:45:           COMPONENT : queen/sql/test_sql 
INFO: 2018-08-15 13:57:31,458:TestBase.py:45:           PRIORITY : 2 
INFO: 2018-08-15 13:57:31,459:TestBase.py:45:           logTimestamp : 2018-08-15-135731 
INFO: 2018-08-15 13:57:31,459:TestBase.py:45:           runId : 180815-74 
INFO: 2018-08-15 13:57:31,459:TestBase.py:45:           TEMPLATE : True 
INFO: 2018-08-15 13:57:31,459:TestBase.py:45:           ACTPARAMS : -a 
INFO: 2018-08-15 13:57:31,459:TestBase.py:45:           release : GGR3 
INFO: 2018-08-15 13:57:31,460:TestBase.py:45:           QUERY : testsrc/queen/sql/test_sql/input/null.sql 
INFO: 2018-08-15 13:57:31,460:TestBase.py:45:           branchName :  
INFO: 2018-08-15 13:57:31,460:TestBase.py:45:           TYPE : SQL 
INFO: 2018-08-15 13:57:31,460:TestBase.py:45:           testId : 1 
INFO: 2018-08-15 13:57:31,460:TestBase.py:46: --------------------------------------------------
INFO: 2018-08-15 13:57:31,475:Kubernetes.py:82: Executing command [10.25.80.32]: kubectl get pods --namespace=cloud-aster
INFO: 2018-08-15 13:57:31,902:TestBase.py:170: 
INFO: 2018-08-15 13:57:31,903:TestBase.py:172: No Aster cluster installed on this vms. Returns default values
ERROR: 2018-08-15 13:57:31,903:Dart.py:772: list index out of range
ERROR: 2018-08-15 13:57:31,903:Dart.py:773: The test raised an Unexpected Exception!
ERROR: 2018-08-15 13:57:31,903:Dart.py:774: (<type 'exceptions.IndexError'>, IndexError('list index out of range',), <traceback object at 0x7fdef9cc4830>)
ERROR: 2018-08-15 13:57:31,904:Dart.py:775: Traceback (most recent call last):
  File "/root/Dart/Dart.py", line 758, in runTest
    result = testInstance.run()
  File "/root/Dart/lib/SqlRun.py", line 61, in run
    actParams, diffParams)
  File "/root/Dart/lib/TestBase.py", line 545, in excSqlFileAndCompareOutput
    queenNode = self.queenNames[0]
IndexError: list index out of range

INFO: 2018-08-15 13:57:31,905:Dart.py:781: The test NullTest has FAILED
ERROR: 2018-08-15 13:57:31,905:Dart.py:325: list index out of range
ERROR: 2018-08-15 13:57:31,906:Dart.py:327: (<type 'exceptions.IndexError'>, IndexError('list index out of range',), <traceback object at 0x7fdef9483830>)
ERROR: 2018-08-15 13:57:31,906:Dart.py:328: Traceback (most recent call last):
  File "/root/Dart/Dart.py", line 323, in __init__
    self.runTest(testset, test[0], test[1], test[2])
  File "/root/Dart/Dart.py", line 758, in runTest
    result = testInstance.run()
  File "/root/Dart/lib/SqlRun.py", line 61, in run
    actParams, diffParams)
  File "/root/Dart/lib/TestBase.py", line 545, in excSqlFileAndCompareOutput
    queenNode = self.queenNames[0]
IndexError: list index out of range

INFO: 2018-08-15 13:57:31,906:Dart.py:329: Continuing with the remaining tests!
INFO: 2018-08-15 13:57:31,906:Dart.py:334: Test Set : SqlTests Total Execution Time: 0 
