INFO: 2018-08-17 14:42:58,622:Dart.py:120: Logfile is /root/Dart/log/Dart-NullTest-180817-116-144258.log
INFO: 2018-08-17 14:42:59,148:Dart.py:390: NAME      READY     STATUS    RESTARTS   AGE
consul    1/1       Running   0          20h

INFO: 2018-08-17 14:42:59,149:Dart.py:418: consul
INFO: 2018-08-17 14:42:59,149:Dart.py:460: []
INFO: 2018-08-17 14:42:59,149:Dart.py:461: []
INFO: 2018-08-17 14:42:59,149:Dart.py:299: Test Set: SqlTests 
INFO: 2018-08-17 14:42:59,150:Dart.py:313: Running Testset: SqlTests
INFO: 2018-08-17 14:42:59,150:Dart.py:319:         Running Test: NullTest on Cluster dartexe
INFO: 2018-08-17 14:42:59,150:Dart.py:322: [u'NullTest', {u'OWNER': u'divya.sivanandan', 'testSet': u'SqlTests', 'testPlan': None, 'tester': 'root', 'projectName': 'MLEngine', 'buildNumber': '', 'buildName': 'beehive-ci-pipeline-main', u'USER': u'beehive', u'TIMEOUT': 800, u'PASSWORD': u'beehive', 'id': 1518329, u'CATEGORY': u'positive', u'EXPECTEDOUT': u'testsrc/queen/sql/test_sql/expectedQueryResults/null.out', u'NAME': u'NullTest', 'timeScale': 1, u'DATABASE': u'beehive', 'reTryCnt': 0, u'COMPONENT': u'queen/sql/test_sql', u'PRIORITY': u'2', 'runId': u'180817-116', u'TEMPLATE': u'True', u'ACTPARAMS': u'-a', 'release': 'GGR3', u'QUERY': u'testsrc/queen/sql/test_sql/input/null.sql', 'branchName': '', u'TYPE': u'SQL', 'testId': 1}, 0]
INFO: 2018-08-17 14:42:59,230:Dart.py:752: --------------------------------------------------
INFO: 2018-08-17 14:42:59,230:TestBase.py:42:           Using the following Test Parameters:
INFO: 2018-08-17 14:42:59,230:TestBase.py:43: --------------------------------------------------
INFO: 2018-08-17 14:42:59,231:TestBase.py:45:           OWNER : divya.sivanandan 
INFO: 2018-08-17 14:42:59,231:TestBase.py:45:           testSet : SqlTests 
INFO: 2018-08-17 14:42:59,231:TestBase.py:45:           testPlan : None 
INFO: 2018-08-17 14:42:59,231:TestBase.py:45:           tester : root 
INFO: 2018-08-17 14:42:59,231:TestBase.py:45:           projectName : MLEngine 
INFO: 2018-08-17 14:42:59,231:TestBase.py:45:           logPath : /root/Dart 
INFO: 2018-08-17 14:42:59,232:TestBase.py:45:           buildNumber :  
INFO: 2018-08-17 14:42:59,232:TestBase.py:45:           buildName : beehive-ci-pipeline-main 
INFO: 2018-08-17 14:42:59,232:TestBase.py:45:           USER : beehive 
INFO: 2018-08-17 14:42:59,232:TestBase.py:45:           TIMEOUT : 800 
INFO: 2018-08-17 14:42:59,232:TestBase.py:45:           filePath : queen/sql/test_sql 
INFO: 2018-08-17 14:42:59,232:TestBase.py:45:           PASSWORD : beehive 
INFO: 2018-08-17 14:42:59,232:TestBase.py:45:           id : 1518329 
INFO: 2018-08-17 14:42:59,233:TestBase.py:45:           CATEGORY : positive 
INFO: 2018-08-17 14:42:59,233:TestBase.py:45:           EXPECTEDOUT : testsrc/queen/sql/test_sql/expectedQueryResults/null.out 
INFO: 2018-08-17 14:42:59,233:TestBase.py:45:           NAME : NullTest 
INFO: 2018-08-17 14:42:59,233:TestBase.py:45:           timeScale : 1 
INFO: 2018-08-17 14:42:59,233:TestBase.py:45:           DATABASE : beehive 
INFO: 2018-08-17 14:42:59,233:TestBase.py:45:           reTryCnt : 0 
INFO: 2018-08-17 14:42:59,233:TestBase.py:45:           COMPONENT : queen/sql/test_sql 
INFO: 2018-08-17 14:42:59,234:TestBase.py:45:           PRIORITY : 2 
INFO: 2018-08-17 14:42:59,234:TestBase.py:45:           logTimestamp : 2018-08-17-144259 
INFO: 2018-08-17 14:42:59,234:TestBase.py:45:           runId : 180817-116 
INFO: 2018-08-17 14:42:59,234:TestBase.py:45:           TEMPLATE : True 
INFO: 2018-08-17 14:42:59,234:TestBase.py:45:           ACTPARAMS : -a 
INFO: 2018-08-17 14:42:59,234:TestBase.py:45:           release : GGR3 
INFO: 2018-08-17 14:42:59,235:TestBase.py:45:           QUERY : testsrc/queen/sql/test_sql/input/null.sql 
INFO: 2018-08-17 14:42:59,235:TestBase.py:45:           branchName :  
INFO: 2018-08-17 14:42:59,235:TestBase.py:45:           TYPE : SQL 
INFO: 2018-08-17 14:42:59,235:TestBase.py:45:           testId : 1 
INFO: 2018-08-17 14:42:59,235:TestBase.py:46: --------------------------------------------------
INFO: 2018-08-17 14:42:59,247:Kubernetes.py:82: Executing command [10.25.80.32]: kubectl get pods --namespace=cloud-aster
INFO: 2018-08-17 14:42:59,775:TestBase.py:170: NAME      READY     STATUS    RESTARTS   AGE
consul    1/1       Running   0          20h

INFO: 2018-08-17 14:42:59,776:Kubernetes.py:82: Executing command [10.25.80.32]: kubectl get svc queenexec-service -o json jsonpath={.spec.Ports} -n cloud-aster
ERROR: 2018-08-17 14:43:00,222:Dart.py:772: list index out of range
ERROR: 2018-08-17 14:43:00,222:Dart.py:773: The test raised an Unexpected Exception!
ERROR: 2018-08-17 14:43:00,222:Dart.py:774: (<type 'exceptions.IndexError'>, IndexError('list index out of range',), <traceback object at 0x7fce009e8050>)
ERROR: 2018-08-17 14:43:00,248:Dart.py:775: Traceback (most recent call last):
  File "/root/Dart/Dart.py", line 758, in runTest
    result = testInstance.run()
  File "/root/Dart/lib/SqlRun.py", line 61, in run
    actParams, diffParams)
  File "/root/Dart/lib/TestBase.py", line 545, in excSqlFileAndCompareOutput
    queenNode = self.queenNames[0]
IndexError: list index out of range

INFO: 2018-08-17 14:43:00,249:Dart.py:781: The test NullTest has FAILED
ERROR: 2018-08-17 14:43:00,249:Dart.py:325: list index out of range
ERROR: 2018-08-17 14:43:00,250:Dart.py:327: (<type 'exceptions.IndexError'>, IndexError('list index out of range',), <traceback object at 0x7fce001ac0e0>)
ERROR: 2018-08-17 14:43:00,250:Dart.py:328: Traceback (most recent call last):
  File "/root/Dart/Dart.py", line 323, in __init__
    self.runTest(testset, test[0], test[1], test[2])
  File "/root/Dart/Dart.py", line 758, in runTest
    result = testInstance.run()
  File "/root/Dart/lib/SqlRun.py", line 61, in run
    actParams, diffParams)
  File "/root/Dart/lib/TestBase.py", line 545, in excSqlFileAndCompareOutput
    queenNode = self.queenNames[0]
IndexError: list index out of range

INFO: 2018-08-17 14:43:00,250:Dart.py:329: Continuing with the remaining tests!
INFO: 2018-08-17 14:43:00,251:Dart.py:334: Test Set : SqlTests Total Execution Time: 1 
